#
# A fatal error has been detected by the Java Runtime Environment:
#
#  SIGSEGV (0xb) at pc=0x0000000119cfed45, pid=23722, tid=0x0000000000002b03
#
# JRE version: Java(TM) SE Runtime Environment (8.0_111-b14) (build 1.8.0_111-b14)
# Java VM: Java HotSpot(TM) 64-Bit Server VM (25.111-b14 mixed mode bsd-amd64 compressed oops)
# Problematic frame:
# C  [libswt-cocoa-3557.jnilib+0x25d45]  callback+0x297
#
# Failed to write core dump. Core dumps have been disabled. To enable core dumping, try "ulimit -c unlimited" before starting Java again
#
# If you would like to submit a bug report, please visit:
#   http://bugreport.java.com/bugreport/crash.jsp
#

---------------  T H R E A D  ---------------

Current thread (0x00007fc3b5009000):  VMThread [stack: 0x000070000624c000,0x000070000634c000] [id=11011]

siginfo: si_signo: 11 (SIGSEGV), si_code: 1 (SEGV_MAPERR), si_addr: 0x0000000000000078

Registers:
RAX=0x0000000000000000, RBX=0x00007fc3b4582d60, RCX=0x000070000634b754, RDX=0x0000000000000001
RSP=0x000070000634b780, RBP=0x000070000634b8b0, RSI=0x0000000000000000, RDI=0x0000000000000000
R8 =0x000000000000000e, R9 =0x00007fc3b6e4cdf0, R10=0x00007fc3b4446250, R11=0x00007fc3b52396b0
R12=0x00007fffa502bb40, R13=0x00007fffa502bb40, R14=0x0000000000000000, R15=0x0000000000000000
RIP=0x0000000119cfed45, EFLAGS=0x0000000000010202, ERR=0x0000000000000004
  TRAPNO=0x000000000000000e

Top of Stack: (sp=0x000070000634b780)
0x000070000634b780:   0000000119cfeb37 00007fffae6002f0
0x000070000634b790:   000070000634b7e0 00000000aabf3e68
0x000070000634b7a0:   00007fff8eb1afcc 00007fff8e031d26
0x000070000634b7b0:   0000000000000000 0000000000000000
0x000070000634b7c0:   00007fc3b50091f8 00007fc3b4739618
0x000070000634b7d0:   00007fc3b470d9d0 0000000200013e68
0x000070000634b7e0:   0000000000000000 00007fff00000000
0x000070000634b7f0:   00007fffae6b9c80 ffff803c4b927190
0x000070000634b800:   00007fc3b6f1b720 00007fc3b45590b0
0x000070000634b810:   00007fff8eb207ab 0000000000000000
0x000070000634b820:   000000000000000e 00007fc3b6e4cdf0
0x000070000634b830:   00000000000000f8 00007fff8eb13e75
0x000070000634b840:   000070000634b910 00007fffa502c5d4
0x000070000634b850:   00007fc3b6e4cdf0 000000000000000e
0x000070000634b860:   0000000000000000 0000000000000000
0x000070000634b870:   00007fff8eb1afcc 00007fc3b4582d60
0x000070000634b880:   00007fc3b8254c10 00007fc3b46d8e70
0x000070000634b890:   0000000000000000 0000000000000000
0x000070000634b8a0:   0000000000000000 0000000000000000
0x000070000634b8b0:   000070000634b8d0 0000000119cdd2ba
0x000070000634b8c0:   00007fff8eb207ab 00007fc3b45590b0
0x000070000634b8d0:   000070000634b910 00007fff8e031d9c
0x000070000634b8e0:   0000000048dd6ad6 0000000000000000
0x000070000634b8f0:   000070000634b9a0 0000000000000000
0x000070000634b900:   00000000000000f8 00007fff8eb13e75
0x000070000634b910:   000070000634b970 00007fff8e18e684
0x000070000634b920:   00007fc3b6ff2030 00007fc3b6ff2030
0x000070000634b930:   000070000634b940 0000000000000000
0x000070000634b940:   000070000634b950 00007fc3b4582d60
0x000070000634b950:   00007fff8eb1cbe5 00007fffa502bb40
0x000070000634b960:   00007fff8eb0faf2 0000000000000000
0x000070000634b970:   000070000634b9f0 00007fff8e18e42c 

Instructions: (pc=0x0000000119cfed45)
0x0000000119cfed25:   ff ff 01 00 00 00 48 8b 85 10 ff ff ff 48 85 c0
0x0000000119cfed35:   0f 84 44 03 00 00 48 8b 85 10 ff ff ff 48 8b 00
0x0000000119cfed45:   48 8b 40 78 48 8b bd 10 ff ff ff ff d0 48 85 c0
0x0000000119cfed55:   0f 85 b0 02 00 00 48 8d 3d 46 77 01 00 e8 4b 03 

Register to memory mapping:

RAX=0x0000000000000000 is an unknown value
RBX=0x00007fc3b4582d60 is an unknown value
RCX=0x000070000634b754 is an unknown value
RDX=0x0000000000000001 is an unknown value
RSP=0x000070000634b780 is an unknown value
RBP=0x000070000634b8b0 is an unknown value
RSI=0x0000000000000000 is an unknown value
RDI=0x0000000000000000 is an unknown value
R8 =0x000000000000000e is an unknown value
R9 =0x00007fc3b6e4cdf0 is an unknown value
R10=0x00007fc3b4446250 is an unknown value
R11=0x00007fc3b52396b0 is an unknown value
R12=0x00007fffa502bb40: objc_msgSend+0 in /usr/lib/libobjc.A.dylib at 0x00007fffa5025000
R13=0x00007fffa502bb40: objc_msgSend+0 in /usr/lib/libobjc.A.dylib at 0x00007fffa5025000
R14=0x0000000000000000 is an unknown value
R15=0x0000000000000000 is an unknown value


Stack: [0x000070000624c000,0x000070000634c000],  sp=0x000070000634b780,  free space=1021k
Native frames: (J=compiled Java code, j=interpreted, Vv=VM code, C=native code)
C  [libswt-cocoa-3557.jnilib+0x25d45]  callback+0x297
C  [libswt-cocoa-3557.jnilib+0x42ba]  fn0_2+0x27
C  [AppKit+0x181d9c]  -[NSWindow orderWindow:relativeTo:]+0x76
C  [AppKit+0x2de684]  __18-[NSWindow _close]_block_invoke+0x209
C  [AppKit+0x2de42c]  -[NSWindow _close]+0x16d
C  [FinderKit+0xa87f9]  -[FI_TFloatingInputWindowController dealloc]+0x3b
C  [libobjc.A.dylib+0xedb7]  _ZN11objc_object17sidetable_releaseEb+0x11d
C  [AppKit+0x56df5]  -[NSWindowController release]+0x9b
C  [FinderKit+0xa84e4]  _ZN6TNSRefIP33FI_TFloatingInputWindowControllervED1Ev+0x14
C  [libsystem_c.dylib+0x60178]  __cxa_finalize_ranges+0x14c
C  [libsystem_c.dylib+0x604b2]  exit+0x37
V  [libjvm.dylib+0x2eb6ee]
V  [libjvm.dylib+0x5b7771]
V  [libjvm.dylib+0x5b5ddd]
V  [libjvm.dylib+0x5b622a]
V  [libjvm.dylib+0x5b5b49]
V  [libjvm.dylib+0x489b0a]
C  [libsystem_pthread.dylib+0x3aab]  _pthread_body+0xb4
C  [libsystem_pthread.dylib+0x39f7]  _pthread_body+0x0
C  [libsystem_pthread.dylib+0x31fd]  thread_start+0xd

VM_Operation (0x0000700005e39658): Exit, mode: safepoint, requested by thread 0x00007fc3b519d800


---------------  P R O C E S S  ---------------

Java Threads: ( => current thread )
  0x00007fc3b519d800 JavaThread "SIGTERM handler" daemon [_thread_blocked, id=45203, stack(0x0000700005d3a000,0x0000700005e3a000)]
  0x00007fc3b5b9c000 JavaThread "DestroyJavaVM" [_thread_blocked, id=775, stack(0x00007fff4f638000,0x00007fff4fe38000)]
  0x00007fc3b5184000 JavaThread "Thread-133" [_thread_in_native, id=56583, stack(0x0000700007082000,0x0000700007102000)]
  0x00007fc3b614f800 JavaThread "Timer-0" daemon [_thread_blocked, id=18947, stack(0x0000700006b67000,0x0000700006c67000)]
  0x00007fc3b6055800 JavaThread "Service Thread" daemon [_thread_blocked, id=17923, stack(0x0000700006961000,0x0000700006a61000)]
  0x00007fc3b5821800 JavaThread "C1 CompilerThread2" daemon [_thread_blocked, id=17411, stack(0x000070000685e000,0x000070000695e000)]
  0x00007fc3b5820800 JavaThread "C2 CompilerThread1" daemon [_thread_blocked, id=16899, stack(0x000070000675b000,0x000070000685b000)]
  0x00007fc3b501f000 JavaThread "C2 CompilerThread0" daemon [_thread_blocked, id=16387, stack(0x0000700006658000,0x0000700006758000)]
  0x00007fc3b6024800 JavaThread "Signal Dispatcher" daemon [_thread_blocked, id=15879, stack(0x0000700006555000,0x0000700006655000)]
  0x00007fc3b601b800 JavaThread "Finalizer" daemon [_thread_blocked, id=12035, stack(0x0000700006452000,0x0000700006552000)]
  0x00007fc3b6015000 JavaThread "Reference Handler" daemon [_thread_blocked, id=11523, stack(0x000070000634f000,0x000070000644f000)]

Other Threads:
=>0x00007fc3b5009000 VMThread [stack: 0x000070000624c000,0x000070000634c000] [id=11011]

VM state:at safepoint (shutting down)

VM Mutex/Monitor currently owned by a thread:  ([mutex/lock_event])
[0x00007fc3b4702db0] Threads_lock - owner thread: 0x00007fc3b5009000

Heap:
 PSYoungGen      total 38400K, used 14772K [0x0000000795580000, 0x0000000798000000, 0x00000007c0000000)
  eden space 33280K, 32% used [0x0000000795580000,0x0000000795ffab20,0x0000000797600000)
  from space 5120K, 78% used [0x0000000797b00000,0x0000000797ef27a0,0x0000000798000000)
  to   space 5120K, 0% used [0x0000000797600000,0x0000000797600000,0x0000000797b00000)
 ParOldGen       total 87552K, used 1666K [0x0000000740000000, 0x0000000745580000, 0x0000000795580000)
  object space 87552K, 1% used [0x0000000740000000,0x00000007401a0908,0x0000000745580000)
 Metaspace       used 11635K, capacity 11791K, committed 12032K, reserved 1060864K
  class space    used 1223K, capacity 1270K, committed 1280K, reserved 1048576K

Card table byte_map: [0x0000000111bc0000,0x0000000111fc1000] byte_map_base: 0x000000010e1c0000

Marking Bits: (ParMarkBitMap*) 0x000000011076cd20
 Begin Bits: [0x000000011226c000, 0x000000011426c000)
 End Bits:   [0x000000011426c000, 0x000000011626c000)

Polling page: 0x0000000110e62000

CodeCache: size=245760Kb used=5536Kb max_used=5637Kb free=240223Kb
 bounds [0x000000011b889000, 0x000000011be39000, 0x000000012a889000]
 total_blobs=1881 nmethods=1390 adapters=404
 compilation: enabled

Compilation events (10 events):
Event: 534,902 Thread 0x00007fc3b501f000 1572       4       org.eclipse.swt.widgets.Display::timerExec (327 bytes)
Event: 534,913 Thread 0x00007fc3b501f000 nmethod 1572 0x000000011bc44cd0 code [0x000000011bc44f40, 0x000000011bc458c0]
Event: 535,286 Thread 0x00007fc3b5821800 1573   !   3       org.eclipse.swt.widgets.Display::readAndDispatch (237 bytes)
Event: 535,288 Thread 0x00007fc3b5821800 nmethod 1573 0x000000011bb6ec90 code [0x000000011bb6f080, 0x000000011bb70d68]
Event: 535,427 Thread 0x00007fc3b5821800 1574       3       org.eclipse.swt.widgets.TableItem::isDrawing (21 bytes)
Event: 535,427 Thread 0x00007fc3b5821800 nmethod 1574 0x000000011bc53190 code [0x000000011bc53320, 0x000000011bc53908]
Event: 535,427 Thread 0x00007fc3b5821800 1577       3       java.nio.Buffer::position (43 bytes)
Event: 535,428 Thread 0x00007fc3b5821800 nmethod 1577 0x000000011bb9d910 code [0x000000011bb9da80, 0x000000011bb9dd48]
Event: 535,428 Thread 0x00007fc3b5821800 1576       3       org.eclipse.swt.internal.cocoa.NSView::setNeedsDisplayInRect (13 bytes)
Event: 535,428 Thread 0x00007fc3b5821800 nmethod 1576 0x000000011bc44890 code [0x000000011bc44a00, 0x000000011bc44ba8]

GC Heap History (8 events):
Event: 128,742 GC heap before
{Heap before GC invocations=1 (full 0):
 PSYoungGen      total 38400K, used 33280K [0x0000000795580000, 0x0000000798000000, 0x00000007c0000000)
  eden space 33280K, 100% used [0x0000000795580000,0x0000000797600000,0x0000000797600000)
  from space 5120K, 0% used [0x0000000797b00000,0x0000000797b00000,0x0000000798000000)
  to   space 5120K, 0% used [0x0000000797600000,0x0000000797600000,0x0000000797b00000)
 ParOldGen       total 87552K, used 0K [0x0000000740000000, 0x0000000745580000, 0x0000000795580000)
  object space 87552K, 0% used [0x0000000740000000,0x0000000740000000,0x0000000745580000)
 Metaspace       used 11297K, capacity 11407K, committed 11520K, reserved 1058816K
  class space    used 1216K, capacity 1270K, committed 1280K, reserved 1048576K
Event: 128,755 GC heap after
Heap after GC invocations=1 (full 0):
 PSYoungGen      total 38400K, used 5104K [0x0000000795580000, 0x0000000798000000, 0x00000007c0000000)
  eden space 33280K, 0% used [0x0000000795580000,0x0000000795580000,0x0000000797600000)
  from space 5120K, 99% used [0x0000000797600000,0x0000000797afc1a0,0x0000000797b00000)
  to   space 5120K, 0% used [0x0000000797b00000,0x0000000797b00000,0x0000000798000000)
 ParOldGen       total 87552K, used 1639K [0x0000000740000000, 0x0000000745580000, 0x0000000795580000)
  object space 87552K, 1% used [0x0000000740000000,0x0000000740199fe8,0x0000000745580000)
 Metaspace       used 11297K, capacity 11407K, committed 11520K, reserved 1058816K
  class space    used 1216K, capacity 1270K, committed 1280K, reserved 1048576K
}
Event: 396,474 GC heap before
{Heap before GC invocations=2 (full 0):
 PSYoungGen      total 38400K, used 38384K [0x0000000795580000, 0x0000000798000000, 0x00000007c0000000)
  eden space 33280K, 100% used [0x0000000795580000,0x0000000797600000,0x0000000797600000)
  from space 5120K, 99% used [0x0000000797600000,0x0000000797afc1a0,0x0000000797b00000)
  to   space 5120K, 0% used [0x0000000797b00000,0x0000000797b00000,0x0000000798000000)
 ParOldGen       total 87552K, used 1639K [0x0000000740000000, 0x0000000745580000, 0x0000000795580000)
  object space 87552K, 1% used [0x0000000740000000,0x0000000740199fe8,0x0000000745580000)
 Metaspace       used 11458K, capacity 11599K, committed 11776K, reserved 1060864K
  class space    used 1217K, capacity 1270K, committed 1280K, reserved 1048576K
Event: 396,479 GC heap after
Heap after GC invocations=2 (full 0):
 PSYoungGen      total 38400K, used 4137K [0x0000000795580000, 0x0000000798000000, 0x00000007c0000000)
  eden space 33280K, 0% used [0x0000000795580000,0x0000000795580000,0x0000000797600000)
  from space 5120K, 80% used [0x0000000797b00000,0x0000000797f0a7a0,0x0000000798000000)
  to   space 5120K, 0% used [0x0000000797600000,0x0000000797600000,0x0000000797b00000)
 ParOldGen       total 87552K, used 1647K [0x0000000740000000, 0x0000000745580000, 0x0000000795580000)
  object space 87552K, 1% used [0x0000000740000000,0x000000074019bfe8,0x0000000745580000)
 Metaspace       used 11458K, capacity 11599K, committed 11776K, reserved 1060864K
  class space    used 1217K, capacity 1270K, committed 1280K, reserved 1048576K
}
Event: 441,521 GC heap before
{Heap before GC invocations=3 (full 0):
 PSYoungGen      total 38400K, used 37417K [0x0000000795580000, 0x0000000798000000, 0x00000007c0000000)
  eden space 33280K, 100% used [0x0000000795580000,0x0000000797600000,0x0000000797600000)
  from space 5120K, 80% used [0x0000000797b00000,0x0000000797f0a7a0,0x0000000798000000)
  to   space 5120K, 0% used [0x0000000797600000,0x0000000797600000,0x0000000797b00000)
 ParOldGen       total 87552K, used 1647K [0x0000000740000000, 0x0000000745580000, 0x0000000795580000)
  object space 87552K, 1% used [0x0000000740000000,0x000000074019bff8,0x0000000745580000)
 Metaspace       used 11546K, capacity 11663K, committed 11776K, reserved 1060864K
  class space    used 1217K, capacity 1270K, committed 1280K, reserved 1048576K
Event: 441,525 GC heap after
Heap after GC invocations=3 (full 0):
 PSYoungGen      total 38400K, used 4105K [0x0000000795580000, 0x0000000798000000, 0x00000007c0000000)
  eden space 33280K, 0% used [0x0000000795580000,0x0000000795580000,0x0000000797600000)
  from space 5120K, 80% used [0x0000000797600000,0x0000000797a027a0,0x0000000797b00000)
  to   space 5120K, 0% used [0x0000000797b00000,0x0000000797b00000,0x0000000798000000)
 ParOldGen       total 87552K, used 1655K [0x0000000740000000, 0x0000000745580000, 0x0000000795580000)
  object space 87552K, 1% used [0x0000000740000000,0x000000074019dff8,0x0000000745580000)
 Metaspace       used 11546K, capacity 11663K, committed 11776K, reserved 1060864K
  class space    used 1217K, capacity 1270K, committed 1280K, reserved 1048576K
}
Event: 483,194 GC heap before
{Heap before GC invocations=4 (full 0):
 PSYoungGen      total 38400K, used 37385K [0x0000000795580000, 0x0000000798000000, 0x00000007c0000000)
  eden space 33280K, 100% used [0x0000000795580000,0x0000000797600000,0x0000000797600000)
  from space 5120K, 80% used [0x0000000797600000,0x0000000797a027a0,0x0000000797b00000)
  to   space 5120K, 0% used [0x0000000797b00000,0x0000000797b00000,0x0000000798000000)
 ParOldGen       total 87552K, used 1658K [0x0000000740000000, 0x0000000745580000, 0x0000000795580000)
  object space 87552K, 1% used [0x0000000740000000,0x000000074019e908,0x0000000745580000)
 Metaspace       used 11583K, capacity 11663K, committed 11776K, reserved 1060864K
  class space    used 1217K, capacity 1270K, committed 1280K, reserved 1048576K
Event: 483,199 GC heap after
Heap after GC invocations=4 (full 0):
 PSYoungGen      total 38400K, used 4041K [0x0000000795580000, 0x0000000798000000, 0x00000007c0000000)
  eden space 33280K, 0% used [0x0000000795580000,0x0000000795580000,0x0000000797600000)
  from space 5120K, 78% used [0x0000000797b00000,0x0000000797ef27a0,0x0000000798000000)
  to   space 5120K, 0% used [0x0000000797600000,0x0000000797600000,0x0000000797b00000)
 ParOldGen       total 87552K, used 1666K [0x0000000740000000, 0x0000000745580000, 0x0000000795580000)
  object space 87552K, 1% used [0x0000000740000000,0x00000007401a0908,0x0000000745580000)
 Metaspace       used 11583K, capacity 11663K, committed 11776K, reserved 1060864K
  class space    used 1217K, capacity 1270K, committed 1280K, reserved 1048576K
}

Deoptimization events (10 events):
Event: 434,405 Thread 0x00007fc3b6005000 Uncommon trap: reason=bimorphic action=maybe_recompile pc=0x000000011bd189f8 method=org.eclipse.swt.widgets.Display.windowProc(JJJ)J @ 326
Event: 434,920 Thread 0x00007fc3b6005000 Uncommon trap: reason=unstable_if action=reinterpret pc=0x000000011bcd7eb4 method=org.eclipse.swt.widgets.Synchronizer.removeFirst()Lorg/eclipse/swt/widgets/RunnableLock; @ 63
Event: 500,871 Thread 0x00007fc3b6005000 Uncommon trap: reason=unstable_if action=reinterpret pc=0x000000011bc82f80 method=edu.umich.soar.gridmap2d.visuals.WindowManager.getColor(Ljava/lang/String;)Lorg/eclipse/swt/graphics/Color; @ 38
Event: 502,559 Thread 0x00007fc3b6005000 Uncommon trap: reason=unstable_if action=reinterpret pc=0x000000011b9b2748 method=org.eclipse.swt.widgets.Display.applicationSendEvent(JJJ)V @ 280
Event: 502,569 Thread 0x00007fc3b6005000 Uncommon trap: reason=unstable_if action=reinterpret pc=0x000000011b9fcae4 method=org.eclipse.swt.widgets.Display.windowProc(JJJ)J @ 887
Event: 502,570 Thread 0x00007fc3b6005000 Uncommon trap: reason=unstable_if action=reinterpret pc=0x000000011bd11cfc method=org.eclipse.swt.widgets.Display.windowProc(JJ)J @ 442
Event: 508,462 Thread 0x00007fc3b6005000 Uncommon trap: reason=unstable_if action=reinterpret pc=0x000000011be03668 method=edu.umich.soar.gridmap2d.visuals.EatersVisualWorld.paintControl(Lorg/eclipse/swt/events/PaintEvent;)V @ 38
Event: 525,567 Thread 0x00007fc3b6005000 Uncommon trap: reason=unstable_if action=reinterpret pc=0x000000011bb92b50 method=org.eclipse.swt.widgets.Display.windowProc(JJJ)J @ 1165
Event: 534,413 Thread 0x00007fc3b6005000 Uncommon trap: reason=unstable_if action=reinterpret pc=0x000000011bd1f078 method=org.eclipse.swt.widgets.Display.runDeferredEvents()Z @ 76
Event: 535,409 Thread 0x00007fc3b6005000 Uncommon trap: reason=unstable_if action=reinterpret pc=0x000000011bc47c64 method=edu.umich.soar.gridmap2d.soar.SoarEaterIL$MyLocationIL.updatePlayerContent([ILedu/umich/soar/gridmap2d/map/EatersMap;Ledu/umich/soar/gridmap2d/soar/SoarEaterIL$MyLocationIL$

Internal exceptions (10 events):
Event: 535,428 Thread 0x00007fc3b6005000 Exception <a 'java/io/IOException'> (0x0000000795e82238) thrown at [/Users/java_re/workspace/8-2-build-macosx-x86_64/jdk8u111/7883/hotspot/src/share/vm/prims/jni.cpp, line 709]
Event: 535,428 Thread 0x00007fc3b6005000 Exception <a 'java/io/IOException'> (0x0000000795e82958) thrown at [/Users/java_re/workspace/8-2-build-macosx-x86_64/jdk8u111/7883/hotspot/src/share/vm/prims/jni.cpp, line 709]
Event: 535,428 Thread 0x00007fc3b6005000 Exception <a 'java/io/IOException'> (0x0000000795e82c08) thrown at [/Users/java_re/workspace/8-2-build-macosx-x86_64/jdk8u111/7883/hotspot/src/share/vm/prims/jni.cpp, line 709]
Event: 535,428 Thread 0x00007fc3b6005000 Exception <a 'java/io/IOException'> (0x0000000795e82e88) thrown at [/Users/java_re/workspace/8-2-build-macosx-x86_64/jdk8u111/7883/hotspot/src/share/vm/prims/jni.cpp, line 709]
Event: 535,428 Thread 0x00007fc3b6005000 Exception <a 'java/io/IOException'> (0x0000000795e835a0) thrown at [/Users/java_re/workspace/8-2-build-macosx-x86_64/jdk8u111/7883/hotspot/src/share/vm/prims/jni.cpp, line 709]
Event: 535,428 Thread 0x00007fc3b6005000 Exception <a 'java/io/IOException'> (0x0000000795e83850) thrown at [/Users/java_re/workspace/8-2-build-macosx-x86_64/jdk8u111/7883/hotspot/src/share/vm/prims/jni.cpp, line 709]
Event: 535,428 Thread 0x00007fc3b6005000 Exception <a 'java/io/IOException'> (0x0000000795e83ad0) thrown at [/Users/java_re/workspace/8-2-build-macosx-x86_64/jdk8u111/7883/hotspot/src/share/vm/prims/jni.cpp, line 709]
Event: 535,428 Thread 0x00007fc3b6005000 Exception <a 'java/io/IOException'> (0x0000000795e841d0) thrown at [/Users/java_re/workspace/8-2-build-macosx-x86_64/jdk8u111/7883/hotspot/src/share/vm/prims/jni.cpp, line 709]
Event: 535,428 Thread 0x00007fc3b6005000 Exception <a 'java/io/IOException'> (0x0000000795e84480) thrown at [/Users/java_re/workspace/8-2-build-macosx-x86_64/jdk8u111/7883/hotspot/src/share/vm/prims/jni.cpp, line 709]
Event: 535,428 Thread 0x00007fc3b6005000 Exception <a 'java/io/IOException'> (0x0000000795e84700) thrown at [/Users/java_re/workspace/8-2-build-macosx-x86_64/jdk8u111/7883/hotspot/src/share/vm/prims/jni.cpp, line 709]

Events (10 events):
Event: 598,960 Thread 0x00007fc3b519d800 Thread added: 0x00007fc3b519d800
Event: 598,960 loading class java/util/IdentityHashMap$KeyIterator
Event: 598,960 loading class java/util/IdentityHashMap$IdentityHashMapIterator
Event: 598,961 loading class java/util/IdentityHashMap$IdentityHashMapIterator done
Event: 598,961 loading class java/util/IdentityHashMap$KeyIterator done
Event: 598,961 Thread 0x00007fc3b5a91800 Thread added: 0x00007fc3b5a91800
Event: 598,961 Thread 0x00007fc3b5428000 Thread added: 0x00007fc3b5428000
Event: 598,961 Thread 0x00007fc3b5428000 Thread exited: 0x00007fc3b5428000
Event: 598,961 Thread 0x00007fc3b5a91800 Thread exited: 0x00007fc3b5a91800
Event: 598,961 Executing VM operation: Exit


Dynamic libraries:
0x000000001b014000 	/System/Library/Frameworks/Cocoa.framework/Versions/A/Cocoa
0x000000001b014000 	/System/Library/Frameworks/Security.framework/Versions/A/Security
0x000000001b014000 	/System/Library/Frameworks/ApplicationServices.framework/Versions/A/ApplicationServices
0x000000001b014000 	/usr/lib/libz.1.dylib
0x000000001b014000 	/usr/lib/libSystem.B.dylib
0x000000001b014000 	/usr/lib/libobjc.A.dylib
0x000000001b014000 	/System/Library/Frameworks/CoreFoundation.framework/Versions/A/CoreFoundation
0x000000001b014000 	/System/Library/Frameworks/Foundation.framework/Versions/C/Foundation
0x000000001b014000 	/System/Library/Frameworks/AppKit.framework/Versions/C/AppKit
0x000000001b014000 	/System/Library/Frameworks/CoreData.framework/Versions/A/CoreData
0x000000001b014000 	/System/Library/PrivateFrameworks/RemoteViewServices.framework/Versions/A/RemoteViewServices
0x000000001b014000 	/System/Library/PrivateFrameworks/UIFoundation.framework/Versions/A/UIFoundation
0x000000001b014000 	/System/Library/PrivateFrameworks/DFRFoundation.framework/Versions/A/DFRFoundation
0x000000001b014000 	/usr/lib/libenergytrace.dylib
0x000000001b014000 	/System/Library/PrivateFrameworks/SkyLight.framework/Versions/A/SkyLight
0x000000001b014000 	/System/Library/Frameworks/CoreGraphics.framework/Versions/A/CoreGraphics
0x000000001b014000 	/usr/lib/libScreenReader.dylib
0x000000001b014000 	/System/Library/Frameworks/Accelerate.framework/Versions/A/Accelerate
0x000000001b014000 	/System/Library/Frameworks/IOSurface.framework/Versions/A/IOSurface
0x000000001b014000 	/System/Library/Frameworks/AudioToolbox.framework/Versions/A/AudioToolbox
0x000000001b014000 	/System/Library/Frameworks/AudioUnit.framework/Versions/A/AudioUnit
0x000000001b014000 	/System/Library/PrivateFrameworks/DataDetectorsCore.framework/Versions/A/DataDetectorsCore
0x000000001b014000 	/System/Library/PrivateFrameworks/DesktopServicesPriv.framework/Versions/A/DesktopServicesPriv
0x000000001b014000 	/System/Library/Frameworks/Carbon.framework/Versions/A/Frameworks/HIToolbox.framework/Versions/A/HIToolbox
0x000000001b014000 	/usr/lib/libicucore.A.dylib
0x000000001b014000 	/System/Library/Frameworks/QuartzCore.framework/Versions/A/QuartzCore
0x000000001b014000 	/System/Library/Frameworks/Carbon.framework/Versions/A/Frameworks/SpeechRecognition.framework/Versions/A/SpeechRecognition
0x000000001b014000 	/usr/lib/libauto.dylib
0x000000001b014000 	/usr/lib/libxml2.2.dylib
0x000000001b014000 	/System/Library/PrivateFrameworks/CoreUI.framework/Versions/A/CoreUI
0x000000001b014000 	/System/Library/Frameworks/CoreAudio.framework/Versions/A/CoreAudio
0x000000001b014000 	/System/Library/Frameworks/DiskArbitration.framework/Versions/A/DiskArbitration
0x000000001b014000 	/usr/lib/liblangid.dylib
0x000000001b014000 	/System/Library/PrivateFrameworks/MultitouchSupport.framework/Versions/A/MultitouchSupport
0x000000001b014000 	/System/Library/Frameworks/IOKit.framework/Versions/A/IOKit
0x000000001b014000 	/usr/lib/libDiagnosticMessagesClient.dylib
0x000000001b014000 	/System/Library/Frameworks/CoreServices.framework/Versions/A/CoreServices
0x000000001b014000 	/System/Library/PrivateFrameworks/PerformanceAnalysis.framework/Versions/A/PerformanceAnalysis
0x000000001b014000 	/System/Library/PrivateFrameworks/GenerationalStorage.framework/Versions/A/GenerationalStorage
0x000000001b014000 	/System/Library/Frameworks/OpenGL.framework/Versions/A/OpenGL
0x000000001b014000 	/System/Library/Frameworks/CoreImage.framework/Versions/A/CoreImage
0x000000001b014000 	/System/Library/Frameworks/CoreText.framework/Versions/A/CoreText
0x000000001b014000 	/System/Library/Frameworks/ImageIO.framework/Versions/A/ImageIO
0x000000001b014000 	/System/Library/PrivateFrameworks/Backup.framework/Versions/A/Backup
0x000000001b014000 	/usr/lib/libarchive.2.dylib
0x000000001b014000 	/System/Library/Frameworks/CFNetwork.framework/Versions/A/CFNetwork
0x000000001b014000 	/System/Library/Frameworks/SystemConfiguration.framework/Versions/A/SystemConfiguration
0x000000001b014000 	/usr/lib/libCRFSuite.dylib
0x000000001b014000 	/usr/lib/libc++.1.dylib
0x000000001b014000 	/usr/lib/libc++abi.dylib
0x000000001b014000 	/usr/lib/system/libcache.dylib
0x000000001b014000 	/usr/lib/system/libcommonCrypto.dylib
0x000000001b014000 	/usr/lib/system/libcompiler_rt.dylib
0x000000001b014000 	/usr/lib/system/libcopyfile.dylib
0x000000001b014000 	/usr/lib/system/libcorecrypto.dylib
0x000000001b014000 	/usr/lib/system/libdispatch.dylib
0x000000001b014000 	/usr/lib/system/libdyld.dylib
0x000000001b014000 	/usr/lib/system/libkeymgr.dylib
0x000000001b014000 	/usr/lib/system/liblaunch.dylib
0x000000001b014000 	/usr/lib/system/libmacho.dylib
0x000000001b014000 	/usr/lib/system/libquarantine.dylib
0x000000001b014000 	/usr/lib/system/libremovefile.dylib
0x000000001b014000 	/usr/lib/system/libsystem_asl.dylib
0x000000001b014000 	/usr/lib/system/libsystem_blocks.dylib
0x000000001b014000 	/usr/lib/system/libsystem_c.dylib
0x000000001b014000 	/usr/lib/system/libsystem_configuration.dylib
0x000000001b014000 	/usr/lib/system/libsystem_coreservices.dylib
0x000000001b014000 	/usr/lib/system/libsystem_coretls.dylib
0x000000001b014000 	/usr/lib/system/libsystem_dnssd.dylib
0x000000001b014000 	/usr/lib/system/libsystem_info.dylib
0x000000001b014000 	/usr/lib/system/libsystem_kernel.dylib
0x000000001b014000 	/usr/lib/system/libsystem_m.dylib
0x000000001b014000 	/usr/lib/system/libsystem_malloc.dylib
0x000000001b014000 	/usr/lib/system/libsystem_network.dylib
0x000000001b014000 	/usr/lib/system/libsystem_networkextension.dylib
0x000000001b014000 	/usr/lib/system/libsystem_notify.dylib
0x000000001b014000 	/usr/lib/system/libsystem_platform.dylib
0x000000001b014000 	/usr/lib/system/libsystem_pthread.dylib
0x000000001b014000 	/usr/lib/system/libsystem_sandbox.dylib
0x000000001b014000 	/usr/lib/system/libsystem_secinit.dylib
0x000000001b014000 	/usr/lib/system/libsystem_symptoms.dylib
0x000000001b014000 	/usr/lib/system/libsystem_trace.dylib
0x000000001b014000 	/usr/lib/system/libunwind.dylib
0x000000001b014000 	/usr/lib/system/libxpc.dylib
0x000000001b014000 	/usr/lib/libbsm.0.dylib
0x000000001b014000 	/usr/lib/system/libkxld.dylib
0x000000001b014000 	/usr/lib/libcoretls.dylib
0x000000001b014000 	/usr/lib/libcoretls_cfhelpers.dylib
0x000000001b014000 	/usr/lib/libxar.1.dylib
0x000000001b014000 	/usr/lib/libsqlite3.dylib
0x000000001b014000 	/usr/lib/libpam.2.dylib
0x000000001b014000 	/usr/lib/libOpenScriptingUtil.dylib
0x000000001b014000 	/usr/lib/libbz2.1.0.dylib
0x000000001b014000 	/usr/lib/liblzma.5.dylib
0x000000001b014000 	/usr/lib/libnetwork.dylib
0x000000001b014000 	/usr/lib/libpcap.A.dylib
0x000000001b014000 	/System/Library/Frameworks/CoreServices.framework/Versions/A/Frameworks/FSEvents.framework/Versions/A/FSEvents
0x000000001b014000 	/System/Library/Frameworks/CoreServices.framework/Versions/A/Frameworks/CarbonCore.framework/Versions/A/CarbonCore
0x000000001b014000 	/System/Library/Frameworks/CoreServices.framework/Versions/A/Frameworks/Metadata.framework/Versions/A/Metadata
0x000000001b014000 	/System/Library/Frameworks/CoreServices.framework/Versions/A/Frameworks/OSServices.framework/Versions/A/OSServices
0x000000001b014000 	/System/Library/Frameworks/CoreServices.framework/Versions/A/Frameworks/SearchKit.framework/Versions/A/SearchKit
0x000000001b014000 	/System/Library/Frameworks/CoreServices.framework/Versions/A/Frameworks/AE.framework/Versions/A/AE
0x000000001b014000 	/System/Library/Frameworks/CoreServices.framework/Versions/A/Frameworks/LaunchServices.framework/Versions/A/LaunchServices
0x000000001b014000 	/System/Library/Frameworks/CoreServices.framework/Versions/A/Frameworks/DictionaryServices.framework/Versions/A/DictionaryServices
0x000000001b014000 	/System/Library/Frameworks/CoreServices.framework/Versions/A/Frameworks/SharedFileList.framework/Versions/A/SharedFileList
0x000000001b014000 	/System/Library/Frameworks/NetFS.framework/Versions/A/NetFS
0x000000001b014000 	/System/Library/PrivateFrameworks/NetAuth.framework/Versions/A/NetAuth
0x000000001b014000 	/System/Library/PrivateFrameworks/login.framework/Versions/A/Frameworks/loginsupport.framework/Versions/A/loginsupport
0x000000001b014000 	/System/Library/PrivateFrameworks/TCC.framework/Versions/A/TCC
0x000000001b014000 	/usr/lib/libmecabra.dylib
0x000000001b014000 	/System/Library/Frameworks/ApplicationServices.framework/Versions/A/Frameworks/ATS.framework/Versions/A/ATS
0x000000001b014000 	/System/Library/Frameworks/ApplicationServices.framework/Versions/A/Frameworks/ColorSync.framework/Versions/A/ColorSync
0x000000001b014000 	/System/Library/Frameworks/ApplicationServices.framework/Versions/A/Frameworks/HIServices.framework/Versions/A/HIServices
0x000000001b014000 	/System/Library/Frameworks/ApplicationServices.framework/Versions/A/Frameworks/LangAnalysis.framework/Versions/A/LangAnalysis
0x000000001b014000 	/System/Library/Frameworks/ApplicationServices.framework/Versions/A/Frameworks/PrintCore.framework/Versions/A/PrintCore
0x000000001b014000 	/System/Library/Frameworks/ApplicationServices.framework/Versions/A/Frameworks/QD.framework/Versions/A/QD
0x000000001b014000 	/System/Library/Frameworks/ApplicationServices.framework/Versions/A/Frameworks/SpeechSynthesis.framework/Versions/A/SpeechSynthesis
0x000000001b014000 	/System/Library/Frameworks/Accelerate.framework/Versions/A/Frameworks/vImage.framework/Versions/A/vImage
0x000000001b014000 	/System/Library/Frameworks/Accelerate.framework/Versions/A/Frameworks/vecLib.framework/Versions/A/vecLib
0x000000001b014000 	/System/Library/Frameworks/Accelerate.framework/Versions/A/Frameworks/vecLib.framework/Versions/A/libvDSP.dylib
0x000000001b014000 	/System/Library/Frameworks/Accelerate.framework/Versions/A/Frameworks/vecLib.framework/Versions/A/libBNNS.dylib
0x000000001b014000 	/System/Library/Frameworks/Accelerate.framework/Versions/A/Frameworks/vecLib.framework/Versions/A/libQuadrature.dylib
0x000000001b014000 	/System/Library/Frameworks/Accelerate.framework/Versions/A/Frameworks/vecLib.framework/Versions/A/libvMisc.dylib
0x000000001b014000 	/System/Library/Frameworks/Accelerate.framework/Versions/A/Frameworks/vecLib.framework/Versions/A/libLAPACK.dylib
0x000000001b014000 	/System/Library/Frameworks/Accelerate.framework/Versions/A/Frameworks/vecLib.framework/Versions/A/libBLAS.dylib
0x000000001b014000 	/System/Library/Frameworks/Accelerate.framework/Versions/A/Frameworks/vecLib.framework/Versions/A/libLinearAlgebra.dylib
0x000000001b014000 	/System/Library/Frameworks/Accelerate.framework/Versions/A/Frameworks/vecLib.framework/Versions/A/libSparseBLAS.dylib
0x000000001b014000 	/System/Library/Frameworks/ApplicationServices.framework/Versions/A/Frameworks/ATS.framework/Versions/A/Resources/libFontParser.dylib
0x000000001b014000 	/System/Library/Frameworks/ApplicationServices.framework/Versions/A/Frameworks/ATS.framework/Versions/A/Resources/libFontRegistry.dylib
0x000000001b014000 	/System/Library/Frameworks/ImageIO.framework/Versions/A/Resources/libJPEG.dylib
0x000000001b014000 	/System/Library/Frameworks/ImageIO.framework/Versions/A/Resources/libTIFF.dylib
0x000000001b014000 	/System/Library/Frameworks/ImageIO.framework/Versions/A/Resources/libPng.dylib
0x000000001b014000 	/System/Library/Frameworks/ImageIO.framework/Versions/A/Resources/libGIF.dylib
0x000000001b014000 	/System/Library/Frameworks/ImageIO.framework/Versions/A/Resources/libJP2.dylib
0x000000001b014000 	/System/Library/Frameworks/ImageIO.framework/Versions/A/Resources/libRadiance.dylib
0x000000001b014000 	/usr/lib/libcompression.dylib
0x000000001b014000 	/System/Library/PrivateFrameworks/AppleJPEG.framework/Versions/A/AppleJPEG
0x000000001b014000 	/usr/lib/libcups.2.dylib
0x000000001b014000 	/System/Library/Frameworks/Kerberos.framework/Versions/A/Kerberos
0x000000001b014000 	/System/Library/Frameworks/GSS.framework/Versions/A/GSS
0x000000001b014000 	/usr/lib/libresolv.9.dylib
0x000000001b014000 	/usr/lib/libiconv.2.dylib
0x000000001b014000 	/System/Library/PrivateFrameworks/Heimdal.framework/Versions/A/Heimdal
0x000000001b014000 	/usr/lib/libheimdal-asn1.dylib
0x000000001b014000 	/System/Library/Frameworks/OpenDirectory.framework/Versions/A/OpenDirectory
0x000000001b014000 	/System/Library/PrivateFrameworks/CommonAuth.framework/Versions/A/CommonAuth
0x000000001b014000 	/System/Library/Frameworks/OpenDirectory.framework/Versions/A/Frameworks/CFOpenDirectory.framework/Versions/A/CFOpenDirectory
0x000000001b014000 	/System/Library/Frameworks/SecurityFoundation.framework/Versions/A/SecurityFoundation
0x000000001b014000 	/System/Library/PrivateFrameworks/LanguageModeling.framework/Versions/A/LanguageModeling
0x000000001b014000 	/usr/lib/libmarisa.dylib
0x000000001b014000 	/usr/lib/libChineseTokenizer.dylib
0x000000001b014000 	/usr/lib/libcmph.dylib
0x000000001b014000 	/System/Library/PrivateFrameworks/CoreEmoji.framework/Versions/A/CoreEmoji
0x000000001b014000 	/System/Library/Frameworks/ServiceManagement.framework/Versions/A/ServiceManagement
0x000000001b014000 	/usr/lib/libxslt.1.dylib
0x000000001b014000 	/System/Library/Frameworks/Carbon.framework/Versions/A/Frameworks/Ink.framework/Versions/A/Ink
0x000000001b014000 	/System/Library/PrivateFrameworks/TextureIO.framework/Versions/A/TextureIO
0x000000001b014000 	/System/Library/Frameworks/Metal.framework/Versions/A/Metal
0x000000001b014000 	/usr/lib/libate.dylib
0x000000001b014000 	/System/Library/PrivateFrameworks/GPUCompiler.framework/libmetal_timestamp.dylib
0x000000001b014000 	/System/Library/Frameworks/OpenGL.framework/Versions/A/Libraries/libCoreFSCache.dylib
0x000000001b014000 	/System/Library/PrivateFrameworks/IOAccelerator.framework/Versions/A/IOAccelerator
0x000000001b014000 	/System/Library/Frameworks/CoreVideo.framework/Versions/A/CoreVideo
0x000000001b014000 	/usr/lib/libFosl_dynamic.dylib
0x000000001b014000 	/System/Library/PrivateFrameworks/MetalPerformanceShaders.framework/Versions/A/MetalPerformanceShaders
0x000000001b014000 	/System/Library/PrivateFrameworks/FaceCore.framework/Versions/A/FaceCore
0x000000001b014000 	/System/Library/Frameworks/OpenCL.framework/Versions/A/OpenCL
0x000000001b014000 	/System/Library/Frameworks/OpenGL.framework/Versions/A/Libraries/libGLU.dylib
0x000000001b014000 	/System/Library/Frameworks/OpenGL.framework/Versions/A/Libraries/libGFXShared.dylib
0x000000001b014000 	/System/Library/Frameworks/OpenGL.framework/Versions/A/Libraries/libGL.dylib
0x000000001b014000 	/System/Library/Frameworks/OpenGL.framework/Versions/A/Libraries/libGLImage.dylib
0x000000001b014000 	/System/Library/Frameworks/OpenGL.framework/Versions/A/Libraries/libCVMSPluginSupport.dylib
0x000000001b014000 	/System/Library/Frameworks/OpenGL.framework/Versions/A/Libraries/libCoreVMClient.dylib
0x000000001b014000 	/System/Library/PrivateFrameworks/CrashReporterSupport.framework/Versions/A/CrashReporterSupport
0x000000001b014000 	/System/Library/PrivateFrameworks/Sharing.framework/Versions/A/Sharing
0x000000001b014000 	/System/Library/PrivateFrameworks/IconServices.framework/Versions/A/IconServices
0x000000001b014000 	/System/Library/PrivateFrameworks/ProtocolBuffer.framework/Versions/A/ProtocolBuffer
0x000000001b014000 	/System/Library/PrivateFrameworks/Apple80211.framework/Versions/A/Apple80211
0x000000001b014000 	/System/Library/Frameworks/CoreWLAN.framework/Versions/A/CoreWLAN
0x000000001b014000 	/System/Library/PrivateFrameworks/CoreUtils.framework/Versions/A/CoreUtils
0x000000001b014000 	/System/Library/Frameworks/IOBluetooth.framework/Versions/A/IOBluetooth
0x000000001b014000 	/System/Library/PrivateFrameworks/CoreWiFi.framework/Versions/A/CoreWiFi
0x000000001b014000 	/System/Library/Frameworks/CoreBluetooth.framework/Versions/A/CoreBluetooth
0x000000001b014000 	/System/Library/Frameworks/CoreDisplay.framework/Versions/A/CoreDisplay
0x000000001b014000 	/System/Library/PrivateFrameworks/IOPresentment.framework/Versions/A/IOPresentment
0x000000001b014000 	/System/Library/PrivateFrameworks/DebugSymbols.framework/Versions/A/DebugSymbols
0x000000001b014000 	/System/Library/PrivateFrameworks/CoreSymbolication.framework/Versions/A/CoreSymbolication
0x000000001b014000 	/System/Library/PrivateFrameworks/Symbolication.framework/Versions/A/Symbolication
0x000000001b014000 	/System/Library/PrivateFrameworks/AppleFSCompression.framework/Versions/A/AppleFSCompression
0x000000001b014000 	/System/Library/PrivateFrameworks/SpeechRecognitionCore.framework/Versions/A/SpeechRecognitionCore
0x000000001b014000 	/System/Library/PrivateFrameworks/ChunkingLibrary.framework/Versions/A/ChunkingLibrary
0x0000000055b15000 	/System/Library/CoreServices/Encodings/libCyrillicConverter.dylib
0x000000010fe7d000 	/Library/Java/JavaVirtualMachines/jdk1.8.0_111.jdk/Contents/Home/jre/lib/server/libjvm.dylib
0x000000001b014000 	/usr/lib/libstdc++.6.dylib
0x0000000110e1f000 	/Library/Java/JavaVirtualMachines/jdk1.8.0_111.jdk/Contents/Home/jre/lib/libverify.dylib
0x0000000110e2d000 	/Library/Java/JavaVirtualMachines/jdk1.8.0_111.jdk/Contents/Home/jre/lib/libjava.dylib
0x0000000110e6b000 	/Library/Java/JavaVirtualMachines/jdk1.8.0_111.jdk/Contents/Home/jre/lib/libzip.dylib
0x0000000117fb1000 	/System/Library/Frameworks/JavaVM.framework/Frameworks/JavaRuntimeSupport.framework/JavaRuntimeSupport
0x0000000117fcb000 	/System/Library/Frameworks/JavaVM.framework/Versions/A/Frameworks/JavaNativeFoundation.framework/Versions/A/JavaNativeFoundation
0x0000000117fe0000 	/System/Library/Frameworks/JavaVM.framework/Versions/A/JavaVM
0x000000001b014000 	/System/Library/Frameworks/Carbon.framework/Versions/A/Carbon
0x0000000117fed000 	/System/Library/PrivateFrameworks/JavaLaunching.framework/Versions/A/JavaLaunching
0x000000001b014000 	/System/Library/Frameworks/Carbon.framework/Versions/A/Frameworks/CommonPanels.framework/Versions/A/CommonPanels
0x000000001b014000 	/System/Library/Frameworks/Carbon.framework/Versions/A/Frameworks/Help.framework/Versions/A/Help
0x000000001b014000 	/System/Library/Frameworks/Carbon.framework/Versions/A/Frameworks/ImageCapture.framework/Versions/A/ImageCapture
0x000000001b014000 	/System/Library/Frameworks/Carbon.framework/Versions/A/Frameworks/OpenScripting.framework/Versions/A/OpenScripting
0x000000001b014000 	/System/Library/Frameworks/Carbon.framework/Versions/A/Frameworks/Print.framework/Versions/A/Print
0x000000001b014000 	/System/Library/Frameworks/Carbon.framework/Versions/A/Frameworks/SecurityHI.framework/Versions/A/SecurityHI
0x0000000119caf000 	/Library/Java/JavaVirtualMachines/jdk1.8.0_111.jdk/Contents/Home/jre/lib/libosx.dylib
0x0000000119cbd000 	/Library/Java/JavaVirtualMachines/jdk1.8.0_111.jdk/Contents/Home/jre/lib/./libosxapp.dylib
0x000000001b014000 	/System/Library/Frameworks/ExceptionHandling.framework/Versions/A/ExceptionHandling
0x0000000119cd9000 	/private/var/folders/t3/r1mphbd94g9fnys5k2x48h840000gn/T/swtlib-64/libswt-cocoa-3557.jnilib
0x000000001b014000 	/System/Library/Frameworks/WebKit.framework/Versions/A/WebKit
0x000000001b014000 	/System/Library/Frameworks/WebKit.framework/Versions/A/Frameworks/WebKitLegacy.framework/Versions/A/WebKitLegacy
0x000000001b014000 	/System/Library/Frameworks/JavaScriptCore.framework/Versions/A/JavaScriptCore
0x000000001b014000 	/System/Library/Frameworks/WebKit.framework/Versions/A/Frameworks/WebCore.framework/Versions/A/WebCore
0x0000000119d26000 	/private/var/folders/t3/r1mphbd94g9fnys5k2x48h840000gn/T/swtlib-64/libswt-pi-cocoa-3557.jnilib
0x000000001b014000 	/System/Library/PrivateFrameworks/CoreServicesInternal.framework/Versions/A/CoreServicesInternal
0x000000001b014000 	/System/Library/Frameworks/Accelerate.framework/Versions/A/Frameworks/vImage.framework/Versions/A/Libraries/libCGInterfaces.dylib
0x000000001b014000 	/System/Library/Frameworks/ApplicationServices.framework/Versions/A/Frameworks/ATS.framework/Versions/A/Resources/libTrueTypeScaler.dylib
0x000000012aa95000 	/System/Library/Frameworks/OpenGL.framework/Resources/GLEngine.bundle/GLEngine
0x000000012ac79000 	/System/Library/Frameworks/OpenGL.framework/Versions/A/Libraries/libGLProgrammability.dylib
0x000000012b0a7000 	/System/Library/Extensions/AppleIntelSKLGraphicsGLDriver.bundle/Contents/MacOS/AppleIntelSKLGraphicsGLDriver
0x000000001b014000 	/System/Library/PrivateFrameworks/GPUSupport.framework/Versions/A/Libraries/libGPUSupportMercury.dylib
0x000000011a09d000 	/System/Library/Frameworks/OpenGL.framework/Resources//GLRendererFloat.bundle/GLRendererFloat
0x000000001b014000 	/System/Library/Frameworks/OpenCL.framework/Versions/A/Libraries/libcldcpuengine.dylib
0x000000001b014000 	/usr/lib/libcrypto.0.9.8.dylib
0x000000001b014000 	/System/Library/PrivateFrameworks/TrustEvaluationAgent.framework/Versions/A/TrustEvaluationAgent
0x000000011b626000 	/System/Library/Extensions/AppleIntelSKLGraphicsMTLDriver.bundle/Contents/MacOS/AppleIntelSKLGraphicsMTLDriver
0x000000001b014000 	/System/Library/CoreServices/RawCamera.bundle/Contents/MacOS/RawCamera
0x000000001b014000 	/System/Library/PrivateFrameworks/FinderKit.framework/Versions/A/FinderKit
0x000000001b014000 	/System/Library/Frameworks/Quartz.framework/Versions/A/Frameworks/QuickLookUI.framework/Versions/A/QuickLookUI
0x000000001b014000 	/System/Library/Frameworks/Quartz.framework/Versions/A/Frameworks/ImageKit.framework/Versions/A/ImageKit
0x000000001b014000 	/System/Library/PrivateFrameworks/Bom.framework/Versions/A/Bom
0x000000001b014000 	/System/Library/Frameworks/QuickLook.framework/Versions/A/QuickLook
0x000000001b014000 	/System/Library/PrivateFrameworks/Suggestions.framework/Versions/A/Suggestions
0x000000001b014000 	/System/Library/PrivateFrameworks/SystemAdministration.framework/Versions/A/SystemAdministration
0x000000001b014000 	/System/Library/PrivateFrameworks/DiskImages.framework/Versions/A/DiskImages
0x000000001b014000 	/System/Library/PrivateFrameworks/AppleSystemInfo.framework/Versions/A/AppleSystemInfo
0x000000001b014000 	/System/Library/Frameworks/ImageCaptureCore.framework/Versions/A/ImageCaptureCore
0x000000001b014000 	/System/Library/Frameworks/SafariServices.framework/Versions/A/SafariServices
0x000000001b014000 	/System/Library/Frameworks/QTKit.framework/Versions/A/QTKit
0x000000001b014000 	/System/Library/PrivateFrameworks/MobileKeyBag.framework/Versions/A/MobileKeyBag
0x000000001b014000 	/System/Library/PrivateFrameworks/ViewBridge.framework/Versions/A/ViewBridge
0x000000001b014000 	/System/Library/PrivateFrameworks/XPCService.framework/Versions/A/XPCService
0x000000001b014000 	/System/Library/PrivateFrameworks/AppSandbox.framework/Versions/A/AppSandbox
0x000000001b014000 	/usr/lib/libsandbox.1.dylib
0x000000001b014000 	/System/Library/PrivateFrameworks/AppContainer.framework/Versions/A/AppContainer
0x000000001b014000 	/System/Library/PrivateFrameworks/SecCodeWrapper.framework/Versions/A/SecCodeWrapper
0x000000001b014000 	/usr/lib/libMatch.1.dylib
0x000000001b014000 	/System/Library/Frameworks/AVFoundation.framework/Versions/A/AVFoundation
0x000000001b014000 	/System/Library/Frameworks/CoreMedia.framework/Versions/A/CoreMedia
0x000000001b014000 	/System/Library/Frameworks/MediaToolbox.framework/Versions/A/MediaToolbox
0x000000001b014000 	/System/Library/Frameworks/VideoToolbox.framework/Versions/A/VideoToolbox
0x000000001b014000 	/System/Library/PrivateFrameworks/CoreMediaAuthoring.framework/Versions/A/CoreMediaAuthoring
0x000000001b014000 	/System/Library/Frameworks/CoreMediaIO.framework/Versions/A/CoreMediaIO
0x000000001b014000 	/System/Library/Frameworks/AVFoundation.framework/Versions/A/Frameworks/AVFAudio.framework/Versions/A/AVFAudio
0x000000001b014000 	/System/Library/PrivateFrameworks/IntlPreferences.framework/Versions/A/IntlPreferences
0x000000001b014000 	/usr/lib/libspindump.dylib
0x000000001b014000 	/usr/lib/libdscsym.dylib
0x000000001b014000 	/System/Library/PrivateFrameworks/CoreAVCHD.framework/Versions/A/CoreAVCHD
0x000000001b014000 	/System/Library/Frameworks/MediaAccessibility.framework/Versions/A/MediaAccessibility
0x000000001b014000 	/System/Library/PrivateFrameworks/Mangrove.framework/Versions/A/Mangrove
0x000000001b014000 	/System/Library/PrivateFrameworks/CoreAUC.framework/Versions/A/CoreAUC
0x000000001b014000 	/System/Library/PrivateFrameworks/AppleVA.framework/Versions/A/AppleVA
0x000000001b014000 	/System/Library/PrivateFrameworks/QuickLookThumbnailing.framework/Versions/A/QuickLookThumbnailing
0x000000001b014000 	/System/Library/PrivateFrameworks/DisplayServices.framework/Versions/A/DisplayServices
0x000000001b014000 	/System/Library/Frameworks/Quartz.framework/Versions/A/Frameworks/PDFKit.framework/Versions/A/PDFKit
0x000000001b014000 	/System/Library/Frameworks/Quartz.framework/Versions/A/Frameworks/QuartzComposer.framework/Versions/A/QuartzComposer
0x000000001b014000 	/System/Library/Frameworks/Quartz.framework/Versions/A/Frameworks/QuartzFilters.framework/Versions/A/QuartzFilters
0x000000001b014000 	/System/Library/PrivateFrameworks/CorePDF.framework/Versions/A/CorePDF
0x000000001b014000 	/System/Library/Frameworks/AddressBook.framework/Versions/A/AddressBook
0x000000001b014000 	/System/Library/PrivateFrameworks/ContactsPersistence.framework/Versions/A/ContactsPersistence
0x000000001b014000 	/System/Library/PrivateFrameworks/CalendarAgentLink.framework/Versions/A/CalendarAgentLink
0x000000001b014000 	/System/Library/PrivateFrameworks/ContactsFoundation.framework/Versions/A/ContactsFoundation
0x000000001b014000 	/System/Library/PrivateFrameworks/vCard.framework/Versions/A/vCard
0x000000001b014000 	/System/Library/PrivateFrameworks/ToneLibrary.framework/Versions/A/ToneLibrary
0x000000001b014000 	/System/Library/PrivateFrameworks/ToneKit.framework/Versions/A/ToneKit
0x000000001b014000 	/System/Library/PrivateFrameworks/ApplePushService.framework/Versions/A/ApplePushService
0x000000001b014000 	/System/Library/Frameworks/DirectoryService.framework/Versions/A/DirectoryService
0x000000001b014000 	/System/Library/Frameworks/SecurityInterface.framework/Versions/A/SecurityInterface
0x000000001b014000 	/System/Library/PrivateFrameworks/PhoneNumbers.framework/Versions/A/PhoneNumbers
0x000000001b014000 	/System/Library/Frameworks/Quartz.framework/Versions/A/Quartz
0x000000001b014000 	/System/Library/Frameworks/LDAP.framework/Versions/A/LDAP
0x000000001b014000 	/System/Library/Frameworks/Accounts.framework/Versions/A/Accounts
0x000000001b014000 	/System/Library/PrivateFrameworks/OAuth.framework/Versions/A/OAuth
0x000000001b014000 	/System/Library/PrivateFrameworks/CoreDaemon.framework/Versions/B/CoreDaemon
0x000000001b014000 	/System/Library/PrivateFrameworks/AppleSRP.framework/Versions/A/AppleSRP
0x000000001b014000 	/usr/lib/libsasl2.2.dylib
0x000000001b014000 	/System/Library/PrivateFrameworks/LoginUIKit.framework/Versions/A/Frameworks/LoginUICore.framework/Versions/A/LoginUICore
0x000000001b014000 	/usr/lib/libCoreStorage.dylib
0x000000001b014000 	/usr/lib/libcsfde.dylib
0x000000001b014000 	/usr/lib/libodfde.dylib
0x000000001b014000 	/System/Library/Frameworks/DiscRecording.framework/Versions/A/DiscRecording
0x000000001b014000 	/usr/lib/libcurl.4.dylib
0x000000001b014000 	/System/Library/PrivateFrameworks/MediaKit.framework/Versions/A/MediaKit
0x000000001b014000 	/System/Library/PrivateFrameworks/ProtectedCloudStorage.framework/Versions/A/ProtectedCloudStorage
0x000000001b014000 	/System/Library/PrivateFrameworks/EFILogin.framework/Versions/A/EFILogin
0x000000001b014000 	/usr/lib/libutil.dylib
0x000000001b014000 	/System/Library/PrivateFrameworks/APFS.framework/Versions/A/APFS
0x000000001b014000 	/System/Library/PrivateFrameworks/CacheDelete.framework/Versions/A/CacheDelete
0x000000001b014000 	/System/Library/PrivateFrameworks/CloudDocs.framework/Versions/A/CloudDocs
0x000000001b014000 	/System/Library/Frameworks/CloudKit.framework/Versions/A/CloudKit
0x000000001b014000 	/System/Library/PrivateFrameworks/MMCS.framework/Versions/A/MMCS
0x000000001b014000 	/System/Library/Frameworks/CoreLocation.framework/Versions/A/CoreLocation
0x000000001b014000 	/System/Library/PrivateFrameworks/AssetCacheServices.framework/Versions/A/AssetCacheServices
0x000000001b014000 	/System/Library/PrivateFrameworks/GeoServices.framework/Versions/A/GeoServices
0x000000001b014000 	/System/Library/PrivateFrameworks/PlugInKit.framework/Versions/A/PlugInKit
0x000000001b014000 	/System/Library/PrivateFrameworks/iLifeMediaBrowser.framework/Versions/A/iLifeMediaBrowser
0x000000001b014000 	/System/Library/Frameworks/AVKit.framework/Versions/A/AVKit
0x000000001b014000 	/System/Library/PrivateFrameworks/MediaRemote.framework/Versions/A/MediaRemote
0x000000001b014000 	/System/Library/PrivateFrameworks/MediaServices.framework/Versions/A/MediaServices
0x000000001b014000 	/System/Library/PrivateFrameworks/FamilyControls.framework/Versions/A/FamilyControls
0x000000001b014000 	/System/Library/PrivateFrameworks/CommerceKit.framework/Versions/A/Frameworks/CommerceCore.framework/Versions/A/CommerceCore
0x000000012dcb1000 	/System/Library/Frameworks/Security.framework/PlugIns/csparser.bundle/Contents/MacOS/csparser
0x000000012fd53000 	/System/Library/Frameworks/Quartz.framework/Versions/A/Frameworks/QuickLookUI.framework/Versions/A/PlugIns/Generic.qldisplay/Contents/MacOS/Generic
0x000000013092b000 	/Users/viktor/Downloads/SoarTutorial_9.4.0-OSX/bin/libJava_sml_ClientInterface.jnilib
0x00000001313d8000 	/Users/viktor/Downloads/SoarTutorial_9.4.0-OSX/bin/libSoar.dylib
0x000000012c50a000 	/System/Library/PrivateFrameworks/CoreNLP.framework/Versions/A/CoreNLP
0x000000001b014000 	/System/Library/PrivateFrameworks/Shortcut.framework/Versions/A/Shortcut
0x000000001b014000 	/System/Library/PrivateFrameworks/HelpData.framework/Versions/A/HelpData
0x000000012cb3b000 	cl_kernels
0x000000001b014000 	/System/Library/Frameworks/OpenCL.framework/Versions/A/Libraries/ImageFormats/unorm8_bgra.dylib
0x000000001b014000 	/System/Library/Frameworks/OpenCL.framework/Versions/A/Libraries/ImageFormats/unorm8_rgba.dylib

VM Arguments:
java_command: /Users/viktor/Downloads/SoarTutorial_9.4.0-OSX/bin/Eaters_TankSoar.jar
java_class_path (initial): /Users/viktor/Downloads/SoarTutorial_9.4.0-OSX/bin/Eaters_TankSoar.jar
Launcher Type: SUN_STANDARD

Environment Variables:
PATH=/usr/local/bin:/usr/bin:/bin:/usr/sbin:/sbin
SHELL=/bin/bash

Signal Handlers:
SIGSEGV: [libjvm.dylib+0x5b03ed], sa_mask[0]=11111111011111110111111111111111, sa_flags=SA_ONSTACK|SA_RESTART|SA_SIGINFO
SIGBUS: [libjvm.dylib+0x5b03ed], sa_mask[0]=11111111011111110111111111111111, sa_flags=SA_RESTART|SA_SIGINFO
SIGFPE: [libjvm.dylib+0x48711c], sa_mask[0]=11111111011111110111111111111111, sa_flags=SA_RESTART|SA_SIGINFO
SIGPIPE: SIG_IGN, sa_mask[0]=00000000000000000000000000000000, sa_flags=none
SIGXFSZ: [libjvm.dylib+0x48711c], sa_mask[0]=11111111011111110111111111111111, sa_flags=SA_RESTART|SA_SIGINFO
SIGILL: [libjvm.dylib+0x48711c], sa_mask[0]=11111111011111110111111111111111, sa_flags=SA_RESTART|SA_SIGINFO
SIGUSR1: SIG_DFL, sa_mask[0]=11011111011111100000000111000110, sa_flags=none
SIGUSR2: [libjvm.dylib+0x486c3a], sa_mask[0]=00000000000000000000000000000000, sa_flags=SA_RESTART|SA_SIGINFO
SIGHUP: [libjvm.dylib+0x485211], sa_mask[0]=11111111011111110111111111111111, sa_flags=SA_RESTART|SA_SIGINFO
SIGINT: SIG_IGN, sa_mask[0]=00000000000000000000000000000000, sa_flags=none
SIGTERM: [libjvm.dylib+0x485211], sa_mask[0]=11111111011111110111111111111111, sa_flags=SA_RESTART|SA_SIGINFO
SIGQUIT: [libjvm.dylib+0x485211], sa_mask[0]=11111111011111110111111111111111, sa_flags=SA_RESTART|SA_SIGINFO


---------------  S Y S T E M  ---------------

OS:Bsduname:Darwin 16.4.0 Darwin Kernel Version 16.4.0: Thu Dec 22 22:53:21 PST 2016; root:xnu-3789.41.3~3/RELEASE_X86_64 x86_64
rlimit: STACK 8192k, CORE 0k, NPROC 709, NOFILE 10240, AS infinity
load average:1,88 1,72 1,49

CPU:total 4 (2 cores per cpu, 2 threads per core) family 6 model 78 stepping 3, cmov, cx8, fxsr, mmx, sse, sse2, sse3, ssse3, sse4.1, sse4.2, popcnt, avx, avx2, aes, clmul, erms, rtm, 3dnowpref, lzcnt, ht, tsc, tscinvbit, bmi1, bmi2, adx

Memory: 4k page, physical 8388608k(221524k free)

/proc/meminfo:


vm_info: Java HotSpot(TM) 64-Bit Server VM (25.111-b14) for bsd-amd64 JRE (1.8.0_111-b14), built on Sep 22 2016 15:31:41 by "java_re" with gcc 4.2.1 (Based on Apple Inc. build 5658) (LLVM build 2336.11.00)

time: Sun Feb  5 02:17:30 2017
elapsed time: 599 seconds (0d 0h 9m 59s)

