#
# A fatal error has been detected by the Java Runtime Environment:
#
#  SIGSEGV (0xb) at pc=0x000000010a0dfd45, pid=25799, tid=0x0000000000002c03
#
# JRE version: Java(TM) SE Runtime Environment (8.0_111-b14) (build 1.8.0_111-b14)
# Java VM: Java HotSpot(TM) 64-Bit Server VM (25.111-b14 mixed mode bsd-amd64 compressed oops)
# Problematic frame:
# C  [libswt-cocoa-3557.jnilib+0x25d45]  callback+0x297
#
# Failed to write core dump. Core dumps have been disabled. To enable core dumping, try "ulimit -c unlimited" before starting Java again
#
# If you would like to submit a bug report, please visit:
#   http://bugreport.java.com/bugreport/crash.jsp
#

---------------  T H R E A D  ---------------

Current thread (0x00007ff69d81f800):  VMThread [stack: 0x0000700008b11000,0x0000700008c11000] [id=11267]

siginfo: si_signo: 11 (SIGSEGV), si_code: 1 (SEGV_MAPERR), si_addr: 0x0000000000000078

Registers:
RAX=0x0000000000000000, RBX=0x00007ff6a1362b20, RCX=0x0000700008c10754, RDX=0x0000000000000001
RSP=0x0000700008c10780, RBP=0x0000700008c108b0, RSI=0x0000000000000000, RDI=0x0000000000000000
R8 =0x0000000000000003, R9 =0x0000000000000fac, R10=0x0817940108179480, R11=0x000000010a0be293
R12=0x00007fffd3756b40, R13=0x00007fffd3756b40, R14=0x0000000000000000, R15=0x0000000000000000
RIP=0x000000010a0dfd45, EFLAGS=0x0000000000010202, ERR=0x0000000000000004
  TRAPNO=0x000000000000000e

Top of Stack: (sp=0x0000700008c10780)
0x0000700008c10780:   000000010a0dfb37 00007fffd37586c9
0x0000700008c10790:   0000000000002c03 000000009d70a740
0x0000700008c107a0:   0000700008c10800 00007fffd3757c4e
0x0000700008c107b0:   0000000000000000 0000000000000000
0x0000700008c107c0:   00007ff69d81f9f8 00007ff69d735078
0x0000700008c107d0:   00007ff69d406dc0 0000000200012b20
0x0000700008c107e0:   0000000000000000 00007fff00000000
0x0000700008c107f0:   0000000000000000 0000000000000000
0x0000700008c10800:   0000700008c108d0 00007ff69d64b450
0x0000700008c10810:   00007fffbd24b7ab 0000000000000000
0x0000700008c10820:   0000000000000003 0000000000000fac
0x0000700008c10830:   00007fffbd24b7ab 00007ff69d64b450
0x0000700008c10840:   00007fffd9341348 00007fffd37575d4
0x0000700008c10850:   0000000000000000 0000000000000000
0x0000700008c10860:   0000000000000000 0000000000000000
0x0000700008c10870:   00007fffdb729c10 00007ff69d57d4f0
0x0000700008c10880:   6e69747563657845 65706f204d562067
0x0000700008c10890:   0000700008c10870 0000700008c108e8
0x0000700008c108a0:   0000000000000000 0000000000000000
0x0000700008c108b0:   0000700008c108d0 000000010a0be2ba
0x0000700008c108c0:   00007fffbd24b7ab 00007ff69d64b450
0x0000700008c108d0:   0000700008c10910 00007fffbc75cd9c
0x0000700008c108e0:   0000000000000000 0000000000000000
0x0000700008c108f0:   0000700008c109a0 0000000000000000
0x0000700008c10900:   00000000000000f8 00007fffbd23ee75
0x0000700008c10910:   0000700008c10970 00007fffbc8b9684
0x0000700008c10920:   00007ff69ff099a0 00007ff69ff099a0
0x0000700008c10930:   0000700008c10940 0000000000000000
0x0000700008c10940:   0000700008c10950 00007ff6a1362b20
0x0000700008c10950:   00007fffbd247be5 00007fffd3756b40
0x0000700008c10960:   00007fffbd23aaf2 0000000000000000
0x0000700008c10970:   0000700008c109f0 00007fffbc8b942c 

Instructions: (pc=0x000000010a0dfd45)
0x000000010a0dfd25:   ff ff 01 00 00 00 48 8b 85 10 ff ff ff 48 85 c0
0x000000010a0dfd35:   0f 84 44 03 00 00 48 8b 85 10 ff ff ff 48 8b 00
0x000000010a0dfd45:   48 8b 40 78 48 8b bd 10 ff ff ff ff d0 48 85 c0
0x000000010a0dfd55:   0f 85 b0 02 00 00 48 8d 3d 46 77 01 00 e8 4b 03 

Register to memory mapping:

RAX=0x0000000000000000 is an unknown value
RBX=0x00007ff6a1362b20 is an unknown value
RCX=0x0000700008c10754 is an unknown value
RDX=0x0000000000000001 is an unknown value
RSP=0x0000700008c10780 is an unknown value
RBP=0x0000700008c108b0 is an unknown value
RSI=0x0000000000000000 is an unknown value
RDI=0x0000000000000000 is an unknown value
R8 =0x0000000000000003 is an unknown value
R9 =0x0000000000000fac is an unknown value
R10=0x0817940108179480 is an unknown value
R11=0x000000010a0be293: fn0_2+0 in /private/var/folders/t3/r1mphbd94g9fnys5k2x48h840000gn/T/swtlib-64/libswt-cocoa-3557.jnilib at 0x000000010a0ba000
R12=0x00007fffd3756b40: objc_msgSend+0 in /usr/lib/libobjc.A.dylib at 0x00007fffd3750000
R13=0x00007fffd3756b40: objc_msgSend+0 in /usr/lib/libobjc.A.dylib at 0x00007fffd3750000
R14=0x0000000000000000 is an unknown value
R15=0x0000000000000000 is an unknown value


Stack: [0x0000700008b11000,0x0000700008c11000],  sp=0x0000700008c10780,  free space=1021k
Native frames: (J=compiled Java code, j=interpreted, Vv=VM code, C=native code)
C  [libswt-cocoa-3557.jnilib+0x25d45]  callback+0x297
C  [libswt-cocoa-3557.jnilib+0x42ba]  fn0_2+0x27
C  [AppKit+0x181d9c]  -[NSWindow orderWindow:relativeTo:]+0x76
C  [AppKit+0x2de684]  __18-[NSWindow _close]_block_invoke+0x209
C  [AppKit+0x2de42c]  -[NSWindow _close]+0x16d
C  [FinderKit+0xa87f9]  -[FI_TFloatingInputWindowController dealloc]+0x3b
C  [libobjc.A.dylib+0xedb7]  _ZN11objc_object17sidetable_releaseEb+0x11d
C  [AppKit+0x56df5]  -[NSWindowController release]+0x9b
C  [FinderKit+0xa84e4]  _ZN6TNSRefIP33FI_TFloatingInputWindowControllervED1Ev+0x14
C  [libsystem_c.dylib+0x60178]  __cxa_finalize_ranges+0x14c
C  [libsystem_c.dylib+0x604b2]  exit+0x37
V  [libjvm.dylib+0x2eb6ee]
V  [libjvm.dylib+0x5b7771]
V  [libjvm.dylib+0x5b5ddd]
V  [libjvm.dylib+0x5b622a]
V  [libjvm.dylib+0x5b5b49]
V  [libjvm.dylib+0x489b0a]
C  [libsystem_pthread.dylib+0x3aab]  _pthread_body+0xb4
C  [libsystem_pthread.dylib+0x39f7]  _pthread_body+0x0
C  [libsystem_pthread.dylib+0x31fd]  thread_start+0xd

VM_Operation (0x00007000086fe658): Exit, mode: safepoint, requested by thread 0x00007ff69eaca000


---------------  P R O C E S S  ---------------

Java Threads: ( => current thread )
  0x00007ff69eaca000 JavaThread "SIGTERM handler" daemon [_thread_blocked, id=19755, stack(0x00007000085ff000,0x00007000086ff000)]
  0x00007ff69e803000 JavaThread "DestroyJavaVM" [_thread_blocked, id=775, stack(0x00007fff5f257000,0x00007fff5fa57000)]
  0x00007ff69e969000 JavaThread "Thread-3" [_thread_in_native, id=61483, stack(0x000070000986c000,0x00007000098ec000)]
  0x00007ff69f15b000 JavaThread "Timer-0" daemon [_thread_blocked, id=18947, stack(0x000070000942c000,0x000070000952c000)]
  0x00007ff69d801800 JavaThread "Service Thread" daemon [_thread_blocked, id=17923, stack(0x0000700009226000,0x0000700009326000)]
  0x00007ff69e825000 JavaThread "C1 CompilerThread2" daemon [_thread_blocked, id=17411, stack(0x0000700009123000,0x0000700009223000)]
  0x00007ff69e824000 JavaThread "C2 CompilerThread1" daemon [_thread_blocked, id=16899, stack(0x0000700009020000,0x0000700009120000)]
  0x00007ff69e00a000 JavaThread "C2 CompilerThread0" daemon [_thread_blocked, id=16387, stack(0x0000700008f1d000,0x000070000901d000)]
  0x00007ff69e831000 JavaThread "Signal Dispatcher" daemon [_thread_blocked, id=15879, stack(0x0000700008e1a000,0x0000700008f1a000)]
  0x00007ff69e818000 JavaThread "Finalizer" daemon [_thread_blocked, id=12291, stack(0x0000700008d17000,0x0000700008e17000)]
  0x00007ff69d820800 JavaThread "Reference Handler" daemon [_thread_blocked, id=11779, stack(0x0000700008c14000,0x0000700008d14000)]

Other Threads:
=>0x00007ff69d81f800 VMThread [stack: 0x0000700008b11000,0x0000700008c11000] [id=11267]

VM state:at safepoint (shutting down)

VM Mutex/Monitor currently owned by a thread:  ([mutex/lock_event])
[0x00007ff69d702080] Threads_lock - owner thread: 0x00007ff69d81f800

Heap:
 PSYoungGen      total 38400K, used 23058K [0x0000000795580000, 0x0000000798000000, 0x00000007c0000000)
  eden space 33280K, 53% used [0x0000000795580000,0x0000000796707da8,0x0000000797600000)
  from space 5120K, 99% used [0x0000000797600000,0x0000000797afcd98,0x0000000797b00000)
  to   space 5120K, 0% used [0x0000000797b00000,0x0000000797b00000,0x0000000798000000)
 ParOldGen       total 87552K, used 2440K [0x0000000740000000, 0x0000000745580000, 0x0000000795580000)
  object space 87552K, 2% used [0x0000000740000000,0x0000000740262268,0x0000000745580000)
 Metaspace       used 12490K, capacity 12711K, committed 12800K, reserved 1060864K
  class space    used 1350K, capacity 1448K, committed 1536K, reserved 1048576K

Card table byte_map: [0x0000000101f61000,0x0000000102362000] byte_map_base: 0x00000000fe561000

Marking Bits: (ParMarkBitMap*) 0x00000001014efd20
 Begin Bits: [0x000000010260d000, 0x000000010460d000)
 End Bits:   [0x000000010460d000, 0x000000010660d000)

Polling page: 0x00000001002a2000

CodeCache: size=245760Kb used=4742Kb max_used=4742Kb free=241017Kb
 bounds [0x000000010d64d000, 0x000000010dafd000, 0x000000011c64d000]
 total_blobs=1850 nmethods=1342 adapters=421
 compilation: enabled

Compilation events (10 events):
Event: 2424,081 Thread 0x00007ff69e824000 1353       4       org.eclipse.swt.widgets.Widget::hitTest (36 bytes)
Event: 2424,082 Thread 0x00007ff69e824000 nmethod 1353 0x000000010d75fb50 code [0x000000010d75fcc0, 0x000000010d75fdf8]
Event: 2424,376 Thread 0x00007ff69e825000 1354       3       org.eclipse.swt.widgets.Control::getVisible (18 bytes)
Event: 2424,377 Thread 0x00007ff69e825000 nmethod 1354 0x000000010d74ef90 code [0x000000010d74f100, 0x000000010d74f368]
Event: 2425,063 Thread 0x00007ff69e825000 1355       1       edu.umich.soar.gridmap2d.players.Player::getName (5 bytes)
Event: 2425,063 Thread 0x00007ff69e825000 nmethod 1355 0x000000010d7b3e50 code [0x000000010d7b3fa0, 0x000000010d7b40b0]
Event: 2425,089 Thread 0x00007ff69e825000 1356       1       java.nio.Buffer::limit (5 bytes)
Event: 2425,090 Thread 0x00007ff69e825000 nmethod 1356 0x000000010daf0290 code [0x000000010daf03e0, 0x000000010daf04f0]
Event: 2425,095 Thread 0x00007ff69e825000 1357   !   3       java.lang.StringCoding::decode (120 bytes)
Event: 2425,098 Thread 0x00007ff69e825000 nmethod 1357 0x000000010d7b0c50 code [0x000000010d7b0fa0, 0x000000010d7b29f8]

GC Heap History (2 events):
Event: 108,632 GC heap before
{Heap before GC invocations=1 (full 0):
 PSYoungGen      total 38400K, used 33280K [0x0000000795580000, 0x0000000798000000, 0x00000007c0000000)
  eden space 33280K, 100% used [0x0000000795580000,0x0000000797600000,0x0000000797600000)
  from space 5120K, 0% used [0x0000000797b00000,0x0000000797b00000,0x0000000798000000)
  to   space 5120K, 0% used [0x0000000797600000,0x0000000797600000,0x0000000797b00000)
 ParOldGen       total 87552K, used 0K [0x0000000740000000, 0x0000000745580000, 0x0000000795580000)
  object space 87552K, 0% used [0x0000000740000000,0x0000000740000000,0x0000000745580000)
 Metaspace       used 12355K, capacity 12583K, committed 12800K, reserved 1060864K
  class space    used 1345K, capacity 1448K, committed 1536K, reserved 1048576K
Event: 108,668 GC heap after
Heap after GC invocations=1 (full 0):
 PSYoungGen      total 38400K, used 5107K [0x0000000795580000, 0x0000000798000000, 0x00000007c0000000)
  eden space 33280K, 0% used [0x0000000795580000,0x0000000795580000,0x0000000797600000)
  from space 5120K, 99% used [0x0000000797600000,0x0000000797afcd98,0x0000000797b00000)
  to   space 5120K, 0% used [0x0000000797b00000,0x0000000797b00000,0x0000000798000000)
 ParOldGen       total 87552K, used 2440K [0x0000000740000000, 0x0000000745580000, 0x0000000795580000)
  object space 87552K, 2% used [0x0000000740000000,0x0000000740262268,0x0000000745580000)
 Metaspace       used 12355K, capacity 12583K, committed 12800K, reserved 1060864K
  class space    used 1345K, capacity 1448K, committed 1536K, reserved 1048576K
}

Deoptimization events (10 events):
Event: 25,034 Thread 0x00007ff69e803000 Uncommon trap: reason=unstable_if action=reinterpret pc=0x000000010d89c61c method=java.lang.AbstractStringBuilder.append(Ljava/lang/String;)Ljava/lang/AbstractStringBuilder; @ 1
Event: 25,089 Thread 0x00007ff69e803000 Uncommon trap: reason=unstable_if action=reinterpret pc=0x000000010d8b65c8 method=java.util.HashMap.resize()[Ljava/util/HashMap$Node; @ 56
Event: 57,875 Thread 0x00007ff69e803000 Uncommon trap: reason=class_check action=maybe_recompile pc=0x000000010da3b13c method=org.eclipse.swt.widgets.Display.windowProc(JJJ)J @ 1617
Event: 57,875 Thread 0x00007ff69e803000 Uncommon trap: reason=class_check action=maybe_recompile pc=0x000000010da3b13c method=org.eclipse.swt.widgets.Display.windowProc(JJJ)J @ 1617
Event: 57,875 Thread 0x00007ff69e803000 Uncommon trap: reason=class_check action=maybe_recompile pc=0x000000010da3b13c method=org.eclipse.swt.widgets.Display.windowProc(JJJ)J @ 1617
Event: 57,877 Thread 0x00007ff69e803000 Uncommon trap: reason=class_check action=maybe_recompile pc=0x000000010da3b13c method=org.eclipse.swt.widgets.Display.windowProc(JJJ)J @ 1617
Event: 2423,536 Thread 0x00007ff69e803000 Uncommon trap: reason=class_check action=maybe_recompile pc=0x000000010da5687c method=org.eclipse.swt.widgets.Display.windowProc(JJJ)J @ 684
Event: 2423,538 Thread 0x00007ff69e803000 Uncommon trap: reason=class_check action=maybe_recompile pc=0x000000010da56854 method=org.eclipse.swt.widgets.Display.windowProc(JJJ)J @ 326
Event: 2423,677 Thread 0x00007ff69e803000 Uncommon trap: reason=unstable_if action=reinterpret pc=0x000000010da5609c method=org.eclipse.swt.widgets.Display.windowProc(JJJ)J @ 747
Event: 2425,086 Thread 0x00007ff69e803000 Uncommon trap: reason=unstable_if action=reinterpret pc=0x000000010d8bd624 method=java.lang.ref.SoftReference.get()Ljava/lang/Object; @ 17

Internal exceptions (10 events):
Event: 2425,089 Thread 0x00007ff69e803000 Exception <a 'java/io/IOException'> (0x00000007965bb9a8) thrown at [/Users/java_re/workspace/8-2-build-macosx-x86_64/jdk8u111/7883/hotspot/src/share/vm/prims/jni.cpp, line 709]
Event: 2425,090 Thread 0x00007ff69e803000 Exception <a 'java/io/IOException'> (0x00000007965bc0c8) thrown at [/Users/java_re/workspace/8-2-build-macosx-x86_64/jdk8u111/7883/hotspot/src/share/vm/prims/jni.cpp, line 709]
Event: 2425,090 Thread 0x00007ff69e803000 Exception <a 'java/io/IOException'> (0x00000007965bc378) thrown at [/Users/java_re/workspace/8-2-build-macosx-x86_64/jdk8u111/7883/hotspot/src/share/vm/prims/jni.cpp, line 709]
Event: 2425,090 Thread 0x00007ff69e803000 Exception <a 'java/io/IOException'> (0x00000007965bc5f8) thrown at [/Users/java_re/workspace/8-2-build-macosx-x86_64/jdk8u111/7883/hotspot/src/share/vm/prims/jni.cpp, line 709]
Event: 2425,090 Thread 0x00007ff69e803000 Exception <a 'java/io/IOException'> (0x00000007965bcd10) thrown at [/Users/java_re/workspace/8-2-build-macosx-x86_64/jdk8u111/7883/hotspot/src/share/vm/prims/jni.cpp, line 709]
Event: 2425,090 Thread 0x00007ff69e803000 Exception <a 'java/io/IOException'> (0x00000007965bcfc0) thrown at [/Users/java_re/workspace/8-2-build-macosx-x86_64/jdk8u111/7883/hotspot/src/share/vm/prims/jni.cpp, line 709]
Event: 2425,090 Thread 0x00007ff69e803000 Exception <a 'java/io/IOException'> (0x00000007965bd240) thrown at [/Users/java_re/workspace/8-2-build-macosx-x86_64/jdk8u111/7883/hotspot/src/share/vm/prims/jni.cpp, line 709]
Event: 2425,090 Thread 0x00007ff69e803000 Exception <a 'java/io/IOException'> (0x00000007965bd940) thrown at [/Users/java_re/workspace/8-2-build-macosx-x86_64/jdk8u111/7883/hotspot/src/share/vm/prims/jni.cpp, line 709]
Event: 2425,090 Thread 0x00007ff69e803000 Exception <a 'java/io/IOException'> (0x00000007965bdbf0) thrown at [/Users/java_re/workspace/8-2-build-macosx-x86_64/jdk8u111/7883/hotspot/src/share/vm/prims/jni.cpp, line 709]
Event: 2425,090 Thread 0x00007ff69e803000 Exception <a 'java/io/IOException'> (0x00000007965bde70) thrown at [/Users/java_re/workspace/8-2-build-macosx-x86_64/jdk8u111/7883/hotspot/src/share/vm/prims/jni.cpp, line 709]

Events (10 events):
Event: 2455,641 Thread 0x00007ff69eaca000 Thread added: 0x00007ff69eaca000
Event: 2455,642 loading class java/util/IdentityHashMap$KeyIterator
Event: 2455,642 loading class java/util/IdentityHashMap$IdentityHashMapIterator
Event: 2455,642 loading class java/util/IdentityHashMap$IdentityHashMapIterator done
Event: 2455,642 loading class java/util/IdentityHashMap$KeyIterator done
Event: 2455,642 Thread 0x00007ff69dabe000 Thread added: 0x00007ff69dabe000
Event: 2455,643 Thread 0x00007ff69eb05800 Thread added: 0x00007ff69eb05800
Event: 2455,643 Thread 0x00007ff69dabe000 Thread exited: 0x00007ff69dabe000
Event: 2455,643 Thread 0x00007ff69eb05800 Thread exited: 0x00007ff69eb05800
Event: 2455,644 Executing VM operation: Exit


Dynamic libraries:
0x000000004973f000 	/System/Library/Frameworks/Cocoa.framework/Versions/A/Cocoa
0x000000004973f000 	/System/Library/Frameworks/Security.framework/Versions/A/Security
0x000000004973f000 	/System/Library/Frameworks/ApplicationServices.framework/Versions/A/ApplicationServices
0x000000004973f000 	/usr/lib/libz.1.dylib
0x000000004973f000 	/usr/lib/libSystem.B.dylib
0x000000004973f000 	/usr/lib/libobjc.A.dylib
0x000000004973f000 	/System/Library/Frameworks/CoreFoundation.framework/Versions/A/CoreFoundation
0x000000004973f000 	/System/Library/Frameworks/Foundation.framework/Versions/C/Foundation
0x000000004973f000 	/System/Library/Frameworks/AppKit.framework/Versions/C/AppKit
0x000000004973f000 	/System/Library/Frameworks/CoreData.framework/Versions/A/CoreData
0x000000004973f000 	/System/Library/PrivateFrameworks/RemoteViewServices.framework/Versions/A/RemoteViewServices
0x000000004973f000 	/System/Library/PrivateFrameworks/UIFoundation.framework/Versions/A/UIFoundation
0x000000004973f000 	/System/Library/PrivateFrameworks/DFRFoundation.framework/Versions/A/DFRFoundation
0x000000004973f000 	/usr/lib/libenergytrace.dylib
0x000000004973f000 	/System/Library/PrivateFrameworks/SkyLight.framework/Versions/A/SkyLight
0x000000004973f000 	/System/Library/Frameworks/CoreGraphics.framework/Versions/A/CoreGraphics
0x000000004973f000 	/usr/lib/libScreenReader.dylib
0x000000004973f000 	/System/Library/Frameworks/Accelerate.framework/Versions/A/Accelerate
0x000000004973f000 	/System/Library/Frameworks/IOSurface.framework/Versions/A/IOSurface
0x000000004973f000 	/System/Library/Frameworks/AudioToolbox.framework/Versions/A/AudioToolbox
0x000000004973f000 	/System/Library/Frameworks/AudioUnit.framework/Versions/A/AudioUnit
0x000000004973f000 	/System/Library/PrivateFrameworks/DataDetectorsCore.framework/Versions/A/DataDetectorsCore
0x000000004973f000 	/System/Library/PrivateFrameworks/DesktopServicesPriv.framework/Versions/A/DesktopServicesPriv
0x000000004973f000 	/System/Library/Frameworks/Carbon.framework/Versions/A/Frameworks/HIToolbox.framework/Versions/A/HIToolbox
0x000000004973f000 	/usr/lib/libicucore.A.dylib
0x000000004973f000 	/System/Library/Frameworks/QuartzCore.framework/Versions/A/QuartzCore
0x000000004973f000 	/System/Library/Frameworks/Carbon.framework/Versions/A/Frameworks/SpeechRecognition.framework/Versions/A/SpeechRecognition
0x000000004973f000 	/usr/lib/libauto.dylib
0x000000004973f000 	/usr/lib/libxml2.2.dylib
0x000000004973f000 	/System/Library/PrivateFrameworks/CoreUI.framework/Versions/A/CoreUI
0x000000004973f000 	/System/Library/Frameworks/CoreAudio.framework/Versions/A/CoreAudio
0x000000004973f000 	/System/Library/Frameworks/DiskArbitration.framework/Versions/A/DiskArbitration
0x000000004973f000 	/usr/lib/liblangid.dylib
0x000000004973f000 	/System/Library/PrivateFrameworks/MultitouchSupport.framework/Versions/A/MultitouchSupport
0x000000004973f000 	/System/Library/Frameworks/IOKit.framework/Versions/A/IOKit
0x000000004973f000 	/usr/lib/libDiagnosticMessagesClient.dylib
0x000000004973f000 	/System/Library/Frameworks/CoreServices.framework/Versions/A/CoreServices
0x000000004973f000 	/System/Library/PrivateFrameworks/PerformanceAnalysis.framework/Versions/A/PerformanceAnalysis
0x000000004973f000 	/System/Library/PrivateFrameworks/GenerationalStorage.framework/Versions/A/GenerationalStorage
0x000000004973f000 	/System/Library/Frameworks/OpenGL.framework/Versions/A/OpenGL
0x000000004973f000 	/System/Library/Frameworks/CoreImage.framework/Versions/A/CoreImage
0x000000004973f000 	/System/Library/Frameworks/CoreText.framework/Versions/A/CoreText
0x000000004973f000 	/System/Library/Frameworks/ImageIO.framework/Versions/A/ImageIO
0x000000004973f000 	/System/Library/PrivateFrameworks/Backup.framework/Versions/A/Backup
0x000000004973f000 	/usr/lib/libarchive.2.dylib
0x000000004973f000 	/System/Library/Frameworks/CFNetwork.framework/Versions/A/CFNetwork
0x000000004973f000 	/System/Library/Frameworks/SystemConfiguration.framework/Versions/A/SystemConfiguration
0x000000004973f000 	/usr/lib/libCRFSuite.dylib
0x000000004973f000 	/usr/lib/libc++.1.dylib
0x000000004973f000 	/usr/lib/libc++abi.dylib
0x000000004973f000 	/usr/lib/system/libcache.dylib
0x000000004973f000 	/usr/lib/system/libcommonCrypto.dylib
0x000000004973f000 	/usr/lib/system/libcompiler_rt.dylib
0x000000004973f000 	/usr/lib/system/libcopyfile.dylib
0x000000004973f000 	/usr/lib/system/libcorecrypto.dylib
0x000000004973f000 	/usr/lib/system/libdispatch.dylib
0x000000004973f000 	/usr/lib/system/libdyld.dylib
0x000000004973f000 	/usr/lib/system/libkeymgr.dylib
0x000000004973f000 	/usr/lib/system/liblaunch.dylib
0x000000004973f000 	/usr/lib/system/libmacho.dylib
0x000000004973f000 	/usr/lib/system/libquarantine.dylib
0x000000004973f000 	/usr/lib/system/libremovefile.dylib
0x000000004973f000 	/usr/lib/system/libsystem_asl.dylib
0x000000004973f000 	/usr/lib/system/libsystem_blocks.dylib
0x000000004973f000 	/usr/lib/system/libsystem_c.dylib
0x000000004973f000 	/usr/lib/system/libsystem_configuration.dylib
0x000000004973f000 	/usr/lib/system/libsystem_coreservices.dylib
0x000000004973f000 	/usr/lib/system/libsystem_coretls.dylib
0x000000004973f000 	/usr/lib/system/libsystem_dnssd.dylib
0x000000004973f000 	/usr/lib/system/libsystem_info.dylib
0x000000004973f000 	/usr/lib/system/libsystem_kernel.dylib
0x000000004973f000 	/usr/lib/system/libsystem_m.dylib
0x000000004973f000 	/usr/lib/system/libsystem_malloc.dylib
0x000000004973f000 	/usr/lib/system/libsystem_network.dylib
0x000000004973f000 	/usr/lib/system/libsystem_networkextension.dylib
0x000000004973f000 	/usr/lib/system/libsystem_notify.dylib
0x000000004973f000 	/usr/lib/system/libsystem_platform.dylib
0x000000004973f000 	/usr/lib/system/libsystem_pthread.dylib
0x000000004973f000 	/usr/lib/system/libsystem_sandbox.dylib
0x000000004973f000 	/usr/lib/system/libsystem_secinit.dylib
0x000000004973f000 	/usr/lib/system/libsystem_symptoms.dylib
0x000000004973f000 	/usr/lib/system/libsystem_trace.dylib
0x000000004973f000 	/usr/lib/system/libunwind.dylib
0x000000004973f000 	/usr/lib/system/libxpc.dylib
0x000000004973f000 	/usr/lib/libbsm.0.dylib
0x000000004973f000 	/usr/lib/system/libkxld.dylib
0x000000004973f000 	/usr/lib/libcoretls.dylib
0x000000004973f000 	/usr/lib/libcoretls_cfhelpers.dylib
0x000000004973f000 	/usr/lib/libxar.1.dylib
0x000000004973f000 	/usr/lib/libsqlite3.dylib
0x000000004973f000 	/usr/lib/libpam.2.dylib
0x000000004973f000 	/usr/lib/libOpenScriptingUtil.dylib
0x000000004973f000 	/usr/lib/libbz2.1.0.dylib
0x000000004973f000 	/usr/lib/liblzma.5.dylib
0x000000004973f000 	/usr/lib/libnetwork.dylib
0x000000004973f000 	/usr/lib/libpcap.A.dylib
0x000000004973f000 	/System/Library/Frameworks/CoreServices.framework/Versions/A/Frameworks/FSEvents.framework/Versions/A/FSEvents
0x000000004973f000 	/System/Library/Frameworks/CoreServices.framework/Versions/A/Frameworks/CarbonCore.framework/Versions/A/CarbonCore
0x000000004973f000 	/System/Library/Frameworks/CoreServices.framework/Versions/A/Frameworks/Metadata.framework/Versions/A/Metadata
0x000000004973f000 	/System/Library/Frameworks/CoreServices.framework/Versions/A/Frameworks/OSServices.framework/Versions/A/OSServices
0x000000004973f000 	/System/Library/Frameworks/CoreServices.framework/Versions/A/Frameworks/SearchKit.framework/Versions/A/SearchKit
0x000000004973f000 	/System/Library/Frameworks/CoreServices.framework/Versions/A/Frameworks/AE.framework/Versions/A/AE
0x000000004973f000 	/System/Library/Frameworks/CoreServices.framework/Versions/A/Frameworks/LaunchServices.framework/Versions/A/LaunchServices
0x000000004973f000 	/System/Library/Frameworks/CoreServices.framework/Versions/A/Frameworks/DictionaryServices.framework/Versions/A/DictionaryServices
0x000000004973f000 	/System/Library/Frameworks/CoreServices.framework/Versions/A/Frameworks/SharedFileList.framework/Versions/A/SharedFileList
0x000000004973f000 	/System/Library/Frameworks/NetFS.framework/Versions/A/NetFS
0x000000004973f000 	/System/Library/PrivateFrameworks/NetAuth.framework/Versions/A/NetAuth
0x000000004973f000 	/System/Library/PrivateFrameworks/login.framework/Versions/A/Frameworks/loginsupport.framework/Versions/A/loginsupport
0x000000004973f000 	/System/Library/PrivateFrameworks/TCC.framework/Versions/A/TCC
0x000000004973f000 	/usr/lib/libmecabra.dylib
0x000000004973f000 	/System/Library/Frameworks/ApplicationServices.framework/Versions/A/Frameworks/ATS.framework/Versions/A/ATS
0x000000004973f000 	/System/Library/Frameworks/ApplicationServices.framework/Versions/A/Frameworks/ColorSync.framework/Versions/A/ColorSync
0x000000004973f000 	/System/Library/Frameworks/ApplicationServices.framework/Versions/A/Frameworks/HIServices.framework/Versions/A/HIServices
0x000000004973f000 	/System/Library/Frameworks/ApplicationServices.framework/Versions/A/Frameworks/LangAnalysis.framework/Versions/A/LangAnalysis
0x000000004973f000 	/System/Library/Frameworks/ApplicationServices.framework/Versions/A/Frameworks/PrintCore.framework/Versions/A/PrintCore
0x000000004973f000 	/System/Library/Frameworks/ApplicationServices.framework/Versions/A/Frameworks/QD.framework/Versions/A/QD
0x000000004973f000 	/System/Library/Frameworks/ApplicationServices.framework/Versions/A/Frameworks/SpeechSynthesis.framework/Versions/A/SpeechSynthesis
0x000000004973f000 	/System/Library/Frameworks/Accelerate.framework/Versions/A/Frameworks/vImage.framework/Versions/A/vImage
0x000000004973f000 	/System/Library/Frameworks/Accelerate.framework/Versions/A/Frameworks/vecLib.framework/Versions/A/vecLib
0x000000004973f000 	/System/Library/Frameworks/Accelerate.framework/Versions/A/Frameworks/vecLib.framework/Versions/A/libvDSP.dylib
0x000000004973f000 	/System/Library/Frameworks/Accelerate.framework/Versions/A/Frameworks/vecLib.framework/Versions/A/libBNNS.dylib
0x000000004973f000 	/System/Library/Frameworks/Accelerate.framework/Versions/A/Frameworks/vecLib.framework/Versions/A/libQuadrature.dylib
0x000000004973f000 	/System/Library/Frameworks/Accelerate.framework/Versions/A/Frameworks/vecLib.framework/Versions/A/libvMisc.dylib
0x000000004973f000 	/System/Library/Frameworks/Accelerate.framework/Versions/A/Frameworks/vecLib.framework/Versions/A/libLAPACK.dylib
0x000000004973f000 	/System/Library/Frameworks/Accelerate.framework/Versions/A/Frameworks/vecLib.framework/Versions/A/libBLAS.dylib
0x000000004973f000 	/System/Library/Frameworks/Accelerate.framework/Versions/A/Frameworks/vecLib.framework/Versions/A/libLinearAlgebra.dylib
0x000000004973f000 	/System/Library/Frameworks/Accelerate.framework/Versions/A/Frameworks/vecLib.framework/Versions/A/libSparseBLAS.dylib
0x000000004973f000 	/System/Library/Frameworks/ApplicationServices.framework/Versions/A/Frameworks/ATS.framework/Versions/A/Resources/libFontParser.dylib
0x000000004973f000 	/System/Library/Frameworks/ApplicationServices.framework/Versions/A/Frameworks/ATS.framework/Versions/A/Resources/libFontRegistry.dylib
0x000000004973f000 	/System/Library/Frameworks/ImageIO.framework/Versions/A/Resources/libJPEG.dylib
0x000000004973f000 	/System/Library/Frameworks/ImageIO.framework/Versions/A/Resources/libTIFF.dylib
0x000000004973f000 	/System/Library/Frameworks/ImageIO.framework/Versions/A/Resources/libPng.dylib
0x000000004973f000 	/System/Library/Frameworks/ImageIO.framework/Versions/A/Resources/libGIF.dylib
0x000000004973f000 	/System/Library/Frameworks/ImageIO.framework/Versions/A/Resources/libJP2.dylib
0x000000004973f000 	/System/Library/Frameworks/ImageIO.framework/Versions/A/Resources/libRadiance.dylib
0x000000004973f000 	/usr/lib/libcompression.dylib
0x000000004973f000 	/System/Library/PrivateFrameworks/AppleJPEG.framework/Versions/A/AppleJPEG
0x000000004973f000 	/usr/lib/libcups.2.dylib
0x000000004973f000 	/System/Library/Frameworks/Kerberos.framework/Versions/A/Kerberos
0x000000004973f000 	/System/Library/Frameworks/GSS.framework/Versions/A/GSS
0x000000004973f000 	/usr/lib/libresolv.9.dylib
0x000000004973f000 	/usr/lib/libiconv.2.dylib
0x000000004973f000 	/System/Library/PrivateFrameworks/Heimdal.framework/Versions/A/Heimdal
0x000000004973f000 	/usr/lib/libheimdal-asn1.dylib
0x000000004973f000 	/System/Library/Frameworks/OpenDirectory.framework/Versions/A/OpenDirectory
0x000000004973f000 	/System/Library/PrivateFrameworks/CommonAuth.framework/Versions/A/CommonAuth
0x000000004973f000 	/System/Library/Frameworks/OpenDirectory.framework/Versions/A/Frameworks/CFOpenDirectory.framework/Versions/A/CFOpenDirectory
0x000000004973f000 	/System/Library/Frameworks/SecurityFoundation.framework/Versions/A/SecurityFoundation
0x000000004973f000 	/System/Library/PrivateFrameworks/LanguageModeling.framework/Versions/A/LanguageModeling
0x000000004973f000 	/usr/lib/libmarisa.dylib
0x000000004973f000 	/usr/lib/libChineseTokenizer.dylib
0x000000004973f000 	/usr/lib/libcmph.dylib
0x000000004973f000 	/System/Library/PrivateFrameworks/CoreEmoji.framework/Versions/A/CoreEmoji
0x000000004973f000 	/System/Library/Frameworks/ServiceManagement.framework/Versions/A/ServiceManagement
0x000000004973f000 	/usr/lib/libxslt.1.dylib
0x000000004973f000 	/System/Library/Frameworks/Carbon.framework/Versions/A/Frameworks/Ink.framework/Versions/A/Ink
0x000000004973f000 	/System/Library/PrivateFrameworks/TextureIO.framework/Versions/A/TextureIO
0x000000004973f000 	/System/Library/Frameworks/Metal.framework/Versions/A/Metal
0x000000004973f000 	/usr/lib/libate.dylib
0x000000004973f000 	/System/Library/PrivateFrameworks/GPUCompiler.framework/libmetal_timestamp.dylib
0x000000004973f000 	/System/Library/Frameworks/OpenGL.framework/Versions/A/Libraries/libCoreFSCache.dylib
0x000000004973f000 	/System/Library/PrivateFrameworks/IOAccelerator.framework/Versions/A/IOAccelerator
0x000000004973f000 	/System/Library/Frameworks/CoreVideo.framework/Versions/A/CoreVideo
0x000000004973f000 	/usr/lib/libFosl_dynamic.dylib
0x000000004973f000 	/System/Library/PrivateFrameworks/MetalPerformanceShaders.framework/Versions/A/MetalPerformanceShaders
0x000000004973f000 	/System/Library/PrivateFrameworks/FaceCore.framework/Versions/A/FaceCore
0x000000004973f000 	/System/Library/Frameworks/OpenCL.framework/Versions/A/OpenCL
0x000000004973f000 	/System/Library/Frameworks/OpenGL.framework/Versions/A/Libraries/libGLU.dylib
0x000000004973f000 	/System/Library/Frameworks/OpenGL.framework/Versions/A/Libraries/libGFXShared.dylib
0x000000004973f000 	/System/Library/Frameworks/OpenGL.framework/Versions/A/Libraries/libGL.dylib
0x000000004973f000 	/System/Library/Frameworks/OpenGL.framework/Versions/A/Libraries/libGLImage.dylib
0x000000004973f000 	/System/Library/Frameworks/OpenGL.framework/Versions/A/Libraries/libCVMSPluginSupport.dylib
0x000000004973f000 	/System/Library/Frameworks/OpenGL.framework/Versions/A/Libraries/libCoreVMClient.dylib
0x000000004973f000 	/System/Library/PrivateFrameworks/CrashReporterSupport.framework/Versions/A/CrashReporterSupport
0x000000004973f000 	/System/Library/PrivateFrameworks/Sharing.framework/Versions/A/Sharing
0x000000004973f000 	/System/Library/PrivateFrameworks/IconServices.framework/Versions/A/IconServices
0x000000004973f000 	/System/Library/PrivateFrameworks/ProtocolBuffer.framework/Versions/A/ProtocolBuffer
0x000000004973f000 	/System/Library/PrivateFrameworks/Apple80211.framework/Versions/A/Apple80211
0x000000004973f000 	/System/Library/Frameworks/CoreWLAN.framework/Versions/A/CoreWLAN
0x000000004973f000 	/System/Library/PrivateFrameworks/CoreUtils.framework/Versions/A/CoreUtils
0x000000004973f000 	/System/Library/Frameworks/IOBluetooth.framework/Versions/A/IOBluetooth
0x000000004973f000 	/System/Library/PrivateFrameworks/CoreWiFi.framework/Versions/A/CoreWiFi
0x000000004973f000 	/System/Library/Frameworks/CoreBluetooth.framework/Versions/A/CoreBluetooth
0x000000004973f000 	/System/Library/Frameworks/CoreDisplay.framework/Versions/A/CoreDisplay
0x000000004973f000 	/System/Library/PrivateFrameworks/IOPresentment.framework/Versions/A/IOPresentment
0x000000004973f000 	/System/Library/PrivateFrameworks/DebugSymbols.framework/Versions/A/DebugSymbols
0x000000004973f000 	/System/Library/PrivateFrameworks/CoreSymbolication.framework/Versions/A/CoreSymbolication
0x000000004973f000 	/System/Library/PrivateFrameworks/Symbolication.framework/Versions/A/Symbolication
0x000000004973f000 	/System/Library/PrivateFrameworks/AppleFSCompression.framework/Versions/A/AppleFSCompression
0x000000004973f000 	/System/Library/PrivateFrameworks/SpeechRecognitionCore.framework/Versions/A/SpeechRecognitionCore
0x000000004973f000 	/System/Library/PrivateFrameworks/ChunkingLibrary.framework/Versions/A/ChunkingLibrary
0x0000000045ef6000 	/System/Library/CoreServices/Encodings/libCyrillicConverter.dylib
0x0000000100c00000 	/Library/Java/JavaVirtualMachines/jdk1.8.0_111.jdk/Contents/Home/jre/lib/server/libjvm.dylib
0x000000004973f000 	/usr/lib/libstdc++.6.dylib
0x000000010025f000 	/Library/Java/JavaVirtualMachines/jdk1.8.0_111.jdk/Contents/Home/jre/lib/libverify.dylib
0x000000010026d000 	/Library/Java/JavaVirtualMachines/jdk1.8.0_111.jdk/Contents/Home/jre/lib/libjava.dylib
0x00000001002ab000 	/Library/Java/JavaVirtualMachines/jdk1.8.0_111.jdk/Contents/Home/jre/lib/libzip.dylib
0x0000000108392000 	/System/Library/Frameworks/JavaVM.framework/Frameworks/JavaRuntimeSupport.framework/JavaRuntimeSupport
0x00000001083ac000 	/System/Library/Frameworks/JavaVM.framework/Versions/A/Frameworks/JavaNativeFoundation.framework/Versions/A/JavaNativeFoundation
0x00000001083c1000 	/System/Library/Frameworks/JavaVM.framework/Versions/A/JavaVM
0x000000004973f000 	/System/Library/Frameworks/Carbon.framework/Versions/A/Carbon
0x00000001083ce000 	/System/Library/PrivateFrameworks/JavaLaunching.framework/Versions/A/JavaLaunching
0x000000004973f000 	/System/Library/Frameworks/Carbon.framework/Versions/A/Frameworks/CommonPanels.framework/Versions/A/CommonPanels
0x000000004973f000 	/System/Library/Frameworks/Carbon.framework/Versions/A/Frameworks/Help.framework/Versions/A/Help
0x000000004973f000 	/System/Library/Frameworks/Carbon.framework/Versions/A/Frameworks/ImageCapture.framework/Versions/A/ImageCapture
0x000000004973f000 	/System/Library/Frameworks/Carbon.framework/Versions/A/Frameworks/OpenScripting.framework/Versions/A/OpenScripting
0x000000004973f000 	/System/Library/Frameworks/Carbon.framework/Versions/A/Frameworks/Print.framework/Versions/A/Print
0x000000004973f000 	/System/Library/Frameworks/Carbon.framework/Versions/A/Frameworks/SecurityHI.framework/Versions/A/SecurityHI
0x000000010a090000 	/Library/Java/JavaVirtualMachines/jdk1.8.0_111.jdk/Contents/Home/jre/lib/libosx.dylib
0x000000010a09e000 	/Library/Java/JavaVirtualMachines/jdk1.8.0_111.jdk/Contents/Home/jre/lib/./libosxapp.dylib
0x000000004973f000 	/System/Library/Frameworks/ExceptionHandling.framework/Versions/A/ExceptionHandling
0x000000010a0ba000 	/private/var/folders/t3/r1mphbd94g9fnys5k2x48h840000gn/T/swtlib-64/libswt-cocoa-3557.jnilib
0x000000004973f000 	/System/Library/Frameworks/WebKit.framework/Versions/A/WebKit
0x000000004973f000 	/System/Library/Frameworks/WebKit.framework/Versions/A/Frameworks/WebKitLegacy.framework/Versions/A/WebKitLegacy
0x000000004973f000 	/System/Library/Frameworks/JavaScriptCore.framework/Versions/A/JavaScriptCore
0x000000004973f000 	/System/Library/Frameworks/WebKit.framework/Versions/A/Frameworks/WebCore.framework/Versions/A/WebCore
0x000000010a107000 	/private/var/folders/t3/r1mphbd94g9fnys5k2x48h840000gn/T/swtlib-64/libswt-pi-cocoa-3557.jnilib
0x000000004973f000 	/System/Library/PrivateFrameworks/CoreServicesInternal.framework/Versions/A/CoreServicesInternal
0x000000004973f000 	/System/Library/Frameworks/Accelerate.framework/Versions/A/Frameworks/vImage.framework/Versions/A/Libraries/libCGInterfaces.dylib
0x000000004973f000 	/System/Library/Frameworks/ApplicationServices.framework/Versions/A/Frameworks/ATS.framework/Versions/A/Resources/libTrueTypeScaler.dylib
0x000000010bbfe000 	/System/Library/Frameworks/OpenGL.framework/Resources/GLEngine.bundle/GLEngine
0x000000010bde2000 	/System/Library/Frameworks/OpenGL.framework/Versions/A/Libraries/libGLProgrammability.dylib
0x000000010c210000 	/System/Library/Extensions/AppleIntelSKLGraphicsGLDriver.bundle/Contents/MacOS/AppleIntelSKLGraphicsGLDriver
0x000000004973f000 	/System/Library/PrivateFrameworks/GPUSupport.framework/Versions/A/Libraries/libGPUSupportMercury.dylib
0x000000010cfbe000 	/System/Library/Frameworks/OpenGL.framework/Resources//GLRendererFloat.bundle/GLRendererFloat
0x000000004973f000 	/System/Library/Frameworks/OpenCL.framework/Versions/A/Libraries/libcldcpuengine.dylib
0x000000004973f000 	/usr/lib/libcrypto.0.9.8.dylib
0x000000004973f000 	/System/Library/PrivateFrameworks/TrustEvaluationAgent.framework/Versions/A/TrustEvaluationAgent
0x000000010cff2000 	/System/Library/Extensions/AppleIntelSKLGraphicsMTLDriver.bundle/Contents/MacOS/AppleIntelSKLGraphicsMTLDriver
0x000000004973f000 	/System/Library/CoreServices/RawCamera.bundle/Contents/MacOS/RawCamera
0x000000004973f000 	/System/Library/PrivateFrameworks/FinderKit.framework/Versions/A/FinderKit
0x000000004973f000 	/System/Library/Frameworks/Quartz.framework/Versions/A/Frameworks/QuickLookUI.framework/Versions/A/QuickLookUI
0x000000004973f000 	/System/Library/Frameworks/Quartz.framework/Versions/A/Frameworks/ImageKit.framework/Versions/A/ImageKit
0x000000004973f000 	/System/Library/PrivateFrameworks/Bom.framework/Versions/A/Bom
0x000000004973f000 	/System/Library/Frameworks/QuickLook.framework/Versions/A/QuickLook
0x000000004973f000 	/System/Library/PrivateFrameworks/Suggestions.framework/Versions/A/Suggestions
0x000000004973f000 	/System/Library/PrivateFrameworks/SystemAdministration.framework/Versions/A/SystemAdministration
0x000000004973f000 	/System/Library/PrivateFrameworks/DiskImages.framework/Versions/A/DiskImages
0x000000004973f000 	/System/Library/PrivateFrameworks/AppleSystemInfo.framework/Versions/A/AppleSystemInfo
0x000000004973f000 	/System/Library/Frameworks/ImageCaptureCore.framework/Versions/A/ImageCaptureCore
0x000000004973f000 	/System/Library/Frameworks/SafariServices.framework/Versions/A/SafariServices
0x000000004973f000 	/System/Library/Frameworks/QTKit.framework/Versions/A/QTKit
0x000000004973f000 	/System/Library/PrivateFrameworks/MobileKeyBag.framework/Versions/A/MobileKeyBag
0x000000004973f000 	/System/Library/PrivateFrameworks/ViewBridge.framework/Versions/A/ViewBridge
0x000000004973f000 	/System/Library/PrivateFrameworks/XPCService.framework/Versions/A/XPCService
0x000000004973f000 	/System/Library/PrivateFrameworks/AppSandbox.framework/Versions/A/AppSandbox
0x000000004973f000 	/usr/lib/libsandbox.1.dylib
0x000000004973f000 	/System/Library/PrivateFrameworks/AppContainer.framework/Versions/A/AppContainer
0x000000004973f000 	/System/Library/PrivateFrameworks/SecCodeWrapper.framework/Versions/A/SecCodeWrapper
0x000000004973f000 	/usr/lib/libMatch.1.dylib
0x000000004973f000 	/System/Library/Frameworks/AVFoundation.framework/Versions/A/AVFoundation
0x000000004973f000 	/System/Library/Frameworks/CoreMedia.framework/Versions/A/CoreMedia
0x000000004973f000 	/System/Library/Frameworks/MediaToolbox.framework/Versions/A/MediaToolbox
0x000000004973f000 	/System/Library/Frameworks/VideoToolbox.framework/Versions/A/VideoToolbox
0x000000004973f000 	/System/Library/PrivateFrameworks/CoreMediaAuthoring.framework/Versions/A/CoreMediaAuthoring
0x000000004973f000 	/System/Library/Frameworks/CoreMediaIO.framework/Versions/A/CoreMediaIO
0x000000004973f000 	/System/Library/Frameworks/AVFoundation.framework/Versions/A/Frameworks/AVFAudio.framework/Versions/A/AVFAudio
0x000000004973f000 	/System/Library/PrivateFrameworks/IntlPreferences.framework/Versions/A/IntlPreferences
0x000000004973f000 	/usr/lib/libspindump.dylib
0x000000004973f000 	/usr/lib/libdscsym.dylib
0x000000004973f000 	/System/Library/PrivateFrameworks/CoreAVCHD.framework/Versions/A/CoreAVCHD
0x000000004973f000 	/System/Library/Frameworks/MediaAccessibility.framework/Versions/A/MediaAccessibility
0x000000004973f000 	/System/Library/PrivateFrameworks/Mangrove.framework/Versions/A/Mangrove
0x000000004973f000 	/System/Library/PrivateFrameworks/CoreAUC.framework/Versions/A/CoreAUC
0x000000004973f000 	/System/Library/PrivateFrameworks/AppleVA.framework/Versions/A/AppleVA
0x000000004973f000 	/System/Library/PrivateFrameworks/QuickLookThumbnailing.framework/Versions/A/QuickLookThumbnailing
0x000000004973f000 	/System/Library/PrivateFrameworks/DisplayServices.framework/Versions/A/DisplayServices
0x000000004973f000 	/System/Library/Frameworks/Quartz.framework/Versions/A/Frameworks/PDFKit.framework/Versions/A/PDFKit
0x000000004973f000 	/System/Library/Frameworks/Quartz.framework/Versions/A/Frameworks/QuartzComposer.framework/Versions/A/QuartzComposer
0x000000004973f000 	/System/Library/Frameworks/Quartz.framework/Versions/A/Frameworks/QuartzFilters.framework/Versions/A/QuartzFilters
0x000000004973f000 	/System/Library/PrivateFrameworks/CorePDF.framework/Versions/A/CorePDF
0x000000004973f000 	/System/Library/Frameworks/AddressBook.framework/Versions/A/AddressBook
0x000000004973f000 	/System/Library/PrivateFrameworks/ContactsPersistence.framework/Versions/A/ContactsPersistence
0x000000004973f000 	/System/Library/PrivateFrameworks/CalendarAgentLink.framework/Versions/A/CalendarAgentLink
0x000000004973f000 	/System/Library/PrivateFrameworks/ContactsFoundation.framework/Versions/A/ContactsFoundation
0x000000004973f000 	/System/Library/PrivateFrameworks/vCard.framework/Versions/A/vCard
0x000000004973f000 	/System/Library/PrivateFrameworks/ToneLibrary.framework/Versions/A/ToneLibrary
0x000000004973f000 	/System/Library/PrivateFrameworks/ToneKit.framework/Versions/A/ToneKit
0x000000004973f000 	/System/Library/PrivateFrameworks/ApplePushService.framework/Versions/A/ApplePushService
0x000000004973f000 	/System/Library/Frameworks/DirectoryService.framework/Versions/A/DirectoryService
0x000000004973f000 	/System/Library/Frameworks/SecurityInterface.framework/Versions/A/SecurityInterface
0x000000004973f000 	/System/Library/PrivateFrameworks/PhoneNumbers.framework/Versions/A/PhoneNumbers
0x000000004973f000 	/System/Library/Frameworks/Quartz.framework/Versions/A/Quartz
0x000000004973f000 	/System/Library/Frameworks/LDAP.framework/Versions/A/LDAP
0x000000004973f000 	/System/Library/Frameworks/Accounts.framework/Versions/A/Accounts
0x000000004973f000 	/System/Library/PrivateFrameworks/OAuth.framework/Versions/A/OAuth
0x000000004973f000 	/System/Library/PrivateFrameworks/CoreDaemon.framework/Versions/B/CoreDaemon
0x000000004973f000 	/System/Library/PrivateFrameworks/AppleSRP.framework/Versions/A/AppleSRP
0x000000004973f000 	/usr/lib/libsasl2.2.dylib
0x000000004973f000 	/System/Library/PrivateFrameworks/LoginUIKit.framework/Versions/A/Frameworks/LoginUICore.framework/Versions/A/LoginUICore
0x000000004973f000 	/usr/lib/libCoreStorage.dylib
0x000000004973f000 	/usr/lib/libcsfde.dylib
0x000000004973f000 	/usr/lib/libodfde.dylib
0x000000004973f000 	/System/Library/Frameworks/DiscRecording.framework/Versions/A/DiscRecording
0x000000004973f000 	/usr/lib/libcurl.4.dylib
0x000000004973f000 	/System/Library/PrivateFrameworks/MediaKit.framework/Versions/A/MediaKit
0x000000004973f000 	/System/Library/PrivateFrameworks/ProtectedCloudStorage.framework/Versions/A/ProtectedCloudStorage
0x000000004973f000 	/System/Library/PrivateFrameworks/EFILogin.framework/Versions/A/EFILogin
0x000000004973f000 	/usr/lib/libutil.dylib
0x000000004973f000 	/System/Library/PrivateFrameworks/APFS.framework/Versions/A/APFS
0x000000004973f000 	/System/Library/PrivateFrameworks/CacheDelete.framework/Versions/A/CacheDelete
0x000000004973f000 	/System/Library/PrivateFrameworks/CloudDocs.framework/Versions/A/CloudDocs
0x000000004973f000 	/System/Library/Frameworks/CloudKit.framework/Versions/A/CloudKit
0x000000004973f000 	/System/Library/PrivateFrameworks/MMCS.framework/Versions/A/MMCS
0x000000004973f000 	/System/Library/Frameworks/CoreLocation.framework/Versions/A/CoreLocation
0x000000004973f000 	/System/Library/PrivateFrameworks/AssetCacheServices.framework/Versions/A/AssetCacheServices
0x000000004973f000 	/System/Library/PrivateFrameworks/GeoServices.framework/Versions/A/GeoServices
0x000000004973f000 	/System/Library/PrivateFrameworks/PlugInKit.framework/Versions/A/PlugInKit
0x000000004973f000 	/System/Library/PrivateFrameworks/iLifeMediaBrowser.framework/Versions/A/iLifeMediaBrowser
0x000000004973f000 	/System/Library/Frameworks/AVKit.framework/Versions/A/AVKit
0x000000004973f000 	/System/Library/PrivateFrameworks/MediaRemote.framework/Versions/A/MediaRemote
0x000000004973f000 	/System/Library/PrivateFrameworks/MediaServices.framework/Versions/A/MediaServices
0x000000004973f000 	/System/Library/PrivateFrameworks/FamilyControls.framework/Versions/A/FamilyControls
0x000000004973f000 	/System/Library/PrivateFrameworks/CommerceKit.framework/Versions/A/Frameworks/CommerceCore.framework/Versions/A/CommerceCore
0x000000011e34a000 	/System/Library/Frameworks/Security.framework/PlugIns/csparser.bundle/Contents/MacOS/csparser
0x000000004973f000 	/System/Library/PrivateFrameworks/Shortcut.framework/Versions/A/Shortcut
0x000000004973f000 	/System/Library/PrivateFrameworks/HelpData.framework/Versions/A/HelpData
0x000000011e43a000 	cl_kernels
0x000000004973f000 	/System/Library/Frameworks/OpenCL.framework/Versions/A/Libraries/ImageFormats/unorm8_bgra.dylib
0x000000004973f000 	/System/Library/Frameworks/OpenCL.framework/Versions/A/Libraries/ImageFormats/unorm8_rgba.dylib
0x000000011e6c3000 	/System/Library/Frameworks/Quartz.framework/Versions/A/Frameworks/QuickLookUI.framework/Versions/A/PlugIns/Generic.qldisplay/Contents/MacOS/Generic
0x0000000123865000 	/Users/viktor/Downloads/SoarTutorial_9.4.0-OSX/bin/libJava_sml_ClientInterface.jnilib
0x0000000125155000 	/Users/viktor/Downloads/SoarTutorial_9.4.0-OSX/bin/libSoar.dylib
0x000000011e43f000 	/System/Library/PrivateFrameworks/CoreNLP.framework/Versions/A/CoreNLP

VM Arguments:
java_command: /Users/viktor/Downloads/SoarTutorial_9.4.0-OSX/bin/Eaters_TankSoar.jar
java_class_path (initial): /Users/viktor/Downloads/SoarTutorial_9.4.0-OSX/bin/Eaters_TankSoar.jar
Launcher Type: SUN_STANDARD

Environment Variables:
PATH=/usr/local/bin:/usr/bin:/bin:/usr/sbin:/sbin
SHELL=/bin/bash

Signal Handlers:
SIGSEGV: [libjvm.dylib+0x5b03ed], sa_mask[0]=11111111011111110111111111111111, sa_flags=SA_ONSTACK|SA_RESTART|SA_SIGINFO
SIGBUS: [libjvm.dylib+0x5b03ed], sa_mask[0]=11111111011111110111111111111111, sa_flags=SA_RESTART|SA_SIGINFO
SIGFPE: [libjvm.dylib+0x48711c], sa_mask[0]=11111111011111110111111111111111, sa_flags=SA_RESTART|SA_SIGINFO
SIGPIPE: SIG_IGN, sa_mask[0]=00000000000000000000000000000000, sa_flags=none
SIGXFSZ: [libjvm.dylib+0x48711c], sa_mask[0]=11111111011111110111111111111111, sa_flags=SA_RESTART|SA_SIGINFO
SIGILL: [libjvm.dylib+0x48711c], sa_mask[0]=11111111011111110111111111111111, sa_flags=SA_RESTART|SA_SIGINFO
SIGUSR1: SIG_DFL, sa_mask[0]=11011111011111100000000111000110, sa_flags=none
SIGUSR2: [libjvm.dylib+0x486c3a], sa_mask[0]=00000000000000000000000000000000, sa_flags=SA_RESTART|SA_SIGINFO
SIGHUP: [libjvm.dylib+0x485211], sa_mask[0]=11111111011111110111111111111111, sa_flags=SA_RESTART|SA_SIGINFO
SIGINT: SIG_IGN, sa_mask[0]=00000000000000000000000000000000, sa_flags=none
SIGTERM: [libjvm.dylib+0x485211], sa_mask[0]=11111111011111110111111111111111, sa_flags=SA_RESTART|SA_SIGINFO
SIGQUIT: [libjvm.dylib+0x485211], sa_mask[0]=11111111011111110111111111111111, sa_flags=SA_RESTART|SA_SIGINFO


---------------  S Y S T E M  ---------------

OS:Bsduname:Darwin 16.4.0 Darwin Kernel Version 16.4.0: Thu Dec 22 22:53:21 PST 2016; root:xnu-3789.41.3~3/RELEASE_X86_64 x86_64
rlimit: STACK 8192k, CORE 0k, NPROC 709, NOFILE 10240, AS infinity
load average:1,99 1,77 1,83

CPU:total 4 (2 cores per cpu, 2 threads per core) family 6 model 78 stepping 3, cmov, cx8, fxsr, mmx, sse, sse2, sse3, ssse3, sse4.1, sse4.2, popcnt, avx, avx2, aes, clmul, erms, rtm, 3dnowpref, lzcnt, ht, tsc, tscinvbit, bmi1, bmi2, adx

Memory: 4k page, physical 8388608k(173240k free)

/proc/meminfo:


vm_info: Java HotSpot(TM) 64-Bit Server VM (25.111-b14) for bsd-amd64 JRE (1.8.0_111-b14), built on Sep 22 2016 15:31:41 by "java_re" with gcc 4.2.1 (Based on Apple Inc. build 5658) (LLVM build 2336.11.00)

time: Sat Feb 18 21:27:59 2017
elapsed time: 2456 seconds (0d 0h 40m 56s)

