#
# A fatal error has been detected by the Java Runtime Environment:
#
#  SIGSEGV (0xb) at pc=0x000000011de38d45, pid=10923, tid=0x0000000000002c03
#
# JRE version: Java(TM) SE Runtime Environment (8.0_111-b14) (build 1.8.0_111-b14)
# Java VM: Java HotSpot(TM) 64-Bit Server VM (25.111-b14 mixed mode bsd-amd64 compressed oops)
# Problematic frame:
# C  [libswt-cocoa-3557.jnilib+0x25d45]  callback+0x297
#
# Failed to write core dump. Core dumps have been disabled. To enable core dumping, try "ulimit -c unlimited" before starting Java again
#
# If you would like to submit a bug report, please visit:
#   http://bugreport.java.com/bugreport/crash.jsp
#

---------------  T H R E A D  ---------------

Current thread (0x00007fd717857800):  VMThread [stack: 0x000070000e0e4000,0x000070000e1e4000] [id=11267]

siginfo: si_signo: 11 (SIGSEGV), si_code: 1 (SEGV_MAPERR), si_addr: 0x0000000000000078

Registers:
RAX=0x0000000000000000, RBX=0x00007fd718fe1040, RCX=0x000070000e1e3754, RDX=0x0000000000000001
RSP=0x000070000e1e3780, RBP=0x000070000e1e38b0, RSI=0x0000000000000000, RDI=0x0000000000000000
R8 =0x0000000000000000, R9 =0x00007fd71a543340, R10=0x00007fd716528520, R11=0x00007fd7182dfd00
R12=0x00007fffc014d040, R13=0x00007fffc014d040, R14=0x0000000000000000, R15=0x0000000000000000
RIP=0x000000011de38d45, EFLAGS=0x0000000000010202, ERR=0x0000000000000004
  TRAPNO=0x000000000000000e

Top of Stack: (sp=0x000070000e1e3780)
0x000070000e1e3780:   000000011de38b37 00007fffc97e82f0
0x000070000e1e3790:   000070000e1e37e0 0000000000000000
0x000070000e1e37a0:   00007fffa9a03751 00007fffc5d11e80
0x000070000e1e37b0:   00007fffa8f1459a 00000000fff7f3f3
0x000070000e1e37c0:   00007fd7178579f8 00007fd716743808
0x000070000e1e37d0:   00007fd716715fd0 0000000200010000
0x000070000e1e37e0:   0000000000000000 00007fff00000000
0x000070000e1e37f0:   00007fffc989ef00 00000000e5aa9240
0x000070000e1e3800:   00007fd718fe1040 00007fd716776b00
0x000070000e1e3810:   00007fffa9a08f30 0000000000000000
0x000070000e1e3820:   0000000000000000 00007fd71a543340
0x000070000e1e3830:   00000000000000f8 00007fffa99fc587
0x000070000e1e3840:   000070000e1e3910 00007fffc014dad4
0x000070000e1e3850:   00007fd71a543340 0000000000000000
0x000070000e1e3860:   0000000000000000 0000000000000000
0x000070000e1e3870:   00007fffa9a03751 00007fd718fe1040
0x000070000e1e3880:   00007fd71a0736e0 00007fd71a556dc0
0x000070000e1e3890:   0000000000000000 0000000000000000
0x000070000e1e38a0:   0000000000000000 0000000000000000
0x000070000e1e38b0:   000070000e1e38d0 000000011de172ba
0x000070000e1e38c0:   00007fffa9a08f30 00007fd716776b00
0x000070000e1e38d0:   000070000e1e3910 00007fffa8f14610
0x000070000e1e38e0:   0000000048d06e55 0000000000000000
0x000070000e1e38f0:   000070000e1e39a0 0000000000000000
0x000070000e1e3900:   00000000000000f8 00007fffa99fc587
0x000070000e1e3910:   000070000e1e3970 00007fffa907121c
0x000070000e1e3920:   00007fd71a07bc70 00007fd71a07bc70
0x000070000e1e3930:   000070000e1e3940 0000000000000000
0x000070000e1e3940:   000070000e1e3950 00007fd718fe1040
0x000070000e1e3950:   00007fffa9a0536a 00007fffc014d040
0x000070000e1e3960:   00007fffa99f8204 0000000000000000
0x000070000e1e3970:   000070000e1e39f0 00007fffa9070fc4 

Instructions: (pc=0x000000011de38d45)
0x000000011de38d25:   ff ff 01 00 00 00 48 8b 85 10 ff ff ff 48 85 c0
0x000000011de38d35:   0f 84 44 03 00 00 48 8b 85 10 ff ff ff 48 8b 00
0x000000011de38d45:   48 8b 40 78 48 8b bd 10 ff ff ff ff d0 48 85 c0
0x000000011de38d55:   0f 85 b0 02 00 00 48 8d 3d 46 77 01 00 e8 4b 03 

Register to memory mapping:

RAX=0x0000000000000000 is an unknown value
RBX=0x00007fd718fe1040 is an unknown value
RCX=0x000070000e1e3754 is an unknown value
RDX=0x0000000000000001 is an unknown value
RSP=0x000070000e1e3780 is an unknown value
RBP=0x000070000e1e38b0 is an unknown value
RSI=0x0000000000000000 is an unknown value
RDI=0x0000000000000000 is an unknown value
R8 =0x0000000000000000 is an unknown value
R9 =0x00007fd71a543340 is an unknown value
R10=0x00007fd716528520 is an unknown value
R11=0x00007fd7182dfd00 is an unknown value
R12=0x00007fffc014d040: objc_msgSend+0 in /usr/lib/libobjc.A.dylib at 0x00007fffc0146000
R13=0x00007fffc014d040: objc_msgSend+0 in /usr/lib/libobjc.A.dylib at 0x00007fffc0146000
R14=0x0000000000000000 is an unknown value
R15=0x0000000000000000 is an unknown value


Stack: [0x000070000e0e4000,0x000070000e1e4000],  sp=0x000070000e1e3780,  free space=1021k
Native frames: (J=compiled Java code, j=interpreted, Vv=VM code, C=native code)
C  [libswt-cocoa-3557.jnilib+0x25d45]  callback+0x297
C  [libswt-cocoa-3557.jnilib+0x42ba]  fn0_2+0x27
C  [AppKit+0x181610]  -[NSWindow orderWindow:relativeTo:]+0x76
C  [AppKit+0x2de21c]  __18-[NSWindow _close]_block_invoke+0x209
C  [AppKit+0x2ddfc4]  -[NSWindow _close]+0x16d
C  [FinderKit+0xaa3f9]  -[FI_TFloatingInputWindowController dealloc]+0x3b
C  [libobjc.A.dylib+0xf2e7]  _ZN11objc_object17sidetable_releaseEb+0x11d
C  [AppKit+0x56645]  -[NSWindowController release]+0x9b
C  [FinderKit+0xaa0e4]  _ZN6TNSRefIP33FI_TFloatingInputWindowControllervED1Ev+0x14
C  [libsystem_c.dylib+0x60178]  __cxa_finalize_ranges+0x14c
C  [libsystem_c.dylib+0x604b2]  exit+0x37
V  [libjvm.dylib+0x2eb6ee]
V  [libjvm.dylib+0x5b7771]
V  [libjvm.dylib+0x5b5ddd]
V  [libjvm.dylib+0x5b622a]
V  [libjvm.dylib+0x5b5b49]
V  [libjvm.dylib+0x489b0a]
C  [libsystem_pthread.dylib+0x39af]  _pthread_body+0xb4
C  [libsystem_pthread.dylib+0x38fb]  _pthread_body+0x0
C  [libsystem_pthread.dylib+0x3101]  thread_start+0xd

VM_Operation (0x000070000dc4e658): Exit, mode: safepoint, requested by thread 0x00007fd717566000


---------------  P R O C E S S  ---------------

Java Threads: ( => current thread )
  0x00007fd717566000 JavaThread "SIGTERM handler" daemon [_thread_blocked, id=59451, stack(0x000070000db4f000,0x000070000dc4f000)]
  0x00007fd7180c9800 JavaThread "DestroyJavaVM" [_thread_blocked, id=775, stack(0x00007fff5a598000,0x00007fff5ad98000)]
  0x00007fd717924000 JavaThread "Thread-3" [_thread_in_native, id=57115, stack(0x000070000ec8b000,0x000070000ed0b000)]
  0x00007fd717a31000 JavaThread "Timer-0" daemon [_thread_blocked, id=18947, stack(0x000070000e9ff000,0x000070000eaff000)]
  0x00007fd718074000 JavaThread "Service Thread" daemon [_thread_blocked, id=17923, stack(0x000070000e7f9000,0x000070000e8f9000)]
  0x00007fd716811000 JavaThread "C1 CompilerThread2" daemon [_thread_blocked, id=17411, stack(0x000070000e6f6000,0x000070000e7f6000)]
  0x00007fd718053000 JavaThread "C2 CompilerThread1" daemon [_thread_blocked, id=16899, stack(0x000070000e5f3000,0x000070000e6f3000)]
  0x00007fd716810800 JavaThread "C2 CompilerThread0" daemon [_thread_blocked, id=16387, stack(0x000070000e4f0000,0x000070000e5f0000)]
  0x00007fd71800a800 JavaThread "Finalizer" daemon [_thread_blocked, id=12291, stack(0x000070000e2ea000,0x000070000e3ea000)]
  0x00007fd718007800 JavaThread "Reference Handler" daemon [_thread_blocked, id=11779, stack(0x000070000e1e7000,0x000070000e2e7000)]

Other Threads:
=>0x00007fd717857800 VMThread [stack: 0x000070000e0e4000,0x000070000e1e4000] [id=11267]

VM state:at safepoint (shutting down)

VM Mutex/Monitor currently owned by a thread:  ([mutex/lock_event])
[0x00007fd716502a20] Threads_lock - owner thread: 0x00007fd717857800

Heap:
 PSYoungGen      total 37888K, used 15998K [0x0000000795580000, 0x0000000798280000, 0x00000007c0000000)
  eden space 32768K, 33% used [0x0000000795580000,0x0000000796055090,0x0000000797580000)
  from space 5120K, 95% used [0x0000000797600000,0x0000000797aca7a0,0x0000000797b00000)
  to   space 6656K, 0% used [0x0000000797c00000,0x0000000797c00000,0x0000000798280000)
 ParOldGen       total 87552K, used 1660K [0x0000000740000000, 0x0000000745580000, 0x0000000795580000)
  object space 87552K, 1% used [0x0000000740000000,0x000000074019f110,0x0000000745580000)
 Metaspace       used 11655K, capacity 11791K, committed 12032K, reserved 1060864K
  class space    used 1222K, capacity 1270K, committed 1280K, reserved 1048576K

Card table byte_map: [0x0000000106b61000,0x0000000106f62000] byte_map_base: 0x0000000103161000

Marking Bits: (ParMarkBitMap*) 0x00000001060efd20
 Begin Bits: [0x000000010720d000, 0x000000010920d000)
 End Bits:   [0x000000010920d000, 0x000000010b20d000)

Polling page: 0x0000000104f61000

CodeCache: size=245760Kb used=6095Kb max_used=6099Kb free=239664Kb
 bounds [0x000000010bb2d000, 0x000000010c14d000, 0x000000011ab2d000]
 total_blobs=1902 nmethods=1411 adapters=404
 compilation: enabled

Compilation events (10 events):
Event: 15680,384 Thread 0x00007fd716811000 1571       3       org.eclipse.swt.widgets.Composite::computeSize (179 bytes)
Event: 15680,385 Thread 0x00007fd716811000 nmethod 1571 0x000000010be56710 code [0x000000010be568e0, 0x000000010be571f8]
Event: 16769,775 Thread 0x00007fd716810800 1572       4       org.eclipse.swt.widgets.Display::applicationProc (218 bytes)
Event: 16769,785 Thread 0x00007fd716810800 nmethod 1572 0x000000010bf05710 code [0x000000010bf05900, 0x000000010bf05fb0]
Event: 16771,583 Thread 0x00007fd718053000 1573       4       org.eclipse.swt.widgets.Display::applicationSendEvent (395 bytes)
Event: 16771,596 Thread 0x00007fd718053000 nmethod 1573 0x000000010bf03f50 code [0x000000010bf04280, 0x000000010bf04b70]
Event: 16848,229 Thread 0x00007fd716811000 1574       3       java.nio.ByteBuffer::arrayOffset (35 bytes)
Event: 16848,230 Thread 0x00007fd716811000 nmethod 1574 0x000000010bed0e50 code [0x000000010bed0fe0, 0x000000010bed12f8]
Event: 16848,230 Thread 0x00007fd716811000 1575       3       java.nio.Buffer::position (43 bytes)
Event: 16848,230 Thread 0x00007fd716811000 nmethod 1575 0x000000010beedf10 code [0x000000010beee080, 0x000000010beee348]

GC Heap History (10 events):
Event: 173,636 GC heap before
{Heap before GC invocations=1 (full 0):
 PSYoungGen      total 38400K, used 33280K [0x0000000795580000, 0x0000000798000000, 0x00000007c0000000)
  eden space 33280K, 100% used [0x0000000795580000,0x0000000797600000,0x0000000797600000)
  from space 5120K, 0% used [0x0000000797b00000,0x0000000797b00000,0x0000000798000000)
  to   space 5120K, 0% used [0x0000000797600000,0x0000000797600000,0x0000000797b00000)
 ParOldGen       total 87552K, used 0K [0x0000000740000000, 0x0000000745580000, 0x0000000795580000)
  object space 87552K, 0% used [0x0000000740000000,0x0000000740000000,0x0000000745580000)
 Metaspace       used 11299K, capacity 11407K, committed 11520K, reserved 1058816K
  class space    used 1214K, capacity 1270K, committed 1280K, reserved 1048576K
Event: 173,647 GC heap after
Heap after GC invocations=1 (full 0):
 PSYoungGen      total 38400K, used 5107K [0x0000000795580000, 0x0000000798000000, 0x00000007c0000000)
  eden space 33280K, 0% used [0x0000000795580000,0x0000000795580000,0x0000000797600000)
  from space 5120K, 99% used [0x0000000797600000,0x0000000797afcf00,0x0000000797b00000)
  to   space 5120K, 0% used [0x0000000797b00000,0x0000000797b00000,0x0000000798000000)
 ParOldGen       total 87552K, used 1628K [0x0000000740000000, 0x0000000745580000, 0x0000000795580000)
  object space 87552K, 1% used [0x0000000740000000,0x0000000740197110,0x0000000745580000)
 Metaspace       used 11299K, capacity 11407K, committed 11520K, reserved 1058816K
  class space    used 1214K, capacity 1270K, committed 1280K, reserved 1048576K
}
Event: 196,632 GC heap before
{Heap before GC invocations=2 (full 0):
 PSYoungGen      total 38400K, used 38387K [0x0000000795580000, 0x0000000798000000, 0x00000007c0000000)
  eden space 33280K, 100% used [0x0000000795580000,0x0000000797600000,0x0000000797600000)
  from space 5120K, 99% used [0x0000000797600000,0x0000000797afcf00,0x0000000797b00000)
  to   space 5120K, 0% used [0x0000000797b00000,0x0000000797b00000,0x0000000798000000)
 ParOldGen       total 87552K, used 1628K [0x0000000740000000, 0x0000000745580000, 0x0000000795580000)
  object space 87552K, 1% used [0x0000000740000000,0x0000000740197110,0x0000000745580000)
 Metaspace       used 11454K, capacity 11599K, committed 11776K, reserved 1060864K
  class space    used 1214K, capacity 1270K, committed 1280K, reserved 1048576K
Event: 196,638 GC heap after
Heap after GC invocations=2 (full 0):
 PSYoungGen      total 38400K, used 3689K [0x0000000795580000, 0x0000000798000000, 0x00000007c0000000)
  eden space 33280K, 0% used [0x0000000795580000,0x0000000795580000,0x0000000797600000)
  from space 5120K, 72% used [0x0000000797b00000,0x0000000797e9a7a0,0x0000000798000000)
  to   space 5120K, 0% used [0x0000000797600000,0x0000000797600000,0x0000000797b00000)
 ParOldGen       total 87552K, used 1636K [0x0000000740000000, 0x0000000745580000, 0x0000000795580000)
  object space 87552K, 1% used [0x0000000740000000,0x0000000740199110,0x0000000745580000)
 Metaspace       used 11454K, capacity 11599K, committed 11776K, reserved 1060864K
  class space    used 1214K, capacity 1270K, committed 1280K, reserved 1048576K
}
Event: 428,943 GC heap before
{Heap before GC invocations=3 (full 0):
 PSYoungGen      total 38400K, used 36969K [0x0000000795580000, 0x0000000798000000, 0x00000007c0000000)
  eden space 33280K, 100% used [0x0000000795580000,0x0000000797600000,0x0000000797600000)
  from space 5120K, 72% used [0x0000000797b00000,0x0000000797e9a7a0,0x0000000798000000)
  to   space 5120K, 0% used [0x0000000797600000,0x0000000797600000,0x0000000797b00000)
 ParOldGen       total 87552K, used 1636K [0x0000000740000000, 0x0000000745580000, 0x0000000795580000)
  object space 87552K, 1% used [0x0000000740000000,0x0000000740199110,0x0000000745580000)
 Metaspace       used 11586K, capacity 11663K, committed 11776K, reserved 1060864K
  class space    used 1217K, capacity 1270K, committed 1280K, reserved 1048576K
Event: 428,960 GC heap after
Heap after GC invocations=3 (full 0):
 PSYoungGen      total 38400K, used 4809K [0x0000000795580000, 0x0000000798000000, 0x00000007c0000000)
  eden space 33280K, 0% used [0x0000000795580000,0x0000000795580000,0x0000000797600000)
  from space 5120K, 93% used [0x0000000797600000,0x0000000797ab27a0,0x0000000797b00000)
  to   space 5120K, 0% used [0x0000000797b00000,0x0000000797b00000,0x0000000798000000)
 ParOldGen       total 87552K, used 1644K [0x0000000740000000, 0x0000000745580000, 0x0000000795580000)
  object space 87552K, 1% used [0x0000000740000000,0x000000074019b110,0x0000000745580000)
 Metaspace       used 11586K, capacity 11663K, committed 11776K, reserved 1060864K
  class space    used 1217K, capacity 1270K, committed 1280K, reserved 1048576K
}
Event: 459,479 GC heap before
{Heap before GC invocations=4 (full 0):
 PSYoungGen      total 38400K, used 38089K [0x0000000795580000, 0x0000000798000000, 0x00000007c0000000)
  eden space 33280K, 100% used [0x0000000795580000,0x0000000797600000,0x0000000797600000)
  from space 5120K, 93% used [0x0000000797600000,0x0000000797ab27a0,0x0000000797b00000)
  to   space 5120K, 0% used [0x0000000797b00000,0x0000000797b00000,0x0000000798000000)
 ParOldGen       total 87552K, used 1644K [0x0000000740000000, 0x0000000745580000, 0x0000000795580000)
  object space 87552K, 1% used [0x0000000740000000,0x000000074019b110,0x0000000745580000)
 Metaspace       used 11602K, capacity 11727K, committed 12032K, reserved 1060864K
  class space    used 1218K, capacity 1270K, committed 1280K, reserved 1048576K
Event: 459,486 GC heap after
Heap after GC invocations=4 (full 0):
 PSYoungGen      total 38400K, used 5001K [0x0000000795580000, 0x0000000798000000, 0x00000007c0000000)
  eden space 33280K, 0% used [0x0000000795580000,0x0000000795580000,0x0000000797600000)
  from space 5120K, 97% used [0x0000000797b00000,0x0000000797fe27a0,0x0000000798000000)
  to   space 5120K, 0% used [0x0000000797600000,0x0000000797600000,0x0000000797b00000)
 ParOldGen       total 87552K, used 1652K [0x0000000740000000, 0x0000000745580000, 0x0000000795580000)
  object space 87552K, 1% used [0x0000000740000000,0x000000074019d110,0x0000000745580000)
 Metaspace       used 11602K, capacity 11727K, committed 12032K, reserved 1060864K
  class space    used 1218K, capacity 1270K, committed 1280K, reserved 1048576K
}
Event: 492,246 GC heap before
{Heap before GC invocations=5 (full 0):
 PSYoungGen      total 38400K, used 38281K [0x0000000795580000, 0x0000000798000000, 0x00000007c0000000)
  eden space 33280K, 100% used [0x0000000795580000,0x0000000797600000,0x0000000797600000)
  from space 5120K, 97% used [0x0000000797b00000,0x0000000797fe27a0,0x0000000798000000)
  to   space 5120K, 0% used [0x0000000797600000,0x0000000797600000,0x0000000797b00000)
 ParOldGen       total 87552K, used 1652K [0x0000000740000000, 0x0000000745580000, 0x0000000795580000)
  object space 87552K, 1% used [0x0000000740000000,0x000000074019d110,0x0000000745580000)
 Metaspace       used 11605K, capacity 11727K, committed 12032K, reserved 1060864K
  class space    used 1218K, capacity 1270K, committed 1280K, reserved 1048576K
Event: 492,254 GC heap after
Heap after GC invocations=5 (full 0):
 PSYoungGen      total 37888K, used 4905K [0x0000000795580000, 0x0000000798280000, 0x00000007c0000000)
  eden space 32768K, 0% used [0x0000000795580000,0x0000000795580000,0x0000000797580000)
  from space 5120K, 95% used [0x0000000797600000,0x0000000797aca7a0,0x0000000797b00000)
  to   space 6656K, 0% used [0x0000000797c00000,0x0000000797c00000,0x0000000798280000)
 ParOldGen       total 87552K, used 1660K [0x0000000740000000, 0x0000000745580000, 0x0000000795580000)
  object space 87552K, 1% used [0x0000000740000000,0x000000074019f110,0x0000000745580000)
 Metaspace       used 11605K, capacity 11727K, committed 12032K, reserved 1060864K
  class space    used 1218K, capacity 1270K, committed 1280K, reserved 1048576K
}

Deoptimization events (10 events):
Event: 403,072 Thread 0x00007fd716805800 Uncommon trap: reason=unstable_if action=reinterpret pc=0x000000010bf45f90 method=org.eclipse.swt.widgets.Display.windowProc(JJJ)J @ 702
Event: 433,631 Thread 0x00007fd716805800 Uncommon trap: reason=bimorphic action=maybe_recompile pc=0x000000010beb100c method=org.eclipse.swt.widgets.Display.windowProc(JJJ)J @ 684
Event: 433,631 Thread 0x00007fd716805800 Uncommon trap: reason=class_check action=maybe_recompile pc=0x000000010bf81e38 method=org.eclipse.swt.widgets.Display.windowProc(JJ)J @ 162
Event: 433,698 Thread 0x00007fd716805800 Uncommon trap: reason=unstable_if action=reinterpret pc=0x000000010bc68f70 method=org.eclipse.swt.widgets.Display.observerProc(JJJ)J @ 32
Event: 433,746 Thread 0x00007fd716805800 Uncommon trap: reason=unstable_if action=reinterpret pc=0x000000010beb078c method=org.eclipse.swt.widgets.Display.windowProc(JJJ)J @ 747
Event: 433,752 Thread 0x00007fd716805800 Uncommon trap: reason=unstable_if action=reinterpret pc=0x000000010c097dd4 method=edu.umich.soar.gridmap2d.visuals.EatersVisualWorld.paintControl(Lorg/eclipse/swt/events/PaintEvent;)V @ 38
Event: 450,778 Thread 0x00007fd716805800 Uncommon trap: reason=unstable_if action=reinterpret pc=0x000000010bf81bb4 method=org.eclipse.swt.widgets.Display.windowProc(JJ)J @ 255
Event: 452,036 Thread 0x00007fd716805800 Uncommon trap: reason=unstable_if action=reinterpret pc=0x000000010c0ca278 method=edu.umich.soar.gridmap2d.visuals.EatersVisualWorld.paintControl(Lorg/eclipse/swt/events/PaintEvent;)V @ 53
Event: 479,616 Thread 0x00007fd716805800 Uncommon trap: reason=unstable_if action=reinterpret pc=0x000000010bed6550 method=org.eclipse.swt.widgets.Display.windowProc(JJJ)J @ 967
Event: 16848,225 Thread 0x00007fd716805800 Uncommon trap: reason=unstable_if action=reinterpret pc=0x000000010c127930 method=org.eclipse.swt.widgets.Widget.setNeedsDisplay(JJZ)V @ 9

Internal exceptions (10 events):
Event: 16848,230 Thread 0x00007fd716805800 Exception <a 'java/io/IOException'> (0x0000000795ed9320) thrown at [/Users/java_re/workspace/8-2-build-macosx-x86_64/jdk8u111/7883/hotspot/src/share/vm/prims/jni.cpp, line 709]
Event: 16848,230 Thread 0x00007fd716805800 Exception <a 'java/io/IOException'> (0x0000000795ed9a40) thrown at [/Users/java_re/workspace/8-2-build-macosx-x86_64/jdk8u111/7883/hotspot/src/share/vm/prims/jni.cpp, line 709]
Event: 16848,230 Thread 0x00007fd716805800 Exception <a 'java/io/IOException'> (0x0000000795ed9cf0) thrown at [/Users/java_re/workspace/8-2-build-macosx-x86_64/jdk8u111/7883/hotspot/src/share/vm/prims/jni.cpp, line 709]
Event: 16848,230 Thread 0x00007fd716805800 Exception <a 'java/io/IOException'> (0x0000000795ed9f70) thrown at [/Users/java_re/workspace/8-2-build-macosx-x86_64/jdk8u111/7883/hotspot/src/share/vm/prims/jni.cpp, line 709]
Event: 16848,230 Thread 0x00007fd716805800 Exception <a 'java/io/IOException'> (0x0000000795eda688) thrown at [/Users/java_re/workspace/8-2-build-macosx-x86_64/jdk8u111/7883/hotspot/src/share/vm/prims/jni.cpp, line 709]
Event: 16848,230 Thread 0x00007fd716805800 Exception <a 'java/io/IOException'> (0x0000000795eda938) thrown at [/Users/java_re/workspace/8-2-build-macosx-x86_64/jdk8u111/7883/hotspot/src/share/vm/prims/jni.cpp, line 709]
Event: 16848,230 Thread 0x00007fd716805800 Exception <a 'java/io/IOException'> (0x0000000795edabb8) thrown at [/Users/java_re/workspace/8-2-build-macosx-x86_64/jdk8u111/7883/hotspot/src/share/vm/prims/jni.cpp, line 709]
Event: 16848,230 Thread 0x00007fd716805800 Exception <a 'java/io/IOException'> (0x0000000795edb2b8) thrown at [/Users/java_re/workspace/8-2-build-macosx-x86_64/jdk8u111/7883/hotspot/src/share/vm/prims/jni.cpp, line 709]
Event: 16848,230 Thread 0x00007fd716805800 Exception <a 'java/io/IOException'> (0x0000000795edb568) thrown at [/Users/java_re/workspace/8-2-build-macosx-x86_64/jdk8u111/7883/hotspot/src/share/vm/prims/jni.cpp, line 709]
Event: 16848,230 Thread 0x00007fd716805800 Exception <a 'java/io/IOException'> (0x0000000795edb7e8) thrown at [/Users/java_re/workspace/8-2-build-macosx-x86_64/jdk8u111/7883/hotspot/src/share/vm/prims/jni.cpp, line 709]

Events (10 events):
Event: 16856,633 loading class java/util/IdentityHashMap$KeyIterator
Event: 16856,633 loading class java/util/IdentityHashMap$IdentityHashMapIterator
Event: 16856,633 loading class java/util/IdentityHashMap$IdentityHashMapIterator done
Event: 16856,633 loading class java/util/IdentityHashMap$KeyIterator done
Event: 16856,633 Thread 0x00007fd716805800 Thread added: 0x00007fd716805800
Event: 16856,633 Thread 0x00007fd718159800 Thread added: 0x00007fd718159800
Event: 16856,633 Thread 0x00007fd716805800 Thread exited: 0x00007fd716805800
Event: 16856,634 Thread 0x00007fd718159800 Thread exited: 0x00007fd718159800
Event: 16856,634 Thread 0x00007fd71800b000 Thread exited: 0x00007fd71800b000
Event: 16856,634 Executing VM operation: Exit


Dynamic libraries:
0x0000000035ee2000 	/System/Library/Frameworks/Cocoa.framework/Versions/A/Cocoa
0x0000000035ee2000 	/System/Library/Frameworks/Security.framework/Versions/A/Security
0x0000000035ee2000 	/System/Library/Frameworks/ApplicationServices.framework/Versions/A/ApplicationServices
0x0000000035ee2000 	/usr/lib/libz.1.dylib
0x0000000035ee2000 	/usr/lib/libSystem.B.dylib
0x0000000035ee2000 	/usr/lib/libobjc.A.dylib
0x0000000035ee2000 	/System/Library/Frameworks/CoreFoundation.framework/Versions/A/CoreFoundation
0x0000000035ee2000 	/System/Library/Frameworks/Foundation.framework/Versions/C/Foundation
0x0000000035ee2000 	/System/Library/Frameworks/AppKit.framework/Versions/C/AppKit
0x0000000035ee2000 	/System/Library/Frameworks/CoreData.framework/Versions/A/CoreData
0x0000000035ee2000 	/System/Library/PrivateFrameworks/RemoteViewServices.framework/Versions/A/RemoteViewServices
0x0000000035ee2000 	/System/Library/PrivateFrameworks/UIFoundation.framework/Versions/A/UIFoundation
0x0000000035ee2000 	/System/Library/PrivateFrameworks/DFRFoundation.framework/Versions/A/DFRFoundation
0x0000000035ee2000 	/usr/lib/libenergytrace.dylib
0x0000000035ee2000 	/System/Library/PrivateFrameworks/SkyLight.framework/Versions/A/SkyLight
0x0000000035ee2000 	/System/Library/Frameworks/CoreGraphics.framework/Versions/A/CoreGraphics
0x0000000035ee2000 	/usr/lib/libScreenReader.dylib
0x0000000035ee2000 	/System/Library/Frameworks/Accelerate.framework/Versions/A/Accelerate
0x0000000035ee2000 	/System/Library/Frameworks/IOSurface.framework/Versions/A/IOSurface
0x0000000035ee2000 	/System/Library/Frameworks/AudioToolbox.framework/Versions/A/AudioToolbox
0x0000000035ee2000 	/System/Library/Frameworks/AudioUnit.framework/Versions/A/AudioUnit
0x0000000035ee2000 	/System/Library/PrivateFrameworks/DataDetectorsCore.framework/Versions/A/DataDetectorsCore
0x0000000035ee2000 	/System/Library/PrivateFrameworks/DesktopServicesPriv.framework/Versions/A/DesktopServicesPriv
0x0000000035ee2000 	/System/Library/Frameworks/Carbon.framework/Versions/A/Frameworks/HIToolbox.framework/Versions/A/HIToolbox
0x0000000035ee2000 	/usr/lib/libicucore.A.dylib
0x0000000035ee2000 	/System/Library/Frameworks/QuartzCore.framework/Versions/A/QuartzCore
0x0000000035ee2000 	/System/Library/Frameworks/Carbon.framework/Versions/A/Frameworks/SpeechRecognition.framework/Versions/A/SpeechRecognition
0x0000000035ee2000 	/usr/lib/libauto.dylib
0x0000000035ee2000 	/usr/lib/libxml2.2.dylib
0x0000000035ee2000 	/System/Library/PrivateFrameworks/CoreUI.framework/Versions/A/CoreUI
0x0000000035ee2000 	/System/Library/Frameworks/CoreAudio.framework/Versions/A/CoreAudio
0x0000000035ee2000 	/System/Library/Frameworks/DiskArbitration.framework/Versions/A/DiskArbitration
0x0000000035ee2000 	/usr/lib/liblangid.dylib
0x0000000035ee2000 	/System/Library/PrivateFrameworks/MultitouchSupport.framework/Versions/A/MultitouchSupport
0x0000000035ee2000 	/System/Library/Frameworks/IOKit.framework/Versions/A/IOKit
0x0000000035ee2000 	/usr/lib/libDiagnosticMessagesClient.dylib
0x0000000035ee2000 	/System/Library/Frameworks/CoreServices.framework/Versions/A/CoreServices
0x0000000035ee2000 	/System/Library/PrivateFrameworks/PerformanceAnalysis.framework/Versions/A/PerformanceAnalysis
0x0000000035ee2000 	/System/Library/PrivateFrameworks/GenerationalStorage.framework/Versions/A/GenerationalStorage
0x0000000035ee2000 	/System/Library/Frameworks/OpenGL.framework/Versions/A/OpenGL
0x0000000035ee2000 	/System/Library/Frameworks/CoreImage.framework/Versions/A/CoreImage
0x0000000035ee2000 	/System/Library/Frameworks/CoreText.framework/Versions/A/CoreText
0x0000000035ee2000 	/System/Library/Frameworks/ImageIO.framework/Versions/A/ImageIO
0x0000000035ee2000 	/System/Library/PrivateFrameworks/Backup.framework/Versions/A/Backup
0x0000000035ee2000 	/usr/lib/libarchive.2.dylib
0x0000000035ee2000 	/System/Library/Frameworks/CFNetwork.framework/Versions/A/CFNetwork
0x0000000035ee2000 	/System/Library/Frameworks/SystemConfiguration.framework/Versions/A/SystemConfiguration
0x0000000035ee2000 	/usr/lib/libCRFSuite.dylib
0x0000000035ee2000 	/usr/lib/libc++.1.dylib
0x0000000035ee2000 	/usr/lib/libc++abi.dylib
0x0000000035ee2000 	/usr/lib/system/libcache.dylib
0x0000000035ee2000 	/usr/lib/system/libcommonCrypto.dylib
0x0000000035ee2000 	/usr/lib/system/libcompiler_rt.dylib
0x0000000035ee2000 	/usr/lib/system/libcopyfile.dylib
0x0000000035ee2000 	/usr/lib/system/libcorecrypto.dylib
0x0000000035ee2000 	/usr/lib/system/libdispatch.dylib
0x0000000035ee2000 	/usr/lib/system/libdyld.dylib
0x0000000035ee2000 	/usr/lib/system/libkeymgr.dylib
0x0000000035ee2000 	/usr/lib/system/liblaunch.dylib
0x0000000035ee2000 	/usr/lib/system/libmacho.dylib
0x0000000035ee2000 	/usr/lib/system/libquarantine.dylib
0x0000000035ee2000 	/usr/lib/system/libremovefile.dylib
0x0000000035ee2000 	/usr/lib/system/libsystem_asl.dylib
0x0000000035ee2000 	/usr/lib/system/libsystem_blocks.dylib
0x0000000035ee2000 	/usr/lib/system/libsystem_c.dylib
0x0000000035ee2000 	/usr/lib/system/libsystem_configuration.dylib
0x0000000035ee2000 	/usr/lib/system/libsystem_coreservices.dylib
0x0000000035ee2000 	/usr/lib/system/libsystem_coretls.dylib
0x0000000035ee2000 	/usr/lib/system/libsystem_dnssd.dylib
0x0000000035ee2000 	/usr/lib/system/libsystem_info.dylib
0x0000000035ee2000 	/usr/lib/system/libsystem_kernel.dylib
0x0000000035ee2000 	/usr/lib/system/libsystem_m.dylib
0x0000000035ee2000 	/usr/lib/system/libsystem_malloc.dylib
0x0000000035ee2000 	/usr/lib/system/libsystem_network.dylib
0x0000000035ee2000 	/usr/lib/system/libsystem_networkextension.dylib
0x0000000035ee2000 	/usr/lib/system/libsystem_notify.dylib
0x0000000035ee2000 	/usr/lib/system/libsystem_platform.dylib
0x0000000035ee2000 	/usr/lib/system/libsystem_pthread.dylib
0x0000000035ee2000 	/usr/lib/system/libsystem_sandbox.dylib
0x0000000035ee2000 	/usr/lib/system/libsystem_secinit.dylib
0x0000000035ee2000 	/usr/lib/system/libsystem_symptoms.dylib
0x0000000035ee2000 	/usr/lib/system/libsystem_trace.dylib
0x0000000035ee2000 	/usr/lib/system/libunwind.dylib
0x0000000035ee2000 	/usr/lib/system/libxpc.dylib
0x0000000035ee2000 	/usr/lib/libbsm.0.dylib
0x0000000035ee2000 	/usr/lib/system/libkxld.dylib
0x0000000035ee2000 	/usr/lib/libcoretls.dylib
0x0000000035ee2000 	/usr/lib/libcoretls_cfhelpers.dylib
0x0000000035ee2000 	/usr/lib/libOpenScriptingUtil.dylib
0x0000000035ee2000 	/usr/lib/libpam.2.dylib
0x0000000035ee2000 	/usr/lib/libsqlite3.dylib
0x0000000035ee2000 	/usr/lib/libxar.1.dylib
0x0000000035ee2000 	/usr/lib/libbz2.1.0.dylib
0x0000000035ee2000 	/usr/lib/liblzma.5.dylib
0x0000000035ee2000 	/usr/lib/libnetwork.dylib
0x0000000035ee2000 	/usr/lib/libpcap.A.dylib
0x0000000035ee2000 	/System/Library/Frameworks/CoreServices.framework/Versions/A/Frameworks/FSEvents.framework/Versions/A/FSEvents
0x0000000035ee2000 	/System/Library/Frameworks/CoreServices.framework/Versions/A/Frameworks/CarbonCore.framework/Versions/A/CarbonCore
0x0000000035ee2000 	/System/Library/Frameworks/CoreServices.framework/Versions/A/Frameworks/Metadata.framework/Versions/A/Metadata
0x0000000035ee2000 	/System/Library/Frameworks/CoreServices.framework/Versions/A/Frameworks/OSServices.framework/Versions/A/OSServices
0x0000000035ee2000 	/System/Library/Frameworks/CoreServices.framework/Versions/A/Frameworks/SearchKit.framework/Versions/A/SearchKit
0x0000000035ee2000 	/System/Library/Frameworks/CoreServices.framework/Versions/A/Frameworks/AE.framework/Versions/A/AE
0x0000000035ee2000 	/System/Library/Frameworks/CoreServices.framework/Versions/A/Frameworks/LaunchServices.framework/Versions/A/LaunchServices
0x0000000035ee2000 	/System/Library/Frameworks/CoreServices.framework/Versions/A/Frameworks/DictionaryServices.framework/Versions/A/DictionaryServices
0x0000000035ee2000 	/System/Library/Frameworks/CoreServices.framework/Versions/A/Frameworks/SharedFileList.framework/Versions/A/SharedFileList
0x0000000035ee2000 	/System/Library/Frameworks/NetFS.framework/Versions/A/NetFS
0x0000000035ee2000 	/System/Library/PrivateFrameworks/NetAuth.framework/Versions/A/NetAuth
0x0000000035ee2000 	/System/Library/PrivateFrameworks/login.framework/Versions/A/Frameworks/loginsupport.framework/Versions/A/loginsupport
0x0000000035ee2000 	/System/Library/PrivateFrameworks/TCC.framework/Versions/A/TCC
0x0000000035ee2000 	/usr/lib/libmecabra.dylib
0x0000000035ee2000 	/System/Library/Frameworks/ApplicationServices.framework/Versions/A/Frameworks/ATS.framework/Versions/A/ATS
0x0000000035ee2000 	/System/Library/Frameworks/ApplicationServices.framework/Versions/A/Frameworks/ColorSync.framework/Versions/A/ColorSync
0x0000000035ee2000 	/System/Library/Frameworks/ApplicationServices.framework/Versions/A/Frameworks/HIServices.framework/Versions/A/HIServices
0x0000000035ee2000 	/System/Library/Frameworks/ApplicationServices.framework/Versions/A/Frameworks/LangAnalysis.framework/Versions/A/LangAnalysis
0x0000000035ee2000 	/System/Library/Frameworks/ApplicationServices.framework/Versions/A/Frameworks/PrintCore.framework/Versions/A/PrintCore
0x0000000035ee2000 	/System/Library/Frameworks/ApplicationServices.framework/Versions/A/Frameworks/QD.framework/Versions/A/QD
0x0000000035ee2000 	/System/Library/Frameworks/ApplicationServices.framework/Versions/A/Frameworks/SpeechSynthesis.framework/Versions/A/SpeechSynthesis
0x0000000035ee2000 	/System/Library/Frameworks/Accelerate.framework/Versions/A/Frameworks/vImage.framework/Versions/A/vImage
0x0000000035ee2000 	/System/Library/Frameworks/Accelerate.framework/Versions/A/Frameworks/vecLib.framework/Versions/A/vecLib
0x0000000035ee2000 	/System/Library/Frameworks/Accelerate.framework/Versions/A/Frameworks/vecLib.framework/Versions/A/libvDSP.dylib
0x0000000035ee2000 	/System/Library/Frameworks/Accelerate.framework/Versions/A/Frameworks/vecLib.framework/Versions/A/libBNNS.dylib
0x0000000035ee2000 	/System/Library/Frameworks/Accelerate.framework/Versions/A/Frameworks/vecLib.framework/Versions/A/libQuadrature.dylib
0x0000000035ee2000 	/System/Library/Frameworks/Accelerate.framework/Versions/A/Frameworks/vecLib.framework/Versions/A/libvMisc.dylib
0x0000000035ee2000 	/System/Library/Frameworks/Accelerate.framework/Versions/A/Frameworks/vecLib.framework/Versions/A/libLAPACK.dylib
0x0000000035ee2000 	/System/Library/Frameworks/Accelerate.framework/Versions/A/Frameworks/vecLib.framework/Versions/A/libBLAS.dylib
0x0000000035ee2000 	/System/Library/Frameworks/Accelerate.framework/Versions/A/Frameworks/vecLib.framework/Versions/A/libLinearAlgebra.dylib
0x0000000035ee2000 	/System/Library/Frameworks/Accelerate.framework/Versions/A/Frameworks/vecLib.framework/Versions/A/libSparseBLAS.dylib
0x0000000035ee2000 	/System/Library/Frameworks/ApplicationServices.framework/Versions/A/Frameworks/ATS.framework/Versions/A/Resources/libFontParser.dylib
0x0000000035ee2000 	/System/Library/Frameworks/ApplicationServices.framework/Versions/A/Frameworks/ATS.framework/Versions/A/Resources/libFontRegistry.dylib
0x0000000035ee2000 	/System/Library/Frameworks/ImageIO.framework/Versions/A/Resources/libJPEG.dylib
0x0000000035ee2000 	/System/Library/Frameworks/ImageIO.framework/Versions/A/Resources/libTIFF.dylib
0x0000000035ee2000 	/System/Library/Frameworks/ImageIO.framework/Versions/A/Resources/libPng.dylib
0x0000000035ee2000 	/System/Library/Frameworks/ImageIO.framework/Versions/A/Resources/libGIF.dylib
0x0000000035ee2000 	/System/Library/Frameworks/ImageIO.framework/Versions/A/Resources/libJP2.dylib
0x0000000035ee2000 	/System/Library/Frameworks/ImageIO.framework/Versions/A/Resources/libRadiance.dylib
0x0000000035ee2000 	/usr/lib/libcompression.dylib
0x0000000035ee2000 	/System/Library/PrivateFrameworks/AppleJPEG.framework/Versions/A/AppleJPEG
0x0000000035ee2000 	/usr/lib/libcups.2.dylib
0x0000000035ee2000 	/System/Library/Frameworks/Kerberos.framework/Versions/A/Kerberos
0x0000000035ee2000 	/System/Library/Frameworks/GSS.framework/Versions/A/GSS
0x0000000035ee2000 	/usr/lib/libresolv.9.dylib
0x0000000035ee2000 	/usr/lib/libiconv.2.dylib
0x0000000035ee2000 	/System/Library/PrivateFrameworks/Heimdal.framework/Versions/A/Heimdal
0x0000000035ee2000 	/usr/lib/libheimdal-asn1.dylib
0x0000000035ee2000 	/System/Library/Frameworks/OpenDirectory.framework/Versions/A/OpenDirectory
0x0000000035ee2000 	/System/Library/PrivateFrameworks/CommonAuth.framework/Versions/A/CommonAuth
0x0000000035ee2000 	/System/Library/Frameworks/OpenDirectory.framework/Versions/A/Frameworks/CFOpenDirectory.framework/Versions/A/CFOpenDirectory
0x0000000035ee2000 	/System/Library/Frameworks/SecurityFoundation.framework/Versions/A/SecurityFoundation
0x0000000035ee2000 	/System/Library/PrivateFrameworks/LanguageModeling.framework/Versions/A/LanguageModeling
0x0000000035ee2000 	/usr/lib/libmarisa.dylib
0x0000000035ee2000 	/usr/lib/libChineseTokenizer.dylib
0x0000000035ee2000 	/usr/lib/libcmph.dylib
0x0000000035ee2000 	/System/Library/PrivateFrameworks/CoreEmoji.framework/Versions/A/CoreEmoji
0x0000000035ee2000 	/System/Library/Frameworks/ServiceManagement.framework/Versions/A/ServiceManagement
0x0000000035ee2000 	/usr/lib/libxslt.1.dylib
0x0000000035ee2000 	/System/Library/Frameworks/Carbon.framework/Versions/A/Frameworks/Ink.framework/Versions/A/Ink
0x0000000035ee2000 	/System/Library/PrivateFrameworks/TextureIO.framework/Versions/A/TextureIO
0x0000000035ee2000 	/System/Library/Frameworks/Metal.framework/Versions/A/Metal
0x0000000035ee2000 	/usr/lib/libate.dylib
0x0000000035ee2000 	/System/Library/PrivateFrameworks/GPUCompiler.framework/libmetal_timestamp.dylib
0x0000000035ee2000 	/System/Library/Frameworks/OpenGL.framework/Versions/A/Libraries/libCoreFSCache.dylib
0x0000000035ee2000 	/System/Library/PrivateFrameworks/IOAccelerator.framework/Versions/A/IOAccelerator
0x0000000035ee2000 	/System/Library/Frameworks/CoreVideo.framework/Versions/A/CoreVideo
0x0000000035ee2000 	/usr/lib/libFosl_dynamic.dylib
0x0000000035ee2000 	/System/Library/PrivateFrameworks/MetalPerformanceShaders.framework/Versions/A/MetalPerformanceShaders
0x0000000035ee2000 	/System/Library/PrivateFrameworks/FaceCore.framework/Versions/A/FaceCore
0x0000000035ee2000 	/System/Library/Frameworks/OpenCL.framework/Versions/A/OpenCL
0x0000000035ee2000 	/System/Library/Frameworks/OpenGL.framework/Versions/A/Libraries/libGLU.dylib
0x0000000035ee2000 	/System/Library/Frameworks/OpenGL.framework/Versions/A/Libraries/libGFXShared.dylib
0x0000000035ee2000 	/System/Library/Frameworks/OpenGL.framework/Versions/A/Libraries/libGL.dylib
0x0000000035ee2000 	/System/Library/Frameworks/OpenGL.framework/Versions/A/Libraries/libGLImage.dylib
0x0000000035ee2000 	/System/Library/Frameworks/OpenGL.framework/Versions/A/Libraries/libCVMSPluginSupport.dylib
0x0000000035ee2000 	/System/Library/Frameworks/OpenGL.framework/Versions/A/Libraries/libCoreVMClient.dylib
0x0000000035ee2000 	/System/Library/PrivateFrameworks/CrashReporterSupport.framework/Versions/A/CrashReporterSupport
0x0000000035ee2000 	/System/Library/PrivateFrameworks/Sharing.framework/Versions/A/Sharing
0x0000000035ee2000 	/System/Library/PrivateFrameworks/IconServices.framework/Versions/A/IconServices
0x0000000035ee2000 	/System/Library/PrivateFrameworks/ProtocolBuffer.framework/Versions/A/ProtocolBuffer
0x0000000035ee2000 	/System/Library/PrivateFrameworks/Apple80211.framework/Versions/A/Apple80211
0x0000000035ee2000 	/System/Library/Frameworks/CoreWLAN.framework/Versions/A/CoreWLAN
0x0000000035ee2000 	/System/Library/PrivateFrameworks/CoreUtils.framework/Versions/A/CoreUtils
0x0000000035ee2000 	/System/Library/Frameworks/IOBluetooth.framework/Versions/A/IOBluetooth
0x0000000035ee2000 	/System/Library/PrivateFrameworks/CoreWiFi.framework/Versions/A/CoreWiFi
0x0000000035ee2000 	/System/Library/Frameworks/CoreBluetooth.framework/Versions/A/CoreBluetooth
0x0000000035ee2000 	/System/Library/Frameworks/CoreDisplay.framework/Versions/A/CoreDisplay
0x0000000035ee2000 	/System/Library/PrivateFrameworks/IOPresentment.framework/Versions/A/IOPresentment
0x0000000035ee2000 	/System/Library/PrivateFrameworks/DSExternalDisplay.framework/Versions/A/DSExternalDisplay
0x0000000035ee2000 	/System/Library/PrivateFrameworks/DebugSymbols.framework/Versions/A/DebugSymbols
0x0000000035ee2000 	/System/Library/PrivateFrameworks/CoreSymbolication.framework/Versions/A/CoreSymbolication
0x0000000035ee2000 	/System/Library/PrivateFrameworks/Symbolication.framework/Versions/A/Symbolication
0x0000000035ee2000 	/System/Library/PrivateFrameworks/AppleFSCompression.framework/Versions/A/AppleFSCompression
0x0000000035ee2000 	/System/Library/PrivateFrameworks/SpeechRecognitionCore.framework/Versions/A/SpeechRecognitionCore
0x0000000035ee2000 	/System/Library/PrivateFrameworks/ChunkingLibrary.framework/Versions/A/ChunkingLibrary
0x000000004abb5000 	/System/Library/CoreServices/Encodings/libCyrillicConverter.dylib
0x0000000105800000 	/Library/Java/JavaVirtualMachines/jdk1.8.0_111.jdk/Contents/Home/jre/lib/server/libjvm.dylib
0x0000000035ee2000 	/usr/lib/libstdc++.6.dylib
0x0000000104f1e000 	/Library/Java/JavaVirtualMachines/jdk1.8.0_111.jdk/Contents/Home/jre/lib/libverify.dylib
0x0000000104f2c000 	/Library/Java/JavaVirtualMachines/jdk1.8.0_111.jdk/Contents/Home/jre/lib/libjava.dylib
0x0000000104f6a000 	/Library/Java/JavaVirtualMachines/jdk1.8.0_111.jdk/Contents/Home/jre/lib/libzip.dylib
0x000000010ba59000 	/System/Library/Frameworks/JavaVM.framework/Frameworks/JavaRuntimeSupport.framework/JavaRuntimeSupport
0x000000010ba73000 	/System/Library/Frameworks/JavaVM.framework/Versions/A/Frameworks/JavaNativeFoundation.framework/Versions/A/JavaNativeFoundation
0x000000010ba88000 	/System/Library/Frameworks/JavaVM.framework/Versions/A/JavaVM
0x0000000035ee2000 	/System/Library/Frameworks/Carbon.framework/Versions/A/Carbon
0x000000010ba95000 	/System/Library/PrivateFrameworks/JavaLaunching.framework/Versions/A/JavaLaunching
0x0000000035ee2000 	/System/Library/Frameworks/Carbon.framework/Versions/A/Frameworks/CommonPanels.framework/Versions/A/CommonPanels
0x0000000035ee2000 	/System/Library/Frameworks/Carbon.framework/Versions/A/Frameworks/Help.framework/Versions/A/Help
0x0000000035ee2000 	/System/Library/Frameworks/Carbon.framework/Versions/A/Frameworks/ImageCapture.framework/Versions/A/ImageCapture
0x0000000035ee2000 	/System/Library/Frameworks/Carbon.framework/Versions/A/Frameworks/OpenScripting.framework/Versions/A/OpenScripting
0x0000000035ee2000 	/System/Library/Frameworks/Carbon.framework/Versions/A/Frameworks/Print.framework/Versions/A/Print
0x0000000035ee2000 	/System/Library/Frameworks/Carbon.framework/Versions/A/Frameworks/SecurityHI.framework/Versions/A/SecurityHI
0x000000011dd62000 	/Library/Java/JavaVirtualMachines/jdk1.8.0_111.jdk/Contents/Home/jre/lib/libosx.dylib
0x000000011dd70000 	/Library/Java/JavaVirtualMachines/jdk1.8.0_111.jdk/Contents/Home/jre/lib/./libosxapp.dylib
0x0000000035ee2000 	/System/Library/Frameworks/ExceptionHandling.framework/Versions/A/ExceptionHandling
0x000000011de13000 	/private/var/folders/t3/r1mphbd94g9fnys5k2x48h840000gn/T/swtlib-64/libswt-cocoa-3557.jnilib
0x0000000035ee2000 	/System/Library/Frameworks/WebKit.framework/Versions/A/WebKit
0x0000000035ee2000 	/System/Library/Frameworks/WebKit.framework/Versions/A/Frameworks/WebKitLegacy.framework/Versions/A/WebKitLegacy
0x0000000035ee2000 	/System/Library/Frameworks/JavaScriptCore.framework/Versions/A/JavaScriptCore
0x0000000035ee2000 	/System/Library/Frameworks/WebKit.framework/Versions/A/Frameworks/WebCore.framework/Versions/A/WebCore
0x000000011de60000 	/private/var/folders/t3/r1mphbd94g9fnys5k2x48h840000gn/T/swtlib-64/libswt-pi-cocoa-3557.jnilib
0x0000000035ee2000 	/System/Library/PrivateFrameworks/CoreServicesInternal.framework/Versions/A/CoreServicesInternal
0x0000000035ee2000 	/System/Library/Frameworks/Accelerate.framework/Versions/A/Frameworks/vImage.framework/Versions/A/Libraries/libCGInterfaces.dylib
0x0000000035ee2000 	/System/Library/Frameworks/ApplicationServices.framework/Versions/A/Frameworks/ATS.framework/Versions/A/Resources/libTrueTypeScaler.dylib
0x000000011f9eb000 	/System/Library/Frameworks/OpenGL.framework/Resources/GLEngine.bundle/GLEngine
0x0000000035ee2000 	/System/Library/Frameworks/OpenGL.framework/Versions/A/Libraries/libGLProgrammability.dylib
0x000000011fbd0000 	/System/Library/Extensions/AppleIntelSKLGraphicsGLDriver.bundle/Contents/MacOS/AppleIntelSKLGraphicsGLDriver
0x0000000035ee2000 	/System/Library/PrivateFrameworks/GPUSupport.framework/Versions/A/Libraries/libGPUSupportMercury.dylib
0x000000012095b000 	/System/Library/Frameworks/OpenGL.framework/Resources//GLRendererFloat.bundle/GLRendererFloat
0x0000000035ee2000 	/System/Library/Frameworks/OpenCL.framework/Versions/A/Libraries/libcldcpuengine.dylib
0x0000000035ee2000 	/usr/lib/libcrypto.0.9.8.dylib
0x0000000035ee2000 	/System/Library/PrivateFrameworks/TrustEvaluationAgent.framework/Versions/A/TrustEvaluationAgent
0x000000012098f000 	/System/Library/Extensions/AppleIntelSKLGraphicsMTLDriver.bundle/Contents/MacOS/AppleIntelSKLGraphicsMTLDriver
0x0000000035ee2000 	/System/Library/CoreServices/RawCamera.bundle/Contents/MacOS/RawCamera
0x0000000035ee2000 	/System/Library/PrivateFrameworks/FinderKit.framework/Versions/A/FinderKit
0x0000000035ee2000 	/System/Library/Frameworks/Quartz.framework/Versions/A/Frameworks/QuickLookUI.framework/Versions/A/QuickLookUI
0x0000000035ee2000 	/System/Library/Frameworks/Quartz.framework/Versions/A/Frameworks/ImageKit.framework/Versions/A/ImageKit
0x0000000035ee2000 	/System/Library/PrivateFrameworks/Bom.framework/Versions/A/Bom
0x0000000035ee2000 	/System/Library/Frameworks/QuickLook.framework/Versions/A/QuickLook
0x0000000035ee2000 	/System/Library/PrivateFrameworks/Suggestions.framework/Versions/A/Suggestions
0x0000000035ee2000 	/System/Library/PrivateFrameworks/SystemAdministration.framework/Versions/A/SystemAdministration
0x0000000035ee2000 	/System/Library/PrivateFrameworks/DiskImages.framework/Versions/A/DiskImages
0x0000000035ee2000 	/System/Library/PrivateFrameworks/AppleSystemInfo.framework/Versions/A/AppleSystemInfo
0x0000000035ee2000 	/System/Library/Frameworks/ImageCaptureCore.framework/Versions/A/ImageCaptureCore
0x0000000035ee2000 	/System/Library/Frameworks/SafariServices.framework/Versions/A/SafariServices
0x0000000035ee2000 	/System/Library/Frameworks/QTKit.framework/Versions/A/QTKit
0x0000000035ee2000 	/System/Library/PrivateFrameworks/MobileKeyBag.framework/Versions/A/MobileKeyBag
0x0000000035ee2000 	/System/Library/PrivateFrameworks/ViewBridge.framework/Versions/A/ViewBridge
0x0000000035ee2000 	/System/Library/PrivateFrameworks/XPCService.framework/Versions/A/XPCService
0x0000000035ee2000 	/System/Library/PrivateFrameworks/AppSandbox.framework/Versions/A/AppSandbox
0x0000000035ee2000 	/usr/lib/libsandbox.1.dylib
0x0000000035ee2000 	/System/Library/PrivateFrameworks/AppContainer.framework/Versions/A/AppContainer
0x0000000035ee2000 	/System/Library/PrivateFrameworks/SecCodeWrapper.framework/Versions/A/SecCodeWrapper
0x0000000035ee2000 	/usr/lib/libMatch.1.dylib
0x0000000035ee2000 	/System/Library/Frameworks/AVFoundation.framework/Versions/A/AVFoundation
0x0000000035ee2000 	/System/Library/Frameworks/CoreMedia.framework/Versions/A/CoreMedia
0x0000000035ee2000 	/System/Library/Frameworks/MediaToolbox.framework/Versions/A/MediaToolbox
0x0000000035ee2000 	/System/Library/Frameworks/VideoToolbox.framework/Versions/A/VideoToolbox
0x0000000035ee2000 	/System/Library/PrivateFrameworks/CoreMediaAuthoring.framework/Versions/A/CoreMediaAuthoring
0x0000000035ee2000 	/System/Library/Frameworks/CoreMediaIO.framework/Versions/A/CoreMediaIO
0x0000000035ee2000 	/System/Library/Frameworks/AVFoundation.framework/Versions/A/Frameworks/AVFAudio.framework/Versions/A/AVFAudio
0x0000000035ee2000 	/System/Library/PrivateFrameworks/IntlPreferences.framework/Versions/A/IntlPreferences
0x0000000035ee2000 	/usr/lib/libspindump.dylib
0x0000000035ee2000 	/usr/lib/libdscsym.dylib
0x0000000035ee2000 	/System/Library/PrivateFrameworks/CoreAVCHD.framework/Versions/A/CoreAVCHD
0x0000000035ee2000 	/System/Library/Frameworks/MediaAccessibility.framework/Versions/A/MediaAccessibility
0x0000000035ee2000 	/System/Library/PrivateFrameworks/Mangrove.framework/Versions/A/Mangrove
0x0000000035ee2000 	/System/Library/PrivateFrameworks/CoreAUC.framework/Versions/A/CoreAUC
0x0000000035ee2000 	/System/Library/PrivateFrameworks/AppleVA.framework/Versions/A/AppleVA
0x0000000035ee2000 	/System/Library/PrivateFrameworks/QuickLookThumbnailing.framework/Versions/A/QuickLookThumbnailing
0x0000000035ee2000 	/System/Library/PrivateFrameworks/DisplayServices.framework/Versions/A/DisplayServices
0x0000000035ee2000 	/System/Library/Frameworks/Quartz.framework/Versions/A/Frameworks/PDFKit.framework/Versions/A/PDFKit
0x0000000035ee2000 	/System/Library/Frameworks/Quartz.framework/Versions/A/Frameworks/QuartzComposer.framework/Versions/A/QuartzComposer
0x0000000035ee2000 	/System/Library/Frameworks/Quartz.framework/Versions/A/Frameworks/QuartzFilters.framework/Versions/A/QuartzFilters
0x0000000035ee2000 	/System/Library/PrivateFrameworks/CorePDF.framework/Versions/A/CorePDF
0x0000000035ee2000 	/System/Library/Frameworks/AddressBook.framework/Versions/A/AddressBook
0x0000000035ee2000 	/System/Library/PrivateFrameworks/ContactsPersistence.framework/Versions/A/ContactsPersistence
0x0000000035ee2000 	/System/Library/PrivateFrameworks/CalendarAgentLink.framework/Versions/A/CalendarAgentLink
0x0000000035ee2000 	/System/Library/PrivateFrameworks/ContactsFoundation.framework/Versions/A/ContactsFoundation
0x0000000035ee2000 	/System/Library/PrivateFrameworks/vCard.framework/Versions/A/vCard
0x0000000035ee2000 	/System/Library/PrivateFrameworks/ToneLibrary.framework/Versions/A/ToneLibrary
0x0000000035ee2000 	/System/Library/PrivateFrameworks/ToneKit.framework/Versions/A/ToneKit
0x0000000035ee2000 	/System/Library/PrivateFrameworks/ApplePushService.framework/Versions/A/ApplePushService
0x0000000035ee2000 	/System/Library/Frameworks/DirectoryService.framework/Versions/A/DirectoryService
0x0000000035ee2000 	/System/Library/Frameworks/SecurityInterface.framework/Versions/A/SecurityInterface
0x0000000035ee2000 	/System/Library/PrivateFrameworks/PhoneNumbers.framework/Versions/A/PhoneNumbers
0x0000000035ee2000 	/System/Library/Frameworks/Quartz.framework/Versions/A/Quartz
0x0000000035ee2000 	/System/Library/Frameworks/LDAP.framework/Versions/A/LDAP
0x0000000035ee2000 	/System/Library/Frameworks/Accounts.framework/Versions/A/Accounts
0x0000000035ee2000 	/System/Library/PrivateFrameworks/OAuth.framework/Versions/A/OAuth
0x0000000035ee2000 	/System/Library/PrivateFrameworks/CoreDaemon.framework/Versions/B/CoreDaemon
0x0000000035ee2000 	/System/Library/PrivateFrameworks/AppleSRP.framework/Versions/A/AppleSRP
0x0000000035ee2000 	/usr/lib/libsasl2.2.dylib
0x0000000035ee2000 	/System/Library/PrivateFrameworks/LoginUIKit.framework/Versions/A/Frameworks/LoginUICore.framework/Versions/A/LoginUICore
0x0000000035ee2000 	/usr/lib/libCoreStorage.dylib
0x0000000035ee2000 	/usr/lib/libcsfde.dylib
0x0000000035ee2000 	/usr/lib/libodfde.dylib
0x0000000035ee2000 	/System/Library/Frameworks/DiscRecording.framework/Versions/A/DiscRecording
0x0000000035ee2000 	/usr/lib/libcurl.4.dylib
0x0000000035ee2000 	/System/Library/PrivateFrameworks/MediaKit.framework/Versions/A/MediaKit
0x0000000035ee2000 	/System/Library/PrivateFrameworks/ProtectedCloudStorage.framework/Versions/A/ProtectedCloudStorage
0x0000000035ee2000 	/System/Library/PrivateFrameworks/EFILogin.framework/Versions/A/EFILogin
0x0000000035ee2000 	/usr/lib/libutil.dylib
0x0000000035ee2000 	/System/Library/PrivateFrameworks/APFS.framework/Versions/A/APFS
0x0000000035ee2000 	/System/Library/PrivateFrameworks/CacheDelete.framework/Versions/A/CacheDelete
0x0000000035ee2000 	/System/Library/PrivateFrameworks/CloudDocs.framework/Versions/A/CloudDocs
0x0000000035ee2000 	/System/Library/Frameworks/CloudKit.framework/Versions/A/CloudKit
0x0000000035ee2000 	/System/Library/PrivateFrameworks/MMCS.framework/Versions/A/MMCS
0x0000000035ee2000 	/System/Library/Frameworks/CoreLocation.framework/Versions/A/CoreLocation
0x0000000035ee2000 	/System/Library/PrivateFrameworks/AssetCacheServices.framework/Versions/A/AssetCacheServices
0x0000000035ee2000 	/System/Library/PrivateFrameworks/GeoServices.framework/Versions/A/GeoServices
0x0000000035ee2000 	/System/Library/PrivateFrameworks/PlugInKit.framework/Versions/A/PlugInKit
0x0000000035ee2000 	/System/Library/PrivateFrameworks/iLifeMediaBrowser.framework/Versions/A/iLifeMediaBrowser
0x0000000035ee2000 	/System/Library/Frameworks/AVKit.framework/Versions/A/AVKit
0x0000000035ee2000 	/System/Library/PrivateFrameworks/MediaRemote.framework/Versions/A/MediaRemote
0x0000000035ee2000 	/System/Library/PrivateFrameworks/MediaServices.framework/Versions/A/MediaServices
0x0000000035ee2000 	/System/Library/PrivateFrameworks/FamilyControls.framework/Versions/A/FamilyControls
0x0000000035ee2000 	/System/Library/PrivateFrameworks/CommerceKit.framework/Versions/A/Frameworks/CommerceCore.framework/Versions/A/CommerceCore
0x00000001229ba000 	/System/Library/Frameworks/Security.framework/PlugIns/csparser.bundle/Contents/MacOS/csparser
0x0000000035ee2000 	/System/Library/PrivateFrameworks/Shortcut.framework/Versions/A/Shortcut
0x0000000035ee2000 	/System/Library/PrivateFrameworks/HelpData.framework/Versions/A/HelpData
0x0000000123f5e000 	cl_kernels
0x0000000125da1000 	/System/Library/Frameworks/OpenCL.framework/Versions/A/Libraries/ImageFormats/unorm8_bgra.dylib
0x0000000125ecb000 	/System/Library/Frameworks/OpenCL.framework/Versions/A/Libraries/ImageFormats/unorm8_rgba.dylib
0x0000000123980000 	/System/Library/Frameworks/Quartz.framework/Versions/A/Frameworks/QuickLookUI.framework/Versions/A/PlugIns/Generic.qldisplay/Contents/MacOS/Generic
0x0000000125729000 	/Users/viktor/Downloads/SoarTutorial_9.4.0-OSX/bin/libJava_sml_ClientInterface.jnilib
0x0000000129b7e000 	/Users/viktor/Downloads/SoarTutorial_9.4.0-OSX/bin/libSoar.dylib
0x0000000122b49000 	/System/Library/PrivateFrameworks/CoreNLP.framework/Versions/A/CoreNLP
0x000000011f901000 	/System/Library/Frameworks/Quartz.framework/Versions/A/Frameworks/QuickLookUI.framework/Versions/A/PlugIns/Text.qldisplay/Contents/MacOS/Text

VM Arguments:
java_command: /Users/viktor/Downloads/SoarTutorial_9.4.0-OSX/bin/Eaters_TankSoar.jar
java_class_path (initial): /Users/viktor/Downloads/SoarTutorial_9.4.0-OSX/bin/Eaters_TankSoar.jar
Launcher Type: SUN_STANDARD

Environment Variables:
PATH=/usr/local/bin:/usr/bin:/bin:/usr/sbin:/sbin
SHELL=/bin/bash

Signal Handlers:
SIGSEGV: [libjvm.dylib+0x5b03ed], sa_mask[0]=11111111011111110111111111111111, sa_flags=SA_ONSTACK|SA_RESTART|SA_SIGINFO
SIGBUS: [libjvm.dylib+0x5b03ed], sa_mask[0]=11111111011111110111111111111111, sa_flags=SA_RESTART|SA_SIGINFO
SIGFPE: [libjvm.dylib+0x48711c], sa_mask[0]=11111111011111110111111111111111, sa_flags=SA_RESTART|SA_SIGINFO
SIGPIPE: SIG_IGN, sa_mask[0]=00000000000000000000000000000000, sa_flags=none
SIGXFSZ: [libjvm.dylib+0x48711c], sa_mask[0]=11111111011111110111111111111111, sa_flags=SA_RESTART|SA_SIGINFO
SIGILL: [libjvm.dylib+0x48711c], sa_mask[0]=11111111011111110111111111111111, sa_flags=SA_RESTART|SA_SIGINFO
SIGUSR1: SIG_DFL, sa_mask[0]=11011111011111100000000111000110, sa_flags=none
SIGUSR2: [libjvm.dylib+0x486c3a], sa_mask[0]=00000000000000000000000000000000, sa_flags=SA_RESTART|SA_SIGINFO
SIGHUP: [libjvm.dylib+0x485211], sa_mask[0]=11111111011111110111111111111111, sa_flags=SA_RESTART|SA_SIGINFO
SIGINT: SIG_IGN, sa_mask[0]=00000000000000000000000000000000, sa_flags=none
SIGTERM: [libjvm.dylib+0x485211], sa_mask[0]=11111111011111110111111111111111, sa_flags=SA_RESTART|SA_SIGINFO
SIGQUIT: [libjvm.dylib+0x485211], sa_mask[0]=11111111011111110111111111111111, sa_flags=SA_RESTART|SA_SIGINFO


---------------  S Y S T E M  ---------------

OS:Bsduname:Darwin 16.5.0 Darwin Kernel Version 16.5.0: Fri Mar  3 16:52:33 PST 2017; root:xnu-3789.51.2~3/RELEASE_X86_64 x86_64
rlimit: STACK 8192k, CORE 0k, NPROC 709, NOFILE 10240, AS infinity
load average:1,88 2,17 2,38

CPU:total 4 (2 cores per cpu, 2 threads per core) family 6 model 78 stepping 3, cmov, cx8, fxsr, mmx, sse, sse2, sse3, ssse3, sse4.1, sse4.2, popcnt, avx, avx2, aes, clmul, erms, rtm, 3dnowpref, lzcnt, ht, tsc, tscinvbit, bmi1, bmi2, adx

Memory: 4k page, physical 8388608k(274716k free)

/proc/meminfo:


vm_info: Java HotSpot(TM) 64-Bit Server VM (25.111-b14) for bsd-amd64 JRE (1.8.0_111-b14), built on Sep 22 2016 15:31:41 by "java_re" with gcc 4.2.1 (Based on Apple Inc. build 5658) (LLVM build 2336.11.00)

time: Wed May 17 22:32:07 2017
elapsed time: 16857 seconds (0d 4h 40m 57s)

