#
# A fatal error has been detected by the Java Runtime Environment:
#
#  SIGSEGV (0xb) at pc=0x00007fffaa836806, pid=13651, tid=0x0000000000000307
#
# JRE version: Java(TM) SE Runtime Environment (8.0_111-b14) (build 1.8.0_111-b14)
# Java VM: Java HotSpot(TM) 64-Bit Server VM (25.111-b14 mixed mode bsd-amd64 compressed oops)
# Problematic frame:
# C  [HIToolbox+0x28806]  THIThemeTextInfoFinder::GetTruncation() const+0x8
#
# Failed to write core dump. Core dumps have been disabled. To enable core dumping, try "ulimit -c unlimited" before starting Java again
#
# If you would like to submit a bug report, please visit:
#   http://bugreport.java.com/bugreport/crash.jsp
#

---------------  T H R E A D  ---------------

Current thread is native thread

siginfo: si_signo: 11 (SIGSEGV), si_code: 1 (SEGV_MAPERR), si_addr: 0x0000000000000016

Registers:
RAX=0x0000000000000000, RBX=0x00007f9867e28000, RCX=0x00007fff5f20c818, RDX=0x00007fff5f20c800
RSP=0x00007fff5f20c8d0, RBP=0x00007fff5f20c8d0, RSI=0x00007f9867e33e78, RDI=0x00007f9867e28000
R8 =0x00000000000000e0, R9 =0x00007f9867e33e30, R10=0x00000000ffffff00, R11=0x000000000000001c
R12=0x00007f9867e28000, R13=0x00000000ffffff94, R14=0x00007f9867e32090, R15=0x00007f9867e35fa0
RIP=0x00007fffaa836806, EFLAGS=0x0000000000010206, ERR=0x0000000000000004
  TRAPNO=0x000000000000000e

Top of Stack: (sp=0x00007fff5f20c8d0)
0x00007fff5f20c8d0:   00007fff5f20c920 00007fffaa836903
0x00007fff5f20c8e0:   0000000000000000 0000000000000000
0x00007fff5f20c8f0:   7f7fffff5f20c930 00007f9867e28000
0x00007fff5f20c900:   00007f9867e32090 00007fff5f20ca58
0x00007fff5f20c910:   00007f9867e28000 0000000000000000
0x00007fff5f20c920:   00007fff5f20c960 00007fffaa836861
0x00007fff5f20c930:   7f7fffff00000000 7f7fffff67e28000
0x00007fff5f20c940:   00007f9867e28000 00007fff5f20ca50
0x00007fff5f20c950:   00007f9867e32090 00007fff5f20ca60
0x00007fff5f20c960:   00007fff5f20c9a0 00007fffaa8365db
0x00007fff5f20c970:   00007fffc5fce570 00007f9867e32090
0x00007fff5f20c980:   00007fff5f20c9e8 00000000ffffff94
0x00007fff5f20c990:   00007f9867e28000 00000000000003e9
0x00007fff5f20c9a0:   00007fff5f20ca40 00007fffaa835315
0x00007fff5f20c9b0:   00007fffc62e4da0 47efffffe0000000
0x00007fff5f20c9c0:   00007fff5f20ca58 00007fff5f20ca60
0x00007fff5f20c9d0:   00007fff5f20ca50 00007f9867d9bae0
0x00007fff5f20c9e0:   0000000000000002 0000000000000000
0x00007fff5f20c9f0:   00007fff00000001 00007fffaa819549
0x00007fff5f20ca00:   0000000000000000 00007fff5f20ca7e
0x00007fff5f20ca10:   0000000000000000 0000000000000000
0x00007fff5f20ca20:   0000000000000001 00007f9867e27360
0x00007fff5f20ca30:   0000000000000000 00007fff5f20cae0
0x00007fff5f20ca40:   00007fff5f20ca80 00007fffaa8351c8
0x00007fff5f20ca50:   0000000000000000 00007fff5f20ca7e
0x00007fff5f20ca60:   00007fff5f20ca80 00007f9867d9b680
0x00007fff5f20ca70:   00007f9867e325e0 0000000000000001
0x00007fff5f20ca80:   00007fff5f20cb10 00007fffaa834caa
0x00007fff5f20ca90:   00017fffaa810001 00007f9867f46060
0x00007fff5f20caa0:   0000000100000000 00000000000003e9
0x00007fff5f20cab0:   0002000200000000 0000000000010000
0x00007fff5f20cac0:   0000000000000000 0000000000000000 

Instructions: (pc=0x00007fffaa836806)
0x00007fffaa8367e6:   85 c0 b8 02 00 00 00 0f 45 c1 eb 06 41 0f b6 c6
0x00007fffaa8367f6:   01 c0 5b 41 5e 5d c3 90 55 48 89 e5 48 8b 47 08
0x00007fffaa836806:   8b 40 16 5d c3 90 55 48 89 e5 48 8b 47 08 8b 40
0x00007fffaa836816:   1a 5d c3 90 90 90 90 90 90 90 90 90 90 90 90 90 

Register to memory mapping:

RAX=0x0000000000000000 is an unknown value
RBX=0x00007f9867e28000 is an unknown value
RCX=0x00007fff5f20c818 is an unknown value
RDX=0x00007fff5f20c800 is an unknown value
RSP=0x00007fff5f20c8d0 is an unknown value
RBP=0x00007fff5f20c8d0 is an unknown value
RSI=0x00007f9867e33e78 is an unknown value
RDI=0x00007f9867e28000 is an unknown value
R8 =0x00000000000000e0 is an unknown value
R9 =0x00007f9867e33e30 is an unknown value
R10=0x00000000ffffff00 is an unknown value
R11=0x000000000000001c is an unknown value
R12=0x00007f9867e28000 is an unknown value
R13=0x00000000ffffff94 is an unknown value
R14=0x00007f9867e32090 is an unknown value
R15=0x00007f9867e35fa0 is an unknown value


Stack: [0x00007fff5ea10000,0x00007fff5f210000],  sp=0x00007fff5f20c8d0,  free space=8178k
Native frames: (J=compiled Java code, j=interpreted, Vv=VM code, C=native code)
C  [HIToolbox+0x28806]  THIThemeTextInfoFinder::GetTruncation() const+0x8
C  [HIToolbox+0x28903]  TCoreTextEngine::LayoutSingleLine(THIThemeTextInfo*, float)+0x41
C  [HIToolbox+0x28861]  TCoreTextEngine::Layout(THIThemeTextInfo*, float, float, TextLayoutType)+0x3b
C  [HIToolbox+0x285db]  TCoreTextEngine::GetThemeTextDimensions(double, THIThemeTextInfo*, double*, double*, double*)+0x2b
C  [HIToolbox+0x27315]  DataEngine::GetTextDimensions(void const*, double, HIThemeTextInfo*, double*, double*, double*)+0x11d
C  [HIToolbox+0x271c8]  HIThemeGetTextDimensions+0xbf
C  [HIToolbox+0x26caa]  HIMenuBarView::MeasureMenuTitle(MenuData*, unsigned char, float*, int)+0x190
C  [HIToolbox+0x26a44]  HIMenuBarView::MeasureAppMenus()+0xe6
C  [HIToolbox+0x2663a]  HIMenuBarView::EnsureBarLayout()+0x1ee
C  [HIToolbox+0x25d5b]  HIMenuBarView::DrawOnce(CGRect, CGRect, bool, bool, CGContext*)+0x21f
C  [HIToolbox+0x25a44]  HIMenuBarView::DrawSelf(short, __HIShape const*, CGContext*)+0x22a
C  [HIToolbox+0x2546c]  HIMenuBarView::DrawWithoutCustomization(short, __HIShape const*, CGContext*)+0x52
C  [HIToolbox+0x2540b]  HIMenuBarView::DrawingDelegateHandler(OpaqueEventHandlerCallRef*, OpaqueEventRef*, void*)+0xf9
C  [HIToolbox+0x8d85]  DispatchEventToHandlers(EventTargetRec*, OpaqueEventRef*, HandlerCallRec*)+0x6ac
C  [HIToolbox+0x7ff6]  SendEventToEventTargetInternal(OpaqueEventRef*, OpaqueEventTargetRef*, HandlerCallRec*)+0x1ac
C  [HIToolbox+0x7e3f]  SendEventToEventTargetWithOptions+0x2b
C  [HIToolbox+0x24f9f]  HIView::SendDraw(short, OpaqueGrafPtr*, __HIShape const*, CGContext*)+0x151
C  [HIToolbox+0x2494d]  HIView::RecursiveDrawComposited(__HIShape const*, __HIShape const*, unsigned int, HIView*, CGContext*, unsigned char, double)+0x235
C  [HIToolbox+0x24bfd]  HIView::RecursiveDrawComposited(__HIShape const*, __HIShape const*, unsigned int, HIView*, CGContext*, unsigned char, double)+0x4e5
C  [HIToolbox+0x243b5]  HIView::DrawComposited(short, OpaqueGrafPtr*, __HIShape const*, unsigned int, HIView*, CGContext*)+0x3cf
C  [HIToolbox+0x23fd4]  HIView::Render(unsigned int, CGContext*)+0x36
C  [HIToolbox+0x3a2e2]  FlushWindowObject(WindowData*, void**, unsigned char)+0x303
C  [HIToolbox+0x39d45]  FlushAllBuffers(__CFRunLoopObserver*, unsigned long, void*)+0x175
C  [CoreFoundation+0xa6dd7]  __CFRUNLOOP_IS_CALLING_OUT_TO_AN_OBSERVER_CALLBACK_FUNCTION__+0x17
C  [CoreFoundation+0xa6d47]  __CFRunLoopDoObservers+0x187
C  [CoreFoundation+0x878de]  __CFRunLoopRun+0x4be
C  [CoreFoundation+0x871c4]  CFRunLoopRunSpecific+0x1a4
C  [java+0x6465]  CreateExecutionEnvironment+0x367
C  [java+0x218c]  JLI_Launch+0x7a0
C  [java+0x84c2]  main+0x65
C  [java+0x19e4]  start+0x34


---------------  P R O C E S S  ---------------

VM state:not at safepoint (normal execution)

VM Mutex/Monitor currently owned by a thread: None

Heap:
 PSYoungGen      total 38400K, used 10737K [0x0000000795580000, 0x0000000798000000, 0x00000007c0000000)
  eden space 33280K, 32% used [0x0000000795580000,0x0000000795ffc618,0x0000000797600000)
  from space 5120K, 0% used [0x0000000797b00000,0x0000000797b00000,0x0000000798000000)
  to   space 5120K, 0% used [0x0000000797600000,0x0000000797600000,0x0000000797b00000)
 ParOldGen       total 87552K, used 0K [0x0000000740000000, 0x0000000745580000, 0x0000000795580000)
  object space 87552K, 0% used [0x0000000740000000,0x0000000740000000,0x0000000745580000)
 Metaspace       used 6724K, capacity 6817K, committed 7040K, reserved 1056768K
  class space    used 763K, capacity 785K, committed 896K, reserved 1048576K

Card table byte_map: [0x0000000102761000,0x0000000102b62000] byte_map_base: 0x00000000fed61000

Marking Bits: (ParMarkBitMap*) 0x0000000101cefd20
 Begin Bits: [0x0000000102e0d000, 0x0000000104e0d000)
 End Bits:   [0x0000000104e0d000, 0x0000000106e0d000)

Polling page: 0x0000000100ae8000

CodeCache: size=245760Kb used=2136Kb max_used=2136Kb free=243623Kb
 bounds [0x000000010f192000, 0x000000010f402000, 0x000000011e192000]
 total_blobs=752 nmethods=391 adapters=275
 compilation: enabled

Compilation events (10 events):
Event: 0.847 Thread 0x00007f9868809000  387       3       org.eclipse.swt.internal.cocoa.id::<init> (10 bytes)
Event: 0.847 Thread 0x00007f9868809000 nmethod 387 0x000000010f3a46d0 code [0x000000010f3a4840, 0x000000010f3a49f0]
Event: 0.866 Thread 0x00007f9868809000  388   !   3       sun.misc.URLClassPath$FileLoader::getResource (164 bytes)
Event: 0.867 Thread 0x00007f9868809000 nmethod 388 0x000000010f3a4a90 code [0x000000010f3a4e20, 0x000000010f3a69c8]
Event: 0.867 Thread 0x00007f9868809000  389       3       java.security.Provider$ServiceKey::equals (55 bytes)
Event: 0.868 Thread 0x00007f9868809000 nmethod 389 0x000000010f3a7ad0 code [0x000000010f3a7c80, 0x000000010f3a8278]
Event: 0.875 Thread 0x00007f9868809000  390   !   3       java.lang.ClassLoader::findNative (86 bytes)
Event: 0.876 Thread 0x00007f9868809000 nmethod 390 0x000000010f3a83d0 code [0x000000010f3a8580, 0x000000010f3a8e58]
Event: 0.883 Thread 0x00007f9868809000  391       3       org.eclipse.swt.internal.cocoa.NSObject::<init> (6 bytes)
Event: 0.883 Thread 0x00007f9868809000 nmethod 391 0x000000010f3a91d0 code [0x000000010f3a9340, 0x000000010f3a9550]

GC Heap History (0 events):
No events

Deoptimization events (1 events):
Event: 0.561 Thread 0x00007f9869005000 Uncommon trap: reason=unstable_if action=reinterpret pc=0x000000010f2e3234 method=java.lang.String.startsWith(Ljava/lang/String;I)Z @ 25

Internal exceptions (10 events):
Event: 0.338 Thread 0x00007f9869005000 Exception <a 'java/security/PrivilegedActionException'> (0x000000079572dbe0) thrown at [/Users/java_re/workspace/8-2-build-macosx-x86_64/jdk8u111/7883/hotspot/src/share/vm/prims/jvm.cpp, line 1386]
Event: 0.406 Thread 0x00007f9869005000 Exception <a 'java/lang/ClassNotFoundException': org/apache/log4j/PatternLayoutBeanInfo> (0x00000007958a7b40) thrown at [/Users/java_re/workspace/8-2-build-macosx-x86_64/jdk8u111/7883/hotspot/src/share/vm/classfile/systemDictionary.cpp, line 210]
Event: 0.406 Thread 0x00007f9869005000 Exception <a 'java/lang/ClassNotFoundException': org/apache/log4j/LayoutBeanInfo> (0x00000007958ae2f8) thrown at [/Users/java_re/workspace/8-2-build-macosx-x86_64/jdk8u111/7883/hotspot/src/share/vm/classfile/systemDictionary.cpp, line 210]
Event: 0.407 Thread 0x00007f9869005000 Exception <a 'java/lang/ClassNotFoundException': java/lang/ObjectBeanInfo> (0x00000007958b16b8) thrown at [/Users/java_re/workspace/8-2-build-macosx-x86_64/jdk8u111/7883/hotspot/src/share/vm/classfile/systemDictionary.cpp, line 210]
Event: 0.407 Thread 0x00007f9869005000 Exception <a 'java/lang/ClassNotFoundException': java/lang/ObjectCustomizer> (0x00000007958b4be8) thrown at [/Users/java_re/workspace/8-2-build-macosx-x86_64/jdk8u111/7883/hotspot/src/share/vm/classfile/systemDictionary.cpp, line 210]
Event: 0.413 Thread 0x00007f9869005000 Exception <a 'java/lang/ArrayIndexOutOfBoundsException': 18> (0x00000007958b74d8) thrown at [/Users/java_re/workspace/8-2-build-macosx-x86_64/jdk8u111/7883/hotspot/src/share/vm/interpreter/interpreterRuntime.cpp, line 366]
Event: 0.417 Thread 0x00007f9869005000 Exception <a 'java/lang/ArrayIndexOutOfBoundsException': 22> (0x00000007958ba820) thrown at [/Users/java_re/workspace/8-2-build-macosx-x86_64/jdk8u111/7883/hotspot/src/share/vm/interpreter/interpreterRuntime.cpp, line 366]
Event: 0.420 Thread 0x00007f9869005000 Exception <a 'java/lang/ArrayIndexOutOfBoundsException': 160> (0x00000007958bcc70) thrown at [/Users/java_re/workspace/8-2-build-macosx-x86_64/jdk8u111/7883/hotspot/src/share/vm/interpreter/interpreterRuntime.cpp, line 366]
Event: 0.428 Thread 0x00007f9869005000 Exception <a 'java/lang/ClassNotFoundException': org/apache/log4j/LayoutCustomizer> (0x00000007958c5e28) thrown at [/Users/java_re/workspace/8-2-build-macosx-x86_64/jdk8u111/7883/hotspot/src/share/vm/classfile/systemDictionary.cpp, line 210]
Event: 0.429 Thread 0x00007f9869005000 Exception <a 'java/lang/ClassNotFoundException': org/apache/log4j/PatternLayoutCustomizer> (0x00000007958dad90) thrown at [/Users/java_re/workspace/8-2-build-macosx-x86_64/jdk8u111/7883/hotspot/src/share/vm/classfile/systemDictionary.cpp, line 210]

Events (10 events):
Event: 0.815 loading class org/eclipse/swt/internal/cocoa/NSColorSpace
Event: 0.815 loading class org/eclipse/swt/internal/cocoa/NSColorSpace done
Event: 0.822 loading class org/eclipse/swt/internal/cocoa/NSRect
Event: 0.822 loading class org/eclipse/swt/internal/cocoa/NSRect done
Event: 0.866 loading class org/eclipse/swt/internal/cocoa/objc_super
Event: 0.866 loading class org/eclipse/swt/internal/cocoa/objc_super done
Event: 0.881 loading class org/eclipse/swt/internal/cocoa/NSMenu
Event: 0.881 loading class org/eclipse/swt/internal/cocoa/NSMenu done
Event: 0.882 loading class org/eclipse/swt/internal/cocoa/NSMenuItem
Event: 0.882 loading class org/eclipse/swt/internal/cocoa/NSMenuItem done


Dynamic libraries:
0x0000000035ee2000 	/System/Library/Frameworks/Cocoa.framework/Versions/A/Cocoa
0x0000000035ee2000 	/System/Library/Frameworks/Security.framework/Versions/A/Security
0x0000000035ee2000 	/System/Library/Frameworks/ApplicationServices.framework/Versions/A/ApplicationServices
0x0000000035ee2000 	/usr/lib/libz.1.dylib
0x0000000035ee2000 	/usr/lib/libSystem.B.dylib
0x0000000035ee2000 	/usr/lib/libobjc.A.dylib
0x0000000035ee2000 	/System/Library/Frameworks/CoreFoundation.framework/Versions/A/CoreFoundation
0x0000000035ee2000 	/System/Library/Frameworks/Foundation.framework/Versions/C/Foundation
0x0000000035ee2000 	/System/Library/Frameworks/AppKit.framework/Versions/C/AppKit
0x0000000035ee2000 	/System/Library/Frameworks/CoreData.framework/Versions/A/CoreData
0x0000000035ee2000 	/System/Library/PrivateFrameworks/RemoteViewServices.framework/Versions/A/RemoteViewServices
0x0000000035ee2000 	/System/Library/PrivateFrameworks/UIFoundation.framework/Versions/A/UIFoundation
0x0000000035ee2000 	/System/Library/PrivateFrameworks/DFRFoundation.framework/Versions/A/DFRFoundation
0x0000000035ee2000 	/usr/lib/libenergytrace.dylib
0x0000000035ee2000 	/System/Library/PrivateFrameworks/SkyLight.framework/Versions/A/SkyLight
0x0000000035ee2000 	/System/Library/Frameworks/CoreGraphics.framework/Versions/A/CoreGraphics
0x0000000035ee2000 	/usr/lib/libScreenReader.dylib
0x0000000035ee2000 	/System/Library/Frameworks/Accelerate.framework/Versions/A/Accelerate
0x0000000035ee2000 	/System/Library/Frameworks/IOSurface.framework/Versions/A/IOSurface
0x0000000035ee2000 	/System/Library/Frameworks/AudioToolbox.framework/Versions/A/AudioToolbox
0x0000000035ee2000 	/System/Library/Frameworks/AudioUnit.framework/Versions/A/AudioUnit
0x0000000035ee2000 	/System/Library/PrivateFrameworks/DataDetectorsCore.framework/Versions/A/DataDetectorsCore
0x0000000035ee2000 	/System/Library/PrivateFrameworks/DesktopServicesPriv.framework/Versions/A/DesktopServicesPriv
0x0000000035ee2000 	/System/Library/Frameworks/Carbon.framework/Versions/A/Frameworks/HIToolbox.framework/Versions/A/HIToolbox
0x0000000035ee2000 	/usr/lib/libicucore.A.dylib
0x0000000035ee2000 	/System/Library/Frameworks/QuartzCore.framework/Versions/A/QuartzCore
0x0000000035ee2000 	/System/Library/Frameworks/Carbon.framework/Versions/A/Frameworks/SpeechRecognition.framework/Versions/A/SpeechRecognition
0x0000000035ee2000 	/usr/lib/libauto.dylib
0x0000000035ee2000 	/usr/lib/libxml2.2.dylib
0x0000000035ee2000 	/System/Library/PrivateFrameworks/CoreUI.framework/Versions/A/CoreUI
0x0000000035ee2000 	/System/Library/Frameworks/CoreAudio.framework/Versions/A/CoreAudio
0x0000000035ee2000 	/System/Library/Frameworks/DiskArbitration.framework/Versions/A/DiskArbitration
0x0000000035ee2000 	/usr/lib/liblangid.dylib
0x0000000035ee2000 	/System/Library/PrivateFrameworks/MultitouchSupport.framework/Versions/A/MultitouchSupport
0x0000000035ee2000 	/System/Library/Frameworks/IOKit.framework/Versions/A/IOKit
0x0000000035ee2000 	/usr/lib/libDiagnosticMessagesClient.dylib
0x0000000035ee2000 	/System/Library/Frameworks/CoreServices.framework/Versions/A/CoreServices
0x0000000035ee2000 	/System/Library/PrivateFrameworks/PerformanceAnalysis.framework/Versions/A/PerformanceAnalysis
0x0000000035ee2000 	/System/Library/PrivateFrameworks/GenerationalStorage.framework/Versions/A/GenerationalStorage
0x0000000035ee2000 	/System/Library/Frameworks/OpenGL.framework/Versions/A/OpenGL
0x0000000035ee2000 	/System/Library/Frameworks/CoreImage.framework/Versions/A/CoreImage
0x0000000035ee2000 	/System/Library/Frameworks/CoreText.framework/Versions/A/CoreText
0x0000000035ee2000 	/System/Library/Frameworks/ImageIO.framework/Versions/A/ImageIO
0x0000000035ee2000 	/System/Library/PrivateFrameworks/Backup.framework/Versions/A/Backup
0x0000000035ee2000 	/usr/lib/libarchive.2.dylib
0x0000000035ee2000 	/System/Library/Frameworks/CFNetwork.framework/Versions/A/CFNetwork
0x0000000035ee2000 	/System/Library/Frameworks/SystemConfiguration.framework/Versions/A/SystemConfiguration
0x0000000035ee2000 	/usr/lib/libCRFSuite.dylib
0x0000000035ee2000 	/usr/lib/libc++.1.dylib
0x0000000035ee2000 	/usr/lib/libc++abi.dylib
0x0000000035ee2000 	/usr/lib/system/libcache.dylib
0x0000000035ee2000 	/usr/lib/system/libcommonCrypto.dylib
0x0000000035ee2000 	/usr/lib/system/libcompiler_rt.dylib
0x0000000035ee2000 	/usr/lib/system/libcopyfile.dylib
0x0000000035ee2000 	/usr/lib/system/libcorecrypto.dylib
0x0000000035ee2000 	/usr/lib/system/libdispatch.dylib
0x0000000035ee2000 	/usr/lib/system/libdyld.dylib
0x0000000035ee2000 	/usr/lib/system/libkeymgr.dylib
0x0000000035ee2000 	/usr/lib/system/liblaunch.dylib
0x0000000035ee2000 	/usr/lib/system/libmacho.dylib
0x0000000035ee2000 	/usr/lib/system/libquarantine.dylib
0x0000000035ee2000 	/usr/lib/system/libremovefile.dylib
0x0000000035ee2000 	/usr/lib/system/libsystem_asl.dylib
0x0000000035ee2000 	/usr/lib/system/libsystem_blocks.dylib
0x0000000035ee2000 	/usr/lib/system/libsystem_c.dylib
0x0000000035ee2000 	/usr/lib/system/libsystem_configuration.dylib
0x0000000035ee2000 	/usr/lib/system/libsystem_coreservices.dylib
0x0000000035ee2000 	/usr/lib/system/libsystem_coretls.dylib
0x0000000035ee2000 	/usr/lib/system/libsystem_dnssd.dylib
0x0000000035ee2000 	/usr/lib/system/libsystem_info.dylib
0x0000000035ee2000 	/usr/lib/system/libsystem_kernel.dylib
0x0000000035ee2000 	/usr/lib/system/libsystem_m.dylib
0x0000000035ee2000 	/usr/lib/system/libsystem_malloc.dylib
0x0000000035ee2000 	/usr/lib/system/libsystem_network.dylib
0x0000000035ee2000 	/usr/lib/system/libsystem_networkextension.dylib
0x0000000035ee2000 	/usr/lib/system/libsystem_notify.dylib
0x0000000035ee2000 	/usr/lib/system/libsystem_platform.dylib
0x0000000035ee2000 	/usr/lib/system/libsystem_pthread.dylib
0x0000000035ee2000 	/usr/lib/system/libsystem_sandbox.dylib
0x0000000035ee2000 	/usr/lib/system/libsystem_secinit.dylib
0x0000000035ee2000 	/usr/lib/system/libsystem_symptoms.dylib
0x0000000035ee2000 	/usr/lib/system/libsystem_trace.dylib
0x0000000035ee2000 	/usr/lib/system/libunwind.dylib
0x0000000035ee2000 	/usr/lib/system/libxpc.dylib
0x0000000035ee2000 	/usr/lib/libbsm.0.dylib
0x0000000035ee2000 	/usr/lib/system/libkxld.dylib
0x0000000035ee2000 	/usr/lib/libcoretls.dylib
0x0000000035ee2000 	/usr/lib/libcoretls_cfhelpers.dylib
0x0000000035ee2000 	/usr/lib/libOpenScriptingUtil.dylib
0x0000000035ee2000 	/usr/lib/libpam.2.dylib
0x0000000035ee2000 	/usr/lib/libsqlite3.dylib
0x0000000035ee2000 	/usr/lib/libxar.1.dylib
0x0000000035ee2000 	/usr/lib/libbz2.1.0.dylib
0x0000000035ee2000 	/usr/lib/liblzma.5.dylib
0x0000000035ee2000 	/usr/lib/libnetwork.dylib
0x0000000035ee2000 	/usr/lib/libpcap.A.dylib
0x0000000035ee2000 	/System/Library/Frameworks/CoreServices.framework/Versions/A/Frameworks/FSEvents.framework/Versions/A/FSEvents
0x0000000035ee2000 	/System/Library/Frameworks/CoreServices.framework/Versions/A/Frameworks/CarbonCore.framework/Versions/A/CarbonCore
0x0000000035ee2000 	/System/Library/Frameworks/CoreServices.framework/Versions/A/Frameworks/Metadata.framework/Versions/A/Metadata
0x0000000035ee2000 	/System/Library/Frameworks/CoreServices.framework/Versions/A/Frameworks/OSServices.framework/Versions/A/OSServices
0x0000000035ee2000 	/System/Library/Frameworks/CoreServices.framework/Versions/A/Frameworks/SearchKit.framework/Versions/A/SearchKit
0x0000000035ee2000 	/System/Library/Frameworks/CoreServices.framework/Versions/A/Frameworks/AE.framework/Versions/A/AE
0x0000000035ee2000 	/System/Library/Frameworks/CoreServices.framework/Versions/A/Frameworks/LaunchServices.framework/Versions/A/LaunchServices
0x0000000035ee2000 	/System/Library/Frameworks/CoreServices.framework/Versions/A/Frameworks/DictionaryServices.framework/Versions/A/DictionaryServices
0x0000000035ee2000 	/System/Library/Frameworks/CoreServices.framework/Versions/A/Frameworks/SharedFileList.framework/Versions/A/SharedFileList
0x0000000035ee2000 	/System/Library/Frameworks/NetFS.framework/Versions/A/NetFS
0x0000000035ee2000 	/System/Library/PrivateFrameworks/NetAuth.framework/Versions/A/NetAuth
0x0000000035ee2000 	/System/Library/PrivateFrameworks/login.framework/Versions/A/Frameworks/loginsupport.framework/Versions/A/loginsupport
0x0000000035ee2000 	/System/Library/PrivateFrameworks/TCC.framework/Versions/A/TCC
0x0000000035ee2000 	/usr/lib/libmecabra.dylib
0x0000000035ee2000 	/System/Library/Frameworks/ApplicationServices.framework/Versions/A/Frameworks/ATS.framework/Versions/A/ATS
0x0000000035ee2000 	/System/Library/Frameworks/ApplicationServices.framework/Versions/A/Frameworks/ColorSync.framework/Versions/A/ColorSync
0x0000000035ee2000 	/System/Library/Frameworks/ApplicationServices.framework/Versions/A/Frameworks/HIServices.framework/Versions/A/HIServices
0x0000000035ee2000 	/System/Library/Frameworks/ApplicationServices.framework/Versions/A/Frameworks/LangAnalysis.framework/Versions/A/LangAnalysis
0x0000000035ee2000 	/System/Library/Frameworks/ApplicationServices.framework/Versions/A/Frameworks/PrintCore.framework/Versions/A/PrintCore
0x0000000035ee2000 	/System/Library/Frameworks/ApplicationServices.framework/Versions/A/Frameworks/QD.framework/Versions/A/QD
0x0000000035ee2000 	/System/Library/Frameworks/ApplicationServices.framework/Versions/A/Frameworks/SpeechSynthesis.framework/Versions/A/SpeechSynthesis
0x0000000035ee2000 	/System/Library/Frameworks/Accelerate.framework/Versions/A/Frameworks/vImage.framework/Versions/A/vImage
0x0000000035ee2000 	/System/Library/Frameworks/Accelerate.framework/Versions/A/Frameworks/vecLib.framework/Versions/A/vecLib
0x0000000035ee2000 	/System/Library/Frameworks/Accelerate.framework/Versions/A/Frameworks/vecLib.framework/Versions/A/libvDSP.dylib
0x0000000035ee2000 	/System/Library/Frameworks/Accelerate.framework/Versions/A/Frameworks/vecLib.framework/Versions/A/libBNNS.dylib
0x0000000035ee2000 	/System/Library/Frameworks/Accelerate.framework/Versions/A/Frameworks/vecLib.framework/Versions/A/libQuadrature.dylib
0x0000000035ee2000 	/System/Library/Frameworks/Accelerate.framework/Versions/A/Frameworks/vecLib.framework/Versions/A/libvMisc.dylib
0x0000000035ee2000 	/System/Library/Frameworks/Accelerate.framework/Versions/A/Frameworks/vecLib.framework/Versions/A/libLAPACK.dylib
0x0000000035ee2000 	/System/Library/Frameworks/Accelerate.framework/Versions/A/Frameworks/vecLib.framework/Versions/A/libBLAS.dylib
0x0000000035ee2000 	/System/Library/Frameworks/Accelerate.framework/Versions/A/Frameworks/vecLib.framework/Versions/A/libLinearAlgebra.dylib
0x0000000035ee2000 	/System/Library/Frameworks/Accelerate.framework/Versions/A/Frameworks/vecLib.framework/Versions/A/libSparseBLAS.dylib
0x0000000035ee2000 	/System/Library/Frameworks/ApplicationServices.framework/Versions/A/Frameworks/ATS.framework/Versions/A/Resources/libFontParser.dylib
0x0000000035ee2000 	/System/Library/Frameworks/ApplicationServices.framework/Versions/A/Frameworks/ATS.framework/Versions/A/Resources/libFontRegistry.dylib
0x0000000035ee2000 	/System/Library/Frameworks/ImageIO.framework/Versions/A/Resources/libJPEG.dylib
0x0000000035ee2000 	/System/Library/Frameworks/ImageIO.framework/Versions/A/Resources/libTIFF.dylib
0x0000000035ee2000 	/System/Library/Frameworks/ImageIO.framework/Versions/A/Resources/libPng.dylib
0x0000000035ee2000 	/System/Library/Frameworks/ImageIO.framework/Versions/A/Resources/libGIF.dylib
0x0000000035ee2000 	/System/Library/Frameworks/ImageIO.framework/Versions/A/Resources/libJP2.dylib
0x0000000035ee2000 	/System/Library/Frameworks/ImageIO.framework/Versions/A/Resources/libRadiance.dylib
0x0000000035ee2000 	/usr/lib/libcompression.dylib
0x0000000035ee2000 	/System/Library/PrivateFrameworks/AppleJPEG.framework/Versions/A/AppleJPEG
0x0000000035ee2000 	/usr/lib/libcups.2.dylib
0x0000000035ee2000 	/System/Library/Frameworks/Kerberos.framework/Versions/A/Kerberos
0x0000000035ee2000 	/System/Library/Frameworks/GSS.framework/Versions/A/GSS
0x0000000035ee2000 	/usr/lib/libresolv.9.dylib
0x0000000035ee2000 	/usr/lib/libiconv.2.dylib
0x0000000035ee2000 	/System/Library/PrivateFrameworks/Heimdal.framework/Versions/A/Heimdal
0x0000000035ee2000 	/usr/lib/libheimdal-asn1.dylib
0x0000000035ee2000 	/System/Library/Frameworks/OpenDirectory.framework/Versions/A/OpenDirectory
0x0000000035ee2000 	/System/Library/PrivateFrameworks/CommonAuth.framework/Versions/A/CommonAuth
0x0000000035ee2000 	/System/Library/Frameworks/OpenDirectory.framework/Versions/A/Frameworks/CFOpenDirectory.framework/Versions/A/CFOpenDirectory
0x0000000035ee2000 	/System/Library/Frameworks/SecurityFoundation.framework/Versions/A/SecurityFoundation
0x0000000035ee2000 	/System/Library/PrivateFrameworks/LanguageModeling.framework/Versions/A/LanguageModeling
0x0000000035ee2000 	/usr/lib/libmarisa.dylib
0x0000000035ee2000 	/usr/lib/libChineseTokenizer.dylib
0x0000000035ee2000 	/usr/lib/libcmph.dylib
0x0000000035ee2000 	/System/Library/PrivateFrameworks/CoreEmoji.framework/Versions/A/CoreEmoji
0x0000000035ee2000 	/System/Library/Frameworks/ServiceManagement.framework/Versions/A/ServiceManagement
0x0000000035ee2000 	/usr/lib/libxslt.1.dylib
0x0000000035ee2000 	/System/Library/Frameworks/Carbon.framework/Versions/A/Frameworks/Ink.framework/Versions/A/Ink
0x0000000035ee2000 	/System/Library/PrivateFrameworks/TextureIO.framework/Versions/A/TextureIO
0x0000000035ee2000 	/System/Library/Frameworks/Metal.framework/Versions/A/Metal
0x0000000035ee2000 	/usr/lib/libate.dylib
0x0000000035ee2000 	/System/Library/PrivateFrameworks/GPUCompiler.framework/libmetal_timestamp.dylib
0x0000000035ee2000 	/System/Library/Frameworks/OpenGL.framework/Versions/A/Libraries/libCoreFSCache.dylib
0x0000000035ee2000 	/System/Library/PrivateFrameworks/IOAccelerator.framework/Versions/A/IOAccelerator
0x0000000035ee2000 	/System/Library/Frameworks/CoreVideo.framework/Versions/A/CoreVideo
0x0000000035ee2000 	/usr/lib/libFosl_dynamic.dylib
0x0000000035ee2000 	/System/Library/PrivateFrameworks/MetalPerformanceShaders.framework/Versions/A/MetalPerformanceShaders
0x0000000035ee2000 	/System/Library/PrivateFrameworks/FaceCore.framework/Versions/A/FaceCore
0x0000000035ee2000 	/System/Library/Frameworks/OpenCL.framework/Versions/A/OpenCL
0x0000000035ee2000 	/System/Library/Frameworks/OpenGL.framework/Versions/A/Libraries/libGLU.dylib
0x0000000035ee2000 	/System/Library/Frameworks/OpenGL.framework/Versions/A/Libraries/libGFXShared.dylib
0x0000000035ee2000 	/System/Library/Frameworks/OpenGL.framework/Versions/A/Libraries/libGL.dylib
0x0000000035ee2000 	/System/Library/Frameworks/OpenGL.framework/Versions/A/Libraries/libGLImage.dylib
0x0000000035ee2000 	/System/Library/Frameworks/OpenGL.framework/Versions/A/Libraries/libCVMSPluginSupport.dylib
0x0000000035ee2000 	/System/Library/Frameworks/OpenGL.framework/Versions/A/Libraries/libCoreVMClient.dylib
0x0000000035ee2000 	/System/Library/PrivateFrameworks/CrashReporterSupport.framework/Versions/A/CrashReporterSupport
0x0000000035ee2000 	/System/Library/PrivateFrameworks/Sharing.framework/Versions/A/Sharing
0x0000000035ee2000 	/System/Library/PrivateFrameworks/IconServices.framework/Versions/A/IconServices
0x0000000035ee2000 	/System/Library/PrivateFrameworks/ProtocolBuffer.framework/Versions/A/ProtocolBuffer
0x0000000035ee2000 	/System/Library/PrivateFrameworks/Apple80211.framework/Versions/A/Apple80211
0x0000000035ee2000 	/System/Library/Frameworks/CoreWLAN.framework/Versions/A/CoreWLAN
0x0000000035ee2000 	/System/Library/PrivateFrameworks/CoreUtils.framework/Versions/A/CoreUtils
0x0000000035ee2000 	/System/Library/Frameworks/IOBluetooth.framework/Versions/A/IOBluetooth
0x0000000035ee2000 	/System/Library/PrivateFrameworks/CoreWiFi.framework/Versions/A/CoreWiFi
0x0000000035ee2000 	/System/Library/Frameworks/CoreBluetooth.framework/Versions/A/CoreBluetooth
0x0000000035ee2000 	/System/Library/Frameworks/CoreDisplay.framework/Versions/A/CoreDisplay
0x0000000035ee2000 	/System/Library/PrivateFrameworks/IOPresentment.framework/Versions/A/IOPresentment
0x0000000035ee2000 	/System/Library/PrivateFrameworks/DSExternalDisplay.framework/Versions/A/DSExternalDisplay
0x0000000035ee2000 	/System/Library/PrivateFrameworks/DebugSymbols.framework/Versions/A/DebugSymbols
0x0000000035ee2000 	/System/Library/PrivateFrameworks/CoreSymbolication.framework/Versions/A/CoreSymbolication
0x0000000035ee2000 	/System/Library/PrivateFrameworks/Symbolication.framework/Versions/A/Symbolication
0x0000000035ee2000 	/System/Library/PrivateFrameworks/AppleFSCompression.framework/Versions/A/AppleFSCompression
0x0000000035ee2000 	/System/Library/PrivateFrameworks/SpeechRecognitionCore.framework/Versions/A/SpeechRecognitionCore
0x0000000035ee2000 	/System/Library/PrivateFrameworks/ChunkingLibrary.framework/Versions/A/ChunkingLibrary
0x000000004673d000 	/System/Library/CoreServices/Encodings/libCyrillicConverter.dylib
0x0000000101400000 	/Library/Internet Plug-Ins/JavaAppletPlugin.plugin/Contents/Home/lib/server/libjvm.dylib
0x0000000035ee2000 	/usr/lib/libstdc++.6.dylib
0x0000000100aa5000 	/Library/Internet Plug-Ins/JavaAppletPlugin.plugin/Contents/Home/lib/libverify.dylib
0x0000000100ab3000 	/Library/Internet Plug-Ins/JavaAppletPlugin.plugin/Contents/Home/lib/libjava.dylib
0x0000000100af2000 	/Library/Internet Plug-Ins/JavaAppletPlugin.plugin/Contents/Home/lib/libzip.dylib
0x0000000108be3000 	/System/Library/Frameworks/JavaVM.framework/Frameworks/JavaRuntimeSupport.framework/JavaRuntimeSupport
0x0000000108bfd000 	/System/Library/Frameworks/JavaVM.framework/Versions/A/Frameworks/JavaNativeFoundation.framework/Versions/A/JavaNativeFoundation
0x0000000108c12000 	/System/Library/Frameworks/JavaVM.framework/Versions/A/JavaVM
0x0000000035ee2000 	/System/Library/Frameworks/Carbon.framework/Versions/A/Carbon
0x0000000100bf4000 	/System/Library/PrivateFrameworks/JavaLaunching.framework/Versions/A/JavaLaunching
0x0000000035ee2000 	/System/Library/Frameworks/Carbon.framework/Versions/A/Frameworks/CommonPanels.framework/Versions/A/CommonPanels
0x0000000035ee2000 	/System/Library/Frameworks/Carbon.framework/Versions/A/Frameworks/Help.framework/Versions/A/Help
0x0000000035ee2000 	/System/Library/Frameworks/Carbon.framework/Versions/A/Frameworks/ImageCapture.framework/Versions/A/ImageCapture
0x0000000035ee2000 	/System/Library/Frameworks/Carbon.framework/Versions/A/Frameworks/OpenScripting.framework/Versions/A/OpenScripting
0x0000000035ee2000 	/System/Library/Frameworks/Carbon.framework/Versions/A/Frameworks/Print.framework/Versions/A/Print
0x0000000035ee2000 	/System/Library/Frameworks/Carbon.framework/Versions/A/Frameworks/SecurityHI.framework/Versions/A/SecurityHI
0x000000010a8d8000 	/Library/Internet Plug-Ins/JavaAppletPlugin.plugin/Contents/Home/lib/libosx.dylib
0x000000010a8e6000 	/Library/Internet Plug-Ins/JavaAppletPlugin.plugin/Contents/Home/lib/./libosxapp.dylib
0x0000000035ee2000 	/System/Library/Frameworks/ExceptionHandling.framework/Versions/A/ExceptionHandling
0x000000010a902000 	/private/var/folders/t3/r1mphbd94g9fnys5k2x48h840000gn/T/swtlib-64/libswt-cocoa-3557.jnilib
0x0000000035ee2000 	/System/Library/Frameworks/WebKit.framework/Versions/A/WebKit
0x0000000035ee2000 	/System/Library/Frameworks/WebKit.framework/Versions/A/Frameworks/WebKitLegacy.framework/Versions/A/WebKitLegacy
0x0000000035ee2000 	/System/Library/Frameworks/JavaScriptCore.framework/Versions/A/JavaScriptCore
0x0000000035ee2000 	/System/Library/Frameworks/WebKit.framework/Versions/A/Frameworks/WebCore.framework/Versions/A/WebCore
0x000000010a94f000 	/private/var/folders/t3/r1mphbd94g9fnys5k2x48h840000gn/T/swtlib-64/libswt-pi-cocoa-3557.jnilib
0x0000000035ee2000 	/System/Library/PrivateFrameworks/CoreServicesInternal.framework/Versions/A/CoreServicesInternal
0x0000000035ee2000 	/System/Library/Frameworks/Accelerate.framework/Versions/A/Frameworks/vImage.framework/Versions/A/Libraries/libCGInterfaces.dylib
0x0000000035ee2000 	/System/Library/Frameworks/ApplicationServices.framework/Versions/A/Frameworks/ATS.framework/Versions/A/Resources/libTrueTypeScaler.dylib
0x000000010c468000 	/System/Library/Frameworks/OpenGL.framework/Resources/GLEngine.bundle/GLEngine
0x0000000035ee2000 	/System/Library/Frameworks/OpenGL.framework/Versions/A/Libraries/libGLProgrammability.dylib
0x000000010c64d000 	/System/Library/Extensions/AppleIntelSKLGraphicsGLDriver.bundle/Contents/MacOS/AppleIntelSKLGraphicsGLDriver
0x0000000035ee2000 	/System/Library/PrivateFrameworks/GPUSupport.framework/Versions/A/Libraries/libGPUSupportMercury.dylib

VM Arguments:
java_command: /Users/viktor/Downloads/SoarTutorial_9.4.0-OSX/bin/Eaters_TankSoar.jar
java_class_path (initial): /Users/viktor/Downloads/SoarTutorial_9.4.0-OSX/bin/Eaters_TankSoar.jar
Launcher Type: SUN_STANDARD

Environment Variables:
PATH=/usr/bin:/bin:/usr/sbin:/sbin
SHELL=/bin/bash

Signal Handlers:
SIGSEGV: [libjvm.dylib+0x5b03ed], sa_mask[0]=11111111011111110111111111111111, sa_flags=SA_ONSTACK|SA_RESTART|SA_SIGINFO
SIGBUS: [libjvm.dylib+0x5b03ed], sa_mask[0]=11111111011111110111111111111111, sa_flags=SA_RESTART|SA_SIGINFO
SIGFPE: [libjvm.dylib+0x48711c], sa_mask[0]=11111111011111110111111111111111, sa_flags=SA_RESTART|SA_SIGINFO
SIGPIPE: [libjvm.dylib+0x48711c], sa_mask[0]=11111111011111110111111111111111, sa_flags=SA_RESTART|SA_SIGINFO
SIGXFSZ: [libjvm.dylib+0x48711c], sa_mask[0]=11111111011111110111111111111111, sa_flags=SA_RESTART|SA_SIGINFO
SIGILL: [libjvm.dylib+0x48711c], sa_mask[0]=11111111011111110111111111111111, sa_flags=SA_RESTART|SA_SIGINFO
SIGUSR1: SIG_DFL, sa_mask[0]=00000000000000000000000000000000, sa_flags=none
SIGUSR2: [libjvm.dylib+0x486c3a], sa_mask[0]=00000000000000000000000000000000, sa_flags=SA_RESTART|SA_SIGINFO
SIGHUP: [libjvm.dylib+0x485211], sa_mask[0]=11111111011111110111111111111111, sa_flags=SA_RESTART|SA_SIGINFO
SIGINT: [libjvm.dylib+0x485211], sa_mask[0]=11111111011111110111111111111111, sa_flags=SA_RESTART|SA_SIGINFO
SIGTERM: [libjvm.dylib+0x485211], sa_mask[0]=11111111011111110111111111111111, sa_flags=SA_RESTART|SA_SIGINFO
SIGQUIT: [libjvm.dylib+0x485211], sa_mask[0]=11111111011111110111111111111111, sa_flags=SA_RESTART|SA_SIGINFO


---------------  S Y S T E M  ---------------

OS:Bsduname:Darwin 16.5.0 Darwin Kernel Version 16.5.0: Fri Mar  3 16:52:33 PST 2017; root:xnu-3789.51.2~3/RELEASE_X86_64 x86_64
rlimit: STACK 8192k, CORE 0k, NPROC 709, NOFILE 10240, AS infinity
load average:2.51 2.50 2.77

CPU:total 4 (2 cores per cpu, 2 threads per core) family 6 model 78 stepping 3, cmov, cx8, fxsr, mmx, sse, sse2, sse3, ssse3, sse4.1, sse4.2, popcnt, avx, avx2, aes, clmul, erms, rtm, 3dnowpref, lzcnt, ht, tsc, tscinvbit, bmi1, bmi2, adx

Memory: 4k page, physical 8388608k(31236k free)

/proc/meminfo:


vm_info: Java HotSpot(TM) 64-Bit Server VM (25.111-b14) for bsd-amd64 JRE (1.8.0_111-b14), built on Sep 22 2016 15:31:41 by "java_re" with gcc 4.2.1 (Based on Apple Inc. build 5658) (LLVM build 2336.11.00)

time: Fri May 19 14:07:13 2017
elapsed time: 0 seconds (0d 0h 0m 0s)

